Title: Untitled
Space group symbol from file: P222
Space group number from file: 16
Space group from matrices: P 2 2 2 (No. 16)
Point group symbol from file: PG222
Number of batches: 1
Number of crystals: 2
Number of Miller indices: 9306
Resolution range: 22.2425 1.66201
History:
  From MOSFLM run on 11/ 9/12
Crystal 1:
  Name: HKL_base
  Project: HKL_base
  Id: 1
  Unit cell: (174.79, 179.1, 195.76, 90, 90, 90)
  Number of datasets: 1
  Dataset 1:
    Name: HKL_base
    Id: 0
    Wavelength: 0
    Number of columns: 18
    label        #valid  %valid     min       max type
    H              9306 100.00%    0.00     98.00 H: index h,k,l
    K              9306 100.00%    0.00    103.00 H: index h,k,l
    L              9306 100.00%    0.00     53.00 H: index h,k,l
    M_ISYM         9306 100.00%  257.00    264.00 Y: M/ISYM, packed partial/reject flag and symmetry number
    BATCH          9306 100.00%    1.00      1.00 B: BATCH number
    I              9306 100.00% -454.27 181136.70 J: intensity
    SIGI           9306 100.00%    0.70   3975.08 Q: standard deviation
    IPR            9306 100.00% -282.63 181284.00 J: intensity
    SIGIPR         9306 100.00%    0.70   3975.08 Q: standard deviation
    FRACTIONCALC   9306 100.00%    0.00      0.44 R: real
    XDET           9306 100.00%   12.09   3060.93 R: real
    YDET           9306 100.00%   13.58   3055.23 R: real
    ROT            9306 100.00%   -1.91      2.10 R: real
    WIDTH          9306 100.00%    0.17      4.95 R: real
    LP             9306 100.00%    0.00      0.69 R: real
    MPART          9306 100.00%  401.00  10055.00 I: integer
    FLAG           9306 100.00%    0.00      8.00 I: integer
    BGPKRATIOS     9306 100.00%    5.00     19.01 R: real
Crystal 2:
  Name: New
  Project: New
  Id: 2
  Unit cell: (174.79, 179.1, 195.76, 90, 90, 90)
  Number of datasets: 1
  Dataset 1:
    Name: New
    Id: 1
    Wavelength: 1.2276
    Number of columns: 0
