 A:    -89.10000   1366.70000    653.90000
B:   -161.00000    974.70000    763.90000
C:     93.00000    847.70000    558.90000
D:    186.50000   1226.70000    457.40000
1366.7 847.7
marumeta size(Y): 519
SHOU/AMARI= 17 9
number of Y lines= 17
847.7 1366.7
Y code: 1336.7
Vector AD and AB
partial: 0.0765306122449
partial: -2.85039370079
partial: 1.29023746702
partial: 0.785714285714
Y code: 1306.7
Vector AD and AB
partial: 0.15306122449
partial: -2.61417322835
partial: 1.2110817942
partial: 0.571428571429
Y code: 1276.7
Vector AD and AB
partial: 0.229591836735
partial: -2.37795275591
partial: 1.13192612137
partial: 0.357142857143
Y code: 1246.7
Vector AD and AB
partial: 0.30612244898
partial: -2.14173228346
partial: 1.05277044855
partial: 0.142857142857
Y code: 1216.7
Vector AD and AB
partial: 0.382653061224
partial: -1.90551181102
partial: 0.973614775726
partial: -0.0714285714286
Y code: 1186.7
Vector AD and AB
partial: 0.459183673469
partial: -1.66929133858
partial: 0.894459102902
partial: -0.285714285714
Y code: 1156.7
Vector AD and AB
partial: 0.535714285714
partial: -1.43307086614
partial: 0.815303430079
partial: -0.5
Y code: 1126.7
Vector AD and AB
partial: 0.612244897959
partial: -1.1968503937
partial: 0.736147757256
partial: -0.714285714286
Y code: 1096.7
Vector AD and AB
partial: 0.688775510204
partial: -0.96062992126
partial: 0.656992084433
partial: -0.928571428571
Y code: 1066.7
Vector AD and AB
partial: 0.765306122449
partial: -0.724409448819
partial: 0.577836411609
partial: -1.14285714286
Y code: 1036.7
Vector AD and AB
partial: 0.841836734694
partial: -0.488188976378
partial: 0.498680738786
partial: -1.35714285714
Y code: 1006.7
Vector AD and AB
partial: 0.918367346939
partial: -0.251968503937
partial: 0.419525065963
partial: -1.57142857143
Y code: 976.7
Vector AD and AB
partial: 0.994897959184
partial: -0.0157480314961
partial: 0.34036939314
partial: -1.78571428571
Y code: 946.7
Vector AD and AB
partial: 1.07142857143
partial: 0.220472440945
partial: 0.261213720317
partial: -2.0
Y code: 916.7
Vector AD and AB
partial: 1.14795918367
partial: 0.456692913386
partial: 0.182058047493
partial: -2.21428571429
Y code: 886.7
Vector AD and AB
partial: 1.22448979592
partial: 0.692913385827
partial: 0.10290237467
partial: -2.42857142857
Y code: 856.7
Vector AD and AB
partial: 1.30102040816
partial: 0.929133858268
partial: 0.023746701847
partial: -2.64285714286
-10.0
l,l_int 39.744872608 39
1
[ 64.55969388   0.         -50.5255102 ]
CROSS:    -30.04286   1336.70000    611.79286
-9.9
l,l_int 79.7399099872 79
2
[ 64.55969388   0.         -50.5255102 ]
CROSS:    -35.54541   1306.70000    620.21122
CROSS:     29.01429   1306.70000    569.68571
-9.7
l,l_int 120.359265095 120
3
[ 64.55969388   0.         -50.5255102 ]
CROSS:    -41.04796   1276.70000    628.62959
CROSS:     23.51173   1276.70000    578.10408
CROSS:     88.07143   1276.70000    527.57857
-9.4
l,l_int 161.974150209 161
5
[ 51.6477551    0.         -40.42040816]
CROSS:    -59.46245   1246.70000    647.15306
CROSS:     -7.81469   1246.70000    606.73265
CROSS:     43.83306   1246.70000    566.31224
CROSS:     95.48082   1246.70000    525.89184
CROSS:    147.12857   1246.70000    485.47143
-8.9
l,l_int 191.655298999 191
6
[ 50.10762277   0.         -39.31895608]
CROSS:    -66.50513   1216.70000    656.67288
CROSS:    -16.39751   1216.70000    617.35392
CROSS:     33.71011   1216.70000    578.03497
CROSS:     83.81774   1216.70000    538.71601
CROSS:    133.92536   1216.70000    499.39706
CROSS:    184.03298   1216.70000    460.07810
-8.3
l,l_int 194.466970571 194
6
[ 49.79120537   0.         -39.38296717]
CROSS:    -72.32410   1186.70000    665.02724
CROSS:    -22.53290   1186.70000    625.64427
CROSS:     27.25831   1186.70000    586.26130
CROSS:     77.04952   1186.70000    546.87834
CROSS:    126.84072   1186.70000    507.49537
CROSS:    176.63193   1186.70000    468.11240
-7.7
l,l_int 197.237724358 197
6
[ 49.47478798   0.         -39.44697826]
CROSS:    -78.14307   1156.70000    673.38159
CROSS:    -28.66828   1156.70000    633.93461
CROSS:     20.80651   1156.70000    594.48764
CROSS:     70.28129   1156.70000    555.04066
CROSS:    119.75608   1156.70000    515.59368
CROSS:    169.23087   1156.70000    476.14670
-7.1
l,l_int 199.967582134 199
6
[ 49.15837058   0.         -39.51098936]
CROSS:    -83.96204   1126.70000    681.73595
CROSS:    -34.80367   1126.70000    642.22496
CROSS:     14.35470   1126.70000    602.71397
CROSS:     63.51307   1126.70000    563.20298
CROSS:    112.67144   1126.70000    523.69199
CROSS:    161.82982   1126.70000    484.18100
-6.5
l,l_int 202.656573245 202
6
[ 48.84195318   0.         -39.57500045]
CROSS:    -89.78101   1096.70000    690.09031
CROSS:    -40.93905   1096.70000    650.51531
CROSS:      7.90290   1096.70000    610.94030
CROSS:     56.74485   1096.70000    571.36530
CROSS:    105.58681   1096.70000    531.79030
CROSS:    154.42876   1096.70000    492.21530
-5.9
l,l_int 205.304734534 205
6
[ 48.52553578   0.         -39.63901154]
CROSS:    -95.59997   1066.70000    698.44466
CROSS:    -47.07444   1066.70000    658.80565
CROSS:      1.45110   1066.70000    619.16664
CROSS:     49.97663   1066.70000    579.52763
CROSS:     98.50217   1066.70000    539.88862
CROSS:    147.02770   1066.70000    500.24960
-5.3
l,l_int 207.912110278 207
6
[ 48.20911838   0.         -39.70302263]
CROSS:   -101.41894   1036.70000    706.79902
CROSS:    -53.20982   1036.70000    667.09600
CROSS:     -5.00071   1036.70000    627.39297
CROSS:     43.20841   1036.70000    587.68995
CROSS:     91.41753   1036.70000    547.98693
CROSS:    139.62665   1036.70000    508.28391
-4.7
l,l_int 210.478752112 210
6
[ 47.89270099   0.         -39.76703373]
CROSS:   -107.23791   1006.70000    715.15337
CROSS:    -59.34521   1006.70000    675.38634
CROSS:    -11.45251   1006.70000    635.61931
CROSS:     36.44019   1006.70000    595.85227
CROSS:     84.33289   1006.70000    556.08524
CROSS:    132.22559   1006.70000    516.31821
-4.1
l,l_int 213.004718958 213
7
[ 40.77967165   0.         -34.14089556]
CROSS:   -119.85349    976.70000    729.19788
CROSS:    -79.07382    976.70000    695.05698
CROSS:    -38.29415    976.70000    660.91609
CROSS:      2.48552    976.70000    626.77519
CROSS:     43.26519    976.70000    592.63430
CROSS:     84.04487    976.70000    558.49340
CROSS:    124.82454    976.70000    524.35251
-3.4
l,l_int 168.90193913 168
5
[ 44.48469657   0.         -37.26326844]
CROSS:    -60.51530    946.70000    681.43988
CROSS:    -16.03061    946.70000    644.17661
CROSS:     28.45409    946.70000    606.91334
CROSS:     72.93879    946.70000    569.65008
CROSS:    117.42348    946.70000    532.38681
-2.9
l,l_int 119.149945604 119
3
[ 51.67414248   0.         -43.28561486]
CROSS:      6.67414    916.70000    626.99234
CROSS:     58.34828    916.70000    583.70672
CROSS:    110.02243    916.70000    540.42111
-2.6
l,l_int 67.8282599457 67
2
[ 43.81068602   0.         -36.69867347]
CROSS:     58.81069    886.70000    585.15408
CROSS:    102.62137    886.70000    548.45541
-2.4
l,l_int 15.7266892363 15
76
