 A:    -89.10000   1366.70000    653.90000
B:   -161.00000    974.70000    763.90000
C:     93.00000    847.70000    558.90000
D:    186.50000   1226.70000    457.40000
1366.7 847.7
marumeta size(Y): 519
SHOU/AMARI= 17 9
number of Y lines= 17
847.7 1366.7
Y code: 1336.7
Vector AD and AB
partial: 0.0765306122449
partial: -2.85039370079
partial: 1.29023746702
partial: 0.785714285714
Y code: 1306.7
Vector AD and AB
partial: 0.15306122449
partial: -2.61417322835
partial: 1.2110817942
partial: 0.571428571429
Y code: 1276.7
Vector AD and AB
partial: 0.229591836735
partial: -2.37795275591
partial: 1.13192612137
partial: 0.357142857143
Y code: 1246.7
Vector AD and AB
partial: 0.30612244898
partial: -2.14173228346
partial: 1.05277044855
partial: 0.142857142857
Y code: 1216.7
Vector AD and AB
partial: 0.382653061224
partial: -1.90551181102
partial: 0.973614775726
partial: -0.0714285714286
Y code: 1186.7
Vector AD and AB
partial: 0.459183673469
partial: -1.66929133858
partial: 0.894459102902
partial: -0.285714285714
Y code: 1156.7
Vector AD and AB
partial: 0.535714285714
partial: -1.43307086614
partial: 0.815303430079
partial: -0.5
Y code: 1126.7
Vector AD and AB
partial: 0.612244897959
partial: -1.1968503937
partial: 0.736147757256
partial: -0.714285714286
Y code: 1096.7
Vector AD and AB
partial: 0.688775510204
partial: -0.96062992126
partial: 0.656992084433
partial: -0.928571428571
Y code: 1066.7
Vector AD and AB
partial: 0.765306122449
partial: -0.724409448819
partial: 0.577836411609
partial: -1.14285714286
Y code: 1036.7
Vector AD and AB
partial: 0.841836734694
partial: -0.488188976378
partial: 0.498680738786
partial: -1.35714285714
Y code: 1006.7
Vector AD and AB
partial: 0.918367346939
partial: -0.251968503937
partial: 0.419525065963
partial: -1.57142857143
Y code: 976.7
Vector AD and AB
partial: 0.994897959184
partial: -0.0157480314961
partial: 0.34036939314
partial: -1.78571428571
Y code: 946.7
Vector AD and AB
partial: 1.07142857143
partial: 0.220472440945
partial: 0.261213720317
partial: -2.0
Y code: 916.7
Vector AD and AB
partial: 1.14795918367
partial: 0.456692913386
partial: 0.182058047493
partial: -2.21428571429
Y code: 886.7
Vector AD and AB
partial: 1.22448979592
partial: 0.692913385827
partial: 0.10290237467
partial: -2.42857142857
Y code: 856.7
Vector AD and AB
partial: 1.30102040816
partial: 0.929133858268
partial: 0.023746701847
partial: -2.64285714286
47.2
l,l_int 81.800134711 81
2
[ 32.27984694   0.         -25.2627551 ]
CROSS:    -62.32270   1336.70000    637.05561
CROSS:    -30.04286   1336.70000    611.79286
47.4
l,l_int 163.637203241 163
5
[ 25.82387755   0.         -20.21020408]
CROSS:    -74.28122   1306.70000    650.52653
CROSS:    -48.45735   1306.70000    630.31633
CROSS:    -22.63347   1306.70000    610.10612
CROSS:      3.19041   1306.70000    589.89592
CROSS:     29.01429   1306.70000    569.68571
47.9
l,l_int 245.58122054 245
8
[ 24.2098852    0.         -18.94706633]
CROSS:    -81.39777   1276.70000    660.20804
CROSS:    -57.18788   1276.70000    641.26097
CROSS:    -32.97800   1276.70000    622.31390
CROSS:     -8.76811   1276.70000    603.36684
CROSS:     15.44177   1276.70000    584.41977
CROSS:     39.65166   1276.70000    565.47270
CROSS:     63.86154   1276.70000    546.52564
CROSS:     88.07143   1276.70000    527.57857
48.7
l,l_int 327.657309476 327
10
[ 25.82387755   0.         -20.21020408]
CROSS:    -85.28633   1246.70000    667.36327
CROSS:    -59.46245   1246.70000    647.15306
CROSS:    -33.63857   1246.70000    626.94286
CROSS:     -7.81469   1246.70000    606.73265
CROSS:     18.00918   1246.70000    586.52245
CROSS:     43.83306   1246.70000    566.31224
CROSS:     69.65694   1246.70000    546.10204
CROSS:     95.48082   1246.70000    525.89184
CROSS:    121.30469   1246.70000    505.68163
CROSS:    147.12857   1246.70000    485.47143
49.7
l,l_int 382.057560317 382
12
[ 25.05381139   0.         -19.65947804]
CROSS:    -91.55894   1216.70000    676.33236
CROSS:    -66.50513   1216.70000    656.67288
CROSS:    -41.45132   1216.70000    637.01340
CROSS:    -16.39751   1216.70000    617.35392
CROSS:      8.65630   1216.70000    597.69445
CROSS:     33.71011   1216.70000    578.03497
CROSS:     58.76392   1216.70000    558.37549
CROSS:     83.81774   1216.70000    538.71601
CROSS:    108.87155   1216.70000    519.05653
CROSS:    133.92536   1216.70000    499.39706
CROSS:    158.97917   1216.70000    479.73758
CROSS:    184.03298   1216.70000    460.07810
50.9
l,l_int 380.901717678 380
12
[ 24.89560269   0.         -19.69148359]
CROSS:    -97.21970   1186.70000    684.71872
CROSS:    -72.32410   1186.70000    665.02724
CROSS:    -47.42850   1186.70000    645.33575
CROSS:    -22.53290   1186.70000    625.64427
CROSS:      2.36271   1186.70000    605.95279
CROSS:     27.25831   1186.70000    586.26130
CROSS:     52.15391   1186.70000    566.56982
CROSS:     77.04952   1186.70000    546.87834
CROSS:    101.94512   1186.70000    527.18685
CROSS:    126.84072   1186.70000    507.49537
CROSS:    151.73632   1186.70000    487.80388
CROSS:    176.63193   1186.70000    468.11240
52.1
l,l_int 379.584449015 379
12
[ 24.73739399   0.         -19.72348913]
CROSS:   -102.88046   1156.70000    693.10508
CROSS:    -78.14307   1156.70000    673.38159
CROSS:    -53.40568   1156.70000    653.65810
CROSS:    -28.66828   1156.70000    633.93461
CROSS:     -3.93089   1156.70000    614.21113
CROSS:     20.80651   1156.70000    594.48764
CROSS:     45.54390   1156.70000    574.76415
CROSS:     70.28129   1156.70000    555.04066
CROSS:     95.01869   1156.70000    535.31717
CROSS:    119.75608   1156.70000    515.59368
CROSS:    144.49348   1156.70000    495.87019
CROSS:    169.23087   1156.70000    476.14670
53.3
l,l_int 378.107480371 378
12
[ 24.57918529   0.         -19.75549468]
CROSS:   -108.54122   1126.70000    701.49144
CROSS:    -83.96204   1126.70000    681.73595
CROSS:    -59.38285   1126.70000    661.98045
CROSS:    -34.80367   1126.70000    642.22496
CROSS:    -10.22448   1126.70000    622.46947
CROSS:     14.35470   1126.70000    602.71397
CROSS:     38.93389   1126.70000    582.95848
CROSS:     63.51307   1126.70000    563.20298
CROSS:     88.09226   1126.70000    543.44749
CROSS:    112.67144   1126.70000    523.69199
CROSS:    137.25063   1126.70000    503.93650
CROSS:    161.82982   1126.70000    484.18100
54.5
l,l_int 376.472595071 376
12
[ 24.42097659   0.         -19.78750022]
CROSS:   -114.20198   1096.70000    709.87781
CROSS:    -89.78101   1096.70000    690.09031
CROSS:    -65.36003   1096.70000    670.30281
CROSS:    -40.93905   1096.70000    650.51531
CROSS:    -16.51808   1096.70000    630.72781
CROSS:      7.90290   1096.70000    610.94030
CROSS:     32.32388   1096.70000    591.15280
CROSS:     56.74485   1096.70000    571.36530
CROSS:     81.16583   1096.70000    551.57780
CROSS:    105.58681   1096.70000    531.79030
CROSS:    130.00778   1096.70000    512.00280
CROSS:    154.42876   1096.70000    492.21530
55.7
l,l_int 374.68163225 374
12
[ 24.26276789   0.         -19.81950577]
CROSS:   -119.86274   1066.70000    718.26417
CROSS:    -95.59997   1066.70000    698.44466
CROSS:    -71.33721   1066.70000    678.62516
CROSS:    -47.07444   1066.70000    658.80565
CROSS:    -22.81167   1066.70000    638.98614
CROSS:      1.45110   1066.70000    619.16664
CROSS:     25.71387   1066.70000    599.34713
CROSS:     49.97663   1066.70000    579.52763
CROSS:     74.23940   1066.70000    559.70812
CROSS:     98.50217   1066.70000    539.88862
CROSS:    122.76494   1066.70000    520.06911
CROSS:    147.02770   1066.70000    500.24960
56.9
l,l_int 372.736485356 372
12
[ 24.10455919   0.         -19.85151132]
CROSS:   -125.52350   1036.70000    726.65053
CROSS:   -101.41894   1036.70000    706.79902
CROSS:    -77.31438   1036.70000    686.94751
CROSS:    -53.20982   1036.70000    667.09600
CROSS:    -29.10527   1036.70000    647.24448
CROSS:     -5.00071   1036.70000    627.39297
CROSS:     19.10385   1036.70000    607.54146
CROSS:     43.20841   1036.70000    587.68995
CROSS:     67.31297   1036.70000    567.83844
CROSS:     91.41753   1036.70000    547.98693
CROSS:    115.52209   1036.70000    528.13542
CROSS:    139.62665   1036.70000    508.28391
58.1
l,l_int 370.639100643 370
12
[ 23.94635049   0.         -19.88351686]
CROSS:   -131.18426   1006.70000    735.03689
CROSS:   -107.23791   1006.70000    715.15337
CROSS:    -83.29156   1006.70000    695.26986
CROSS:    -59.34521   1006.70000    675.38634
CROSS:    -35.39886   1006.70000    655.50282
CROSS:    -11.45251   1006.70000    635.61931
CROSS:     12.49384   1006.70000    615.73579
CROSS:     36.44019   1006.70000    595.85227
CROSS:     60.38654   1006.70000    575.96876
CROSS:     84.33289   1006.70000    556.08524
CROSS:    108.27924   1006.70000    536.20172
CROSS:    132.22559   1006.70000    516.31821
59.3
l,l_int 368.391475645 368
12
[ 23.78814179   0.         -19.91552241]
CROSS:   -136.84502    976.70000    743.42325
CROSS:   -113.05688    976.70000    723.50773
CROSS:    -89.26874    976.70000    703.59221
CROSS:    -65.48060    976.70000    683.67669
CROSS:    -41.69245    976.70000    663.76116
CROSS:    -17.90431    976.70000    643.84564
CROSS:      5.88383    976.70000    623.93012
CROSS:     29.67197    976.70000    604.01460
CROSS:     53.46011    976.70000    584.09907
CROSS:     77.24825    976.70000    564.18355
CROSS:    101.03640    976.70000    544.26803
CROSS:    124.82454    976.70000    524.35251
60.5
l,l_int 286.169004103 286
9
[ 24.71372032   0.         -20.7018158 ]
CROSS:    -80.28628    946.70000    698.00133
CROSS:    -55.57256    946.70000    677.29952
CROSS:    -30.85884    946.70000    656.59770
CROSS:     -6.14512    946.70000    635.89589
CROSS:     18.56860    946.70000    615.19407
CROSS:     43.28232    946.70000    594.49225
CROSS:     67.99604    946.70000    573.79044
CROSS:     92.70976    946.70000    553.08862
CROSS:    117.42348    946.70000    532.38681
61.4
l,l_int 198.902260312 198
6
[ 25.83707124   0.         -21.64280743]
CROSS:    -19.16293    916.70000    648.63515
CROSS:      6.67414    916.70000    626.99234
CROSS:     32.51121    916.70000    605.34953
CROSS:     58.34828    916.70000    583.70672
CROSS:     84.18536    916.70000    562.06392
CROSS:    110.02243    916.70000    540.42111
62.0
l,l_int 112.200783075 112
3
[ 29.20712401   0.         -24.46578231]
CROSS:     44.20712    886.70000    597.38697
CROSS:     73.41425    886.70000    572.92119
CROSS:    102.62137    886.70000    548.45541
62.3
l,l_int 25.8657809211 25
151
