 A:    -89.10000   1366.70000    653.90000
B:   -161.00000    974.70000    763.90000
C:     93.00000    847.70000    558.90000
D:    186.50000   1226.70000    457.40000
1366.7 847.7
marumeta size(Y): 519
SHOU/AMARI= 17 9
number of Y lines= 17
847.7 1366.7
Y code: 1336.7
Vector AD and AB
partial: 0.0765306122449
partial: -2.85039370079
partial: 1.29023746702
partial: 0.785714285714
Y code: 1306.7
Vector AD and AB
partial: 0.15306122449
partial: -2.61417322835
partial: 1.2110817942
partial: 0.571428571429
Y code: 1276.7
Vector AD and AB
partial: 0.229591836735
partial: -2.37795275591
partial: 1.13192612137
partial: 0.357142857143
Y code: 1246.7
Vector AD and AB
partial: 0.30612244898
partial: -2.14173228346
partial: 1.05277044855
partial: 0.142857142857
Y code: 1216.7
Vector AD and AB
partial: 0.382653061224
partial: -1.90551181102
partial: 0.973614775726
partial: -0.0714285714286
Y code: 1186.7
Vector AD and AB
partial: 0.459183673469
partial: -1.66929133858
partial: 0.894459102902
partial: -0.285714285714
Y code: 1156.7
Vector AD and AB
partial: 0.535714285714
partial: -1.43307086614
partial: 0.815303430079
partial: -0.5
Y code: 1126.7
Vector AD and AB
partial: 0.612244897959
partial: -1.1968503937
partial: 0.736147757256
partial: -0.714285714286
Y code: 1096.7
Vector AD and AB
partial: 0.688775510204
partial: -0.96062992126
partial: 0.656992084433
partial: -0.928571428571
Y code: 1066.7
Vector AD and AB
partial: 0.765306122449
partial: -0.724409448819
partial: 0.577836411609
partial: -1.14285714286
Y code: 1036.7
Vector AD and AB
partial: 0.841836734694
partial: -0.488188976378
partial: 0.498680738786
partial: -1.35714285714
Y code: 1006.7
Vector AD and AB
partial: 0.918367346939
partial: -0.251968503937
partial: 0.419525065963
partial: -1.57142857143
Y code: 976.7
Vector AD and AB
partial: 0.994897959184
partial: -0.0157480314961
partial: 0.34036939314
partial: -1.78571428571
Y code: 946.7
Vector AD and AB
partial: 1.07142857143
partial: 0.220472440945
partial: 0.261213720317
partial: -2.0
Y code: 916.7
Vector AD and AB
partial: 1.14795918367
partial: 0.456692913386
partial: 0.182058047493
partial: -2.21428571429
Y code: 886.7
Vector AD and AB
partial: 1.22448979592
partial: 0.692913385827
partial: 0.10290237467
partial: -2.42857142857
Y code: 856.7
Vector AD and AB
partial: 1.30102040816
partial: 0.929133858268
partial: 0.023746701847
partial: -2.64285714286
121.1
l,l_int 27.9044418605 27
121.1
l,l_int 55.808883721 55
1
[ 129.11938776    0.         -101.05102041]
CROSS:     29.01429   1306.70000    569.68571
121.2
l,l_int 83.3095812794 83
2
[ 96.83954082   0.         -75.78826531]
CROSS:     -8.76811   1276.70000    603.36684
CROSS:     88.07143   1276.70000    527.57857
121.4
l,l_int 110.001776773 110
3
[ 86.07959184   0.         -67.36734694]
CROSS:    -25.03061   1246.70000    620.20612
CROSS:     61.04898   1246.70000    552.83878
CROSS:    147.12857   1246.70000    485.47143
121.7
l,l_int 126.30803304 126
4
[ 75.16143416   0.         -58.97843412]
CROSS:    -41.45132   1216.70000    637.01340
CROSS:     33.71011   1216.70000    578.03497
CROSS:    108.87155   1216.70000    519.05653
CROSS:    184.03298   1216.70000    460.07810
122.1
l,l_int 123.380888897 123
4
[ 74.68680806   0.         -59.07445076]
CROSS:    -47.42850   1186.70000    645.33575
CROSS:     27.25831   1186.70000    586.26130
CROSS:    101.94512   1186.70000    527.18685
CROSS:    176.63193   1186.70000    468.11240
122.5
l,l_int 120.466113616 120
3
[ 98.94957595   0.         -78.89395653]
CROSS:    -28.66828   1156.70000    633.93461
CROSS:     70.28129   1156.70000    555.04066
CROSS:    169.23087   1156.70000    476.14670
122.8
l,l_int 118.191384627 118
3
[ 98.31674116   0.         -79.02197871]
CROSS:    -34.80367   1126.70000    642.22496
CROSS:     63.51307   1126.70000    563.20298
CROSS:    161.82982   1126.70000    484.18100
123.1
l,l_int 115.927571805 115
3
[ 97.68390636   0.         -79.1500009 ]
CROSS:    -40.93905   1096.70000    650.51531
CROSS:     56.74485   1096.70000    571.36530
CROSS:    154.42876   1096.70000    492.21530
123.4
l,l_int 113.674688215 113
3
[ 97.05107156   0.         -79.27802308]
CROSS:    -47.07444   1066.70000    658.80565
CROSS:     49.97663   1066.70000    579.52763
CROSS:    147.02770   1066.70000    500.24960
123.7
l,l_int 111.432745026 111
3
[ 96.41823677   0.         -79.40604527]
CROSS:    -53.20982   1036.70000    667.09600
CROSS:     43.20841   1036.70000    587.68995
CROSS:    139.62665   1036.70000    508.28391
124.0
l,l_int 109.201751505 109
3
[ 95.78540197   0.         -79.53406745]
CROSS:    -59.34521   1006.70000    675.38634
CROSS:     36.44019   1006.70000    595.85227
CROSS:    132.22559   1006.70000    516.31821
124.3
l,l_int 106.981714998 106
3
[ 95.15256717   0.         -79.66208964]
CROSS:    -65.48060    976.70000    683.67669
CROSS:     29.67197    976.70000    604.01460
CROSS:    124.82454    976.70000    524.35251
124.6
l,l_int 81.920868961 81
2
[ 111.21174142    0.          -93.15817111]
CROSS:      6.21174    946.70000    625.54498
CROSS:    117.42348    946.70000    532.38681
124.8
l,l_int 56.4188401603 56
1
[ 155.02242744    0.         -129.85684458]
CROSS:    110.02243    916.70000    540.42111
124.9
l,l_int 31.6972897485 31
1
[ 87.62137203   0.         -73.39734693]
CROSS:    102.62137    886.70000    548.45541
125.0
l,l_int 7.27051691212 7
39
