 A:    -89.10000   1366.70000    653.90000
B:   -161.00000    974.70000    763.90000
C:     93.00000    847.70000    558.90000
D:    186.50000   1226.70000    457.40000
1366.7 847.7
marumeta size(Y): 519
SHOU/AMARI= 17 9
number of Y lines= 17
847.7 1366.7
Y code: 1336.7
Vector AD and AB
partial: 0.0765306122449
partial: -2.85039370079
partial: 1.29023746702
partial: 0.785714285714
Y code: 1306.7
Vector AD and AB
partial: 0.15306122449
partial: -2.61417322835
partial: 1.2110817942
partial: 0.571428571429
Y code: 1276.7
Vector AD and AB
partial: 0.229591836735
partial: -2.37795275591
partial: 1.13192612137
partial: 0.357142857143
Y code: 1246.7
Vector AD and AB
partial: 0.30612244898
partial: -2.14173228346
partial: 1.05277044855
partial: 0.142857142857
Y code: 1216.7
Vector AD and AB
partial: 0.382653061224
partial: -1.90551181102
partial: 0.973614775726
partial: -0.0714285714286
Y code: 1186.7
Vector AD and AB
partial: 0.459183673469
partial: -1.66929133858
partial: 0.894459102902
partial: -0.285714285714
Y code: 1156.7
Vector AD and AB
partial: 0.535714285714
partial: -1.43307086614
partial: 0.815303430079
partial: -0.5
Y code: 1126.7
Vector AD and AB
partial: 0.612244897959
partial: -1.1968503937
partial: 0.736147757256
partial: -0.714285714286
Y code: 1096.7
Vector AD and AB
partial: 0.688775510204
partial: -0.96062992126
partial: 0.656992084433
partial: -0.928571428571
Y code: 1066.7
Vector AD and AB
partial: 0.765306122449
partial: -0.724409448819
partial: 0.577836411609
partial: -1.14285714286
Y code: 1036.7
Vector AD and AB
partial: 0.841836734694
partial: -0.488188976378
partial: 0.498680738786
partial: -1.35714285714
Y code: 1006.7
Vector AD and AB
partial: 0.918367346939
partial: -0.251968503937
partial: 0.419525065963
partial: -1.57142857143
Y code: 976.7
Vector AD and AB
partial: 0.994897959184
partial: -0.0157480314961
partial: 0.34036939314
partial: -1.78571428571
Y code: 946.7
Vector AD and AB
partial: 1.07142857143
partial: 0.220472440945
partial: 0.261213720317
partial: -2.0
Y code: 916.7
Vector AD and AB
partial: 1.14795918367
partial: 0.456692913386
partial: 0.182058047493
partial: -2.21428571429
Y code: 886.7
Vector AD and AB
partial: 1.22448979592
partial: 0.692913385827
partial: 0.10290237467
partial: -2.42857142857
Y code: 856.7
Vector AD and AB
partial: 1.30102040816
partial: 0.929133858268
partial: 0.023746701847
partial: -2.64285714286
108.9
l,l_int 43.5642527809 43
1
[ 64.55969388   0.         -50.5255102 ]
CROSS:    -30.04286   1336.70000    611.79286
109.0
l,l_int 86.8859559296 86
2
[ 64.55969388   0.         -50.5255102 ]
CROSS:    -35.54541   1306.70000    620.21122
CROSS:     29.01429   1306.70000    569.68571
109.2
l,l_int 129.600095094 129
4
[ 48.41977041   0.         -37.89413265]
CROSS:    -57.18788   1276.70000    641.26097
CROSS:     -8.76811   1276.70000    603.36684
CROSS:     39.65166   1276.70000    565.47270
CROSS:     88.07143   1276.70000    527.57857
109.6
l,l_int 170.850251977 170
5
[ 51.6477551    0.         -40.42040816]
CROSS:    -59.46245   1246.70000    647.15306
CROSS:     -7.81469   1246.70000    606.73265
CROSS:     43.83306   1246.70000    566.31224
CROSS:     95.48082   1246.70000    525.89184
CROSS:    147.12857   1246.70000    485.47143
110.1
l,l_int 196.252831533 196
6
[ 50.10762277   0.         -39.31895608]
CROSS:    -66.50513   1216.70000    656.67288
CROSS:    -16.39751   1216.70000    617.35392
CROSS:     33.71011   1216.70000    578.03497
CROSS:     83.81774   1216.70000    538.71601
CROSS:    133.92536   1216.70000    499.39706
CROSS:    184.03298   1216.70000    460.07810
110.7
l,l_int 192.175731227 192
6
[ 49.79120537   0.         -39.38296717]
CROSS:    -72.32410   1186.70000    665.02724
CROSS:    -22.53290   1186.70000    625.64427
CROSS:     27.25831   1186.70000    586.26130
CROSS:     77.04952   1186.70000    546.87834
CROSS:    126.84072   1186.70000    507.49537
CROSS:    176.63193   1186.70000    468.11240
111.3
l,l_int 188.103070783 188
6
[ 49.47478798   0.         -39.44697826]
CROSS:    -78.14307   1156.70000    673.38159
CROSS:    -28.66828   1156.70000    633.93461
CROSS:     20.80651   1156.70000    594.48764
CROSS:     70.28129   1156.70000    555.04066
CROSS:    119.75608   1156.70000    515.59368
CROSS:    169.23087   1156.70000    476.14670
111.9
l,l_int 184.035305048 184
6
[ 49.15837058   0.         -39.51098936]
CROSS:    -83.96204   1126.70000    681.73595
CROSS:    -34.80367   1126.70000    642.22496
CROSS:     14.35470   1126.70000    602.71397
CROSS:     63.51307   1126.70000    563.20298
CROSS:    112.67144   1126.70000    523.69199
CROSS:    161.82982   1126.70000    484.18100
112.5
l,l_int 179.97288244 179
5
[ 58.61034382   0.         -47.49000054]
CROSS:    -80.01262   1096.70000    682.17531
CROSS:    -21.40227   1096.70000    634.68531
CROSS:     37.20807   1096.70000    587.19530
CROSS:     95.81842   1096.70000    539.70530
CROSS:    154.42876   1096.70000    492.21530
113.0
l,l_int 176.495858741 176
5
[ 58.23064294   0.         -47.56681385]
CROSS:    -85.89487   1066.70000    690.51686
CROSS:    -27.66422   1066.70000    642.95005
CROSS:     30.56642   1066.70000    595.38323
CROSS:     88.79706   1066.70000    547.81642
CROSS:    147.02770   1066.70000    500.24960
113.5
l,l_int 173.027111468 173
5
[ 57.85094206   0.         -47.64362716]
CROSS:    -91.77712   1036.70000    698.85841
CROSS:    -33.92618   1036.70000    651.21479
CROSS:     23.92476   1036.70000    603.57116
CROSS:     81.77571   1036.70000    555.92753
CROSS:    139.62665   1036.70000    508.28391
114.0
l,l_int 169.566879892 169
5
[ 57.47124118   0.         -47.72044047]
CROSS:    -97.65937   1006.70000    707.19997
CROSS:    -40.18813   1006.70000    659.47953
CROSS:     17.28311   1006.70000    611.75909
CROSS:     74.75435   1006.70000    564.03865
CROSS:    132.22559   1006.70000    516.31821
114.5
l,l_int 166.115398524 166
5
[ 57.0915403    0.         -47.79725378]
CROSS:   -103.54162    976.70000    715.54152
CROSS:    -46.45008    976.70000    667.74427
CROSS:     10.64146    976.70000    619.94701
CROSS:     67.73300    976.70000    572.14976
CROSS:    124.82454    976.70000    524.35251
115.0
l,l_int 127.192604565 127
4
[ 55.60587071   0.         -46.57908555]
CROSS:    -49.39413    946.70000    672.12406
CROSS:      6.21174    946.70000    625.54498
CROSS:     61.81761    946.70000    578.96589
CROSS:    117.42348    946.70000    532.38681
115.4
l,l_int 87.378329522 87
2
[ 77.51121372   0.         -64.92842229]
CROSS:     32.51121    916.70000    605.34953
CROSS:    110.02243    916.70000    540.42111
115.6
l,l_int 49.027633574 49
1
[ 87.62137203   0.         -73.39734693]
CROSS:    102.62137    886.70000    548.45541
115.7
l,l_int 11.2724654613 11
68
