 A:    -89.10000   1366.70000    653.90000
B:   -161.00000    974.70000    763.90000
C:     93.00000    847.70000    558.90000
D:    186.50000   1226.70000    457.40000
1366.7 847.7
marumeta size(Y): 519
SHOU/AMARI= 17 9
number of Y lines= 17
847.7 1366.7
Y code: 1336.7
Vector AD and AB
partial: 0.0765306122449
partial: -2.85039370079
partial: 1.29023746702
partial: 0.785714285714
Y code: 1306.7
Vector AD and AB
partial: 0.15306122449
partial: -2.61417322835
partial: 1.2110817942
partial: 0.571428571429
Y code: 1276.7
Vector AD and AB
partial: 0.229591836735
partial: -2.37795275591
partial: 1.13192612137
partial: 0.357142857143
Y code: 1246.7
Vector AD and AB
partial: 0.30612244898
partial: -2.14173228346
partial: 1.05277044855
partial: 0.142857142857
Y code: 1216.7
Vector AD and AB
partial: 0.382653061224
partial: -1.90551181102
partial: 0.973614775726
partial: -0.0714285714286
Y code: 1186.7
Vector AD and AB
partial: 0.459183673469
partial: -1.66929133858
partial: 0.894459102902
partial: -0.285714285714
Y code: 1156.7
Vector AD and AB
partial: 0.535714285714
partial: -1.43307086614
partial: 0.815303430079
partial: -0.5
Y code: 1126.7
Vector AD and AB
partial: 0.612244897959
partial: -1.1968503937
partial: 0.736147757256
partial: -0.714285714286
Y code: 1096.7
Vector AD and AB
partial: 0.688775510204
partial: -0.96062992126
partial: 0.656992084433
partial: -0.928571428571
Y code: 1066.7
Vector AD and AB
partial: 0.765306122449
partial: -0.724409448819
partial: 0.577836411609
partial: -1.14285714286
Y code: 1036.7
Vector AD and AB
partial: 0.841836734694
partial: -0.488188976378
partial: 0.498680738786
partial: -1.35714285714
Y code: 1006.7
Vector AD and AB
partial: 0.918367346939
partial: -0.251968503937
partial: 0.419525065963
partial: -1.57142857143
Y code: 976.7
Vector AD and AB
partial: 0.994897959184
partial: -0.0157480314961
partial: 0.34036939314
partial: -1.78571428571
Y code: 946.7
Vector AD and AB
partial: 1.07142857143
partial: 0.220472440945
partial: 0.261213720317
partial: -2.0
Y code: 916.7
Vector AD and AB
partial: 1.14795918367
partial: 0.456692913386
partial: 0.182058047493
partial: -2.21428571429
Y code: 886.7
Vector AD and AB
partial: 1.22448979592
partial: 0.692913385827
partial: 0.10290237467
partial: -2.42857142857
Y code: 856.7
Vector AD and AB
partial: 1.30102040816
partial: 0.929133858268
partial: 0.023746701847
partial: -2.64285714286
62.3
l,l_int 80.3911536691 80
2
[ 32.27984694   0.         -25.2627551 ]
CROSS:    -62.32270   1336.70000    637.05561
CROSS:    -30.04286   1336.70000    611.79286
62.5
l,l_int 160.66918198 160
5
[ 25.82387755   0.         -20.21020408]
CROSS:    -74.28122   1306.70000    650.52653
CROSS:    -48.45735   1306.70000    630.31633
CROSS:    -22.63347   1306.70000    610.10612
CROSS:      3.19041   1306.70000    589.89592
CROSS:     29.01429   1306.70000    569.68571
63.0
l,l_int 240.566710062 240
7
[ 27.66844023   0.         -21.65379009]
CROSS:    -77.93921   1276.70000    657.50131
CROSS:    -50.27077   1276.70000    635.84752
CROSS:    -22.60233   1276.70000    614.19373
CROSS:      5.06611   1276.70000    592.53994
CROSS:     32.73455   1276.70000    570.88615
CROSS:     60.40299   1276.70000    549.23236
CROSS:     88.07143   1276.70000    527.57857
63.7
l,l_int 319.898735954 319
10
[ 25.82387755   0.         -20.21020408]
CROSS:    -85.28633   1246.70000    667.36327
CROSS:    -59.46245   1246.70000    647.15306
CROSS:    -33.63857   1246.70000    626.94286
CROSS:     -7.81469   1246.70000    606.73265
CROSS:     18.00918   1246.70000    586.52245
CROSS:     43.83306   1246.70000    566.31224
CROSS:     69.65694   1246.70000    546.10204
CROSS:     95.48082   1246.70000    525.89184
CROSS:    121.30469   1246.70000    505.68163
CROSS:    147.12857   1246.70000    485.47143
64.7
l,l_int 371.283251362 371
12
[ 25.05381139   0.         -19.65947804]
CROSS:    -91.55894   1216.70000    676.33236
CROSS:    -66.50513   1216.70000    656.67288
CROSS:    -41.45132   1216.70000    637.01340
CROSS:    -16.39751   1216.70000    617.35392
CROSS:      8.65630   1216.70000    597.69445
CROSS:     33.71011   1216.70000    578.03497
CROSS:     58.76392   1216.70000    558.37549
CROSS:     83.81774   1216.70000    538.71601
CROSS:    108.87155   1216.70000    519.05653
CROSS:    133.92536   1216.70000    499.39706
CROSS:    158.97917   1216.70000    479.73758
CROSS:    184.03298   1216.70000    460.07810
65.9
l,l_int 368.094869177 368
12
[ 24.89560269   0.         -19.69148359]
CROSS:    -97.21970   1186.70000    684.71872
CROSS:    -72.32410   1186.70000    665.02724
CROSS:    -47.42850   1186.70000    645.33575
CROSS:    -22.53290   1186.70000    625.64427
CROSS:      2.36271   1186.70000    605.95279
CROSS:     27.25831   1186.70000    586.26130
CROSS:     52.15391   1186.70000    566.56982
CROSS:     77.04952   1186.70000    546.87834
CROSS:    101.94512   1186.70000    527.18685
CROSS:    126.84072   1186.70000    507.49537
CROSS:    151.73632   1186.70000    487.80388
CROSS:    176.63193   1186.70000    468.11240
67.1
l,l_int 364.764047449 364
12
[ 24.73739399   0.         -19.72348913]
CROSS:   -102.88046   1156.70000    693.10508
CROSS:    -78.14307   1156.70000    673.38159
CROSS:    -53.40568   1156.70000    653.65810
CROSS:    -28.66828   1156.70000    633.93461
CROSS:     -3.93089   1156.70000    614.21113
CROSS:     20.80651   1156.70000    594.48764
CROSS:     45.54390   1156.70000    574.76415
CROSS:     70.28129   1156.70000    555.04066
CROSS:     95.01869   1156.70000    535.31717
CROSS:    119.75608   1156.70000    515.59368
CROSS:    144.49348   1156.70000    495.87019
CROSS:    169.23087   1156.70000    476.14670
68.3
l,l_int 361.293259872 361
12
[ 24.57918529   0.         -19.75549468]
CROSS:   -108.54122   1126.70000    701.49144
CROSS:    -83.96204   1126.70000    681.73595
CROSS:    -59.38285   1126.70000    661.98045
CROSS:    -34.80367   1126.70000    642.22496
CROSS:    -10.22448   1126.70000    622.46947
CROSS:     14.35470   1126.70000    602.71397
CROSS:     38.93389   1126.70000    582.95848
CROSS:     63.51307   1126.70000    563.20298
CROSS:     88.09226   1126.70000    543.44749
CROSS:    112.67144   1126.70000    523.69199
CROSS:    137.25063   1126.70000    503.93650
CROSS:    161.82982   1126.70000    484.18100
69.5
l,l_int 357.68502211 357
11
[ 26.64106537   0.         -21.58636388]
CROSS:   -111.98189   1096.70000    708.07894
CROSS:    -85.34083   1096.70000    686.49258
CROSS:    -58.69976   1096.70000    664.90621
CROSS:    -32.05870   1096.70000    643.31985
CROSS:     -5.41763   1096.70000    621.73349
CROSS:     21.22343   1096.70000    600.14712
CROSS:     47.86450   1096.70000    578.56076
CROSS:     74.50556   1096.70000    556.97440
CROSS:    101.14663   1096.70000    535.38803
CROSS:    127.78769   1096.70000    513.80167
CROSS:    154.42876   1096.70000    492.21530
70.6
l,l_int 354.162535694 354
11
[ 26.46847406   0.         -21.62127902]
CROSS:   -117.65704   1066.70000    716.46239
CROSS:    -91.18856   1066.70000    694.84112
CROSS:    -64.72009   1066.70000    673.21984
CROSS:    -38.25161   1066.70000    651.59856
CROSS:    -11.78314   1066.70000    629.97728
CROSS:     14.68533   1066.70000    608.35600
CROSS:     41.15381   1066.70000    586.73472
CROSS:     67.62228   1066.70000    565.11344
CROSS:     94.09076   1066.70000    543.49216
CROSS:    120.55923   1066.70000    521.87088
CROSS:    147.02770   1066.70000    500.24960
71.7
l,l_int 350.53094683 350
11
[ 26.29588275   0.         -21.65619416]
CROSS:   -123.33218   1036.70000    724.84585
CROSS:    -97.03630   1036.70000    703.18965
CROSS:    -70.74041   1036.70000    681.53346
CROSS:    -44.44453   1036.70000    659.87726
CROSS:    -18.14865   1036.70000    638.22107
CROSS:      8.14724   1036.70000    616.56488
CROSS:     34.44312   1036.70000    594.90868
CROSS:     60.73900   1036.70000    573.25249
CROSS:     87.03488   1036.70000    551.59629
CROSS:    113.33077   1036.70000    529.94010
CROSS:    139.62665   1036.70000    508.28391
72.8
l,l_int 346.792377325 346
11
[ 26.12329145   0.         -21.69110931]
CROSS:   -129.00732   1006.70000    733.22930
CROSS:   -102.88403   1006.70000    711.53819
CROSS:    -76.76074   1006.70000    689.84708
CROSS:    -50.63745   1006.70000    668.15597
CROSS:    -24.51416   1006.70000    646.46486
CROSS:      1.60914   1006.70000    624.77375
CROSS:     27.73243   1006.70000    603.08264
CROSS:     53.85572   1006.70000    581.39153
CROSS:     79.97901   1006.70000    559.70042
CROSS:    106.10230   1006.70000    538.00932
CROSS:    132.22559   1006.70000    516.31821
73.9
l,l_int 342.948970757 342
11
[ 25.95070014   0.         -21.72602445]
CROSS:   -134.68246    976.70000    741.61275
CROSS:   -108.73176    976.70000    719.88673
CROSS:    -82.78106    976.70000    698.16070
CROSS:    -56.83036    976.70000    676.43468
CROSS:    -30.87966    976.70000    654.70865
CROSS:     -4.92896    976.70000    632.98263
CROSS:     21.02174    976.70000    611.25660
CROSS:     46.97244    976.70000    589.53058
CROSS:     72.92314    976.70000    567.80456
CROSS:     98.87384    976.70000    546.07853
CROSS:    124.82454    976.70000    524.35251
75.0
l,l_int 265.063581389 265
8
[ 27.80293536   0.         -23.28954278]
CROSS:    -77.19706    946.70000    695.41361
CROSS:    -49.39413    946.70000    672.12406
CROSS:    -21.59119    946.70000    648.83452
CROSS:      6.21174    946.70000    625.54498
CROSS:     34.01468    946.70000    602.25544
CROSS:     61.81761    946.70000    578.96589
CROSS:     89.62055    946.70000    555.67635
CROSS:    117.42348    946.70000    532.38681
75.8
l,l_int 183.57485724 183
6
[ 25.83707124   0.         -21.64280743]
CROSS:    -19.16293    916.70000    648.63515
CROSS:      6.67414    916.70000    626.99234
CROSS:     32.51121    916.70000    605.34953
CROSS:     58.34828    916.70000    583.70672
CROSS:     84.18536    916.70000    562.06392
CROSS:    110.02243    916.70000    540.42111
76.4
l,l_int 103.251956494 103
3
[ 29.20712401   0.         -24.46578231]
CROSS:     44.20712    886.70000    597.38697
CROSS:     73.41425    886.70000    572.92119
CROSS:    102.62137    886.70000    548.45541
76.7
l,l_int 23.7678078983 23
144
