 A:    -89.10000   1366.70000    653.90000
B:   -161.00000    974.70000    763.90000
C:     93.00000    847.70000    558.90000
D:    186.50000   1226.70000    457.40000
1366.7 847.7
marumeta size(Y): 519
SHOU/AMARI= 17 9
number of Y lines= 17
847.7 1366.7
Y code: 1336.7
Vector AD and AB
partial: 0.0765306122449
partial: -2.85039370079
partial: 1.29023746702
partial: 0.785714285714
Y code: 1306.7
Vector AD and AB
partial: 0.15306122449
partial: -2.61417322835
partial: 1.2110817942
partial: 0.571428571429
Y code: 1276.7
Vector AD and AB
partial: 0.229591836735
partial: -2.37795275591
partial: 1.13192612137
partial: 0.357142857143
Y code: 1246.7
Vector AD and AB
partial: 0.30612244898
partial: -2.14173228346
partial: 1.05277044855
partial: 0.142857142857
Y code: 1216.7
Vector AD and AB
partial: 0.382653061224
partial: -1.90551181102
partial: 0.973614775726
partial: -0.0714285714286
Y code: 1186.7
Vector AD and AB
partial: 0.459183673469
partial: -1.66929133858
partial: 0.894459102902
partial: -0.285714285714
Y code: 1156.7
Vector AD and AB
partial: 0.535714285714
partial: -1.43307086614
partial: 0.815303430079
partial: -0.5
Y code: 1126.7
Vector AD and AB
partial: 0.612244897959
partial: -1.1968503937
partial: 0.736147757256
partial: -0.714285714286
Y code: 1096.7
Vector AD and AB
partial: 0.688775510204
partial: -0.96062992126
partial: 0.656992084433
partial: -0.928571428571
Y code: 1066.7
Vector AD and AB
partial: 0.765306122449
partial: -0.724409448819
partial: 0.577836411609
partial: -1.14285714286
Y code: 1036.7
Vector AD and AB
partial: 0.841836734694
partial: -0.488188976378
partial: 0.498680738786
partial: -1.35714285714
Y code: 1006.7
Vector AD and AB
partial: 0.918367346939
partial: -0.251968503937
partial: 0.419525065963
partial: -1.57142857143
Y code: 976.7
Vector AD and AB
partial: 0.994897959184
partial: -0.0157480314961
partial: 0.34036939314
partial: -1.78571428571
Y code: 946.7
Vector AD and AB
partial: 1.07142857143
partial: 0.220472440945
partial: 0.261213720317
partial: -2.0
Y code: 916.7
Vector AD and AB
partial: 1.14795918367
partial: 0.456692913386
partial: 0.182058047493
partial: -2.21428571429
Y code: 886.7
Vector AD and AB
partial: 1.22448979592
partial: 0.692913385827
partial: 0.10290237467
partial: -2.42857142857
Y code: 856.7
Vector AD and AB
partial: 1.30102040816
partial: 0.929133858268
partial: 0.023746701847
partial: -2.64285714286
18.5
l,l_int 69.1415437579 69
2
[ 32.27984694   0.         -25.2627551 ]
CROSS:    -62.32270   1336.70000    637.05561
CROSS:    -30.04286   1336.70000    611.79286
18.7
l,l_int 138.589757624 138
4
[ 32.27984694   0.         -25.2627551 ]
CROSS:    -67.82526   1306.70000    645.47398
CROSS:    -35.54541   1306.70000    620.21122
CROSS:     -3.26556   1306.70000    594.94847
CROSS:     29.01429   1306.70000    569.68571
19.1
l,l_int 208.797042159 208
6
[ 32.27984694   0.         -25.2627551 ]
CROSS:    -73.32781   1276.70000    653.89235
CROSS:    -41.04796   1276.70000    628.62959
CROSS:     -8.76811   1276.70000    603.36684
CROSS:     23.51173   1276.70000    578.10408
CROSS:     55.79158   1276.70000    552.84133
CROSS:     88.07143   1276.70000    527.57857
19.7
l,l_int 280.195408129 280
9
[ 28.69319728   0.         -22.45578231]
CROSS:    -82.41701   1246.70000    665.11769
CROSS:    -53.72381   1246.70000    642.66190
CROSS:    -25.03061   1246.70000    620.20612
CROSS:      3.66259   1246.70000    597.75034
CROSS:     32.35578   1246.70000    575.29456
CROSS:     61.04898   1246.70000    552.83878
CROSS:     89.74218   1246.70000    530.38299
CROSS:    118.43537   1246.70000    507.92721
CROSS:    147.12857   1246.70000    485.47143
20.6
l,l_int 329.614707951 329
10
[ 30.06457366   0.         -23.59137365]
CROSS:    -86.54818   1216.70000    672.40046
CROSS:    -56.48361   1216.70000    648.80909
CROSS:    -26.41903   1216.70000    625.21772
CROSS:      3.64554   1216.70000    601.62634
CROSS:     33.71011   1216.70000    578.03497
CROSS:     63.77469   1216.70000    554.44359
CROSS:     93.83926   1216.70000    530.85222
CROSS:    123.90383   1216.70000    507.26085
CROSS:    153.96841   1216.70000    483.66947
CROSS:    184.03298   1216.70000    460.07810
21.6
l,l_int 331.847342553 331
11
[ 27.15883929   0.         -21.48161846]
CROSS:    -94.95647   1186.70000    682.92859
CROSS:    -67.79763   1186.70000    661.44697
CROSS:    -40.63879   1186.70000    639.96535
CROSS:    -13.47995   1186.70000    618.48373
CROSS:     13.67889   1186.70000    597.00211
CROSS:     40.83773   1186.70000    575.52049
CROSS:     67.99657   1186.70000    554.03887
CROSS:     95.15541   1186.70000    532.55726
CROSS:    122.31425   1186.70000    511.07564
CROSS:    149.47309   1186.70000    489.59402
CROSS:    176.63193   1186.70000    468.11240
22.7
l,l_int 334.277114323 334
11
[ 26.98624799   0.         -21.5165336 ]
CROSS:   -100.63161   1156.70000    691.31204
CROSS:    -73.64536   1156.70000    669.79550
CROSS:    -46.65911   1156.70000    648.27897
CROSS:    -19.67287   1156.70000    626.76244
CROSS:      7.31338   1156.70000    605.24590
CROSS:     34.29963   1156.70000    583.72937
CROSS:     61.28588   1156.70000    562.21284
CROSS:     88.27213   1156.70000    540.69630
CROSS:    115.25837   1156.70000    519.17977
CROSS:    142.24462   1156.70000    497.66324
CROSS:    169.23087   1156.70000    476.14670
23.8
l,l_int 336.566123219 336
11
[ 26.81365668   0.         -21.55144874]
CROSS:   -106.30675   1126.70000    699.69549
CROSS:    -79.49309   1126.70000    678.14404
CROSS:    -52.67944   1126.70000    656.59259
CROSS:    -25.86578   1126.70000    635.04114
CROSS:      0.94788   1126.70000    613.48970
CROSS:     27.76153   1126.70000    591.93825
CROSS:     54.57519   1126.70000    570.38680
CROSS:     81.38885   1126.70000    548.83535
CROSS:    108.20250   1126.70000    527.28390
CROSS:    135.01616   1126.70000    505.73245
CROSS:    161.82982   1126.70000    484.18100
24.9
l,l_int 338.714542792 338
11
[ 26.64106537   0.         -21.58636388]
CROSS:   -111.98189   1096.70000    708.07894
CROSS:    -85.34083   1096.70000    686.49258
CROSS:    -58.69976   1096.70000    664.90621
CROSS:    -32.05870   1096.70000    643.31985
CROSS:     -5.41763   1096.70000    621.73349
CROSS:     21.22343   1096.70000    600.14712
CROSS:     47.86450   1096.70000    578.56076
CROSS:     74.50556   1096.70000    556.97440
CROSS:    101.14663   1096.70000    535.38803
CROSS:    127.78769   1096.70000    513.80167
CROSS:    154.42876   1096.70000    492.21530
26.0
l,l_int 340.722599271 340
11
[ 26.46847406   0.         -21.62127902]
CROSS:   -117.65704   1066.70000    716.46239
CROSS:    -91.18856   1066.70000    694.84112
CROSS:    -64.72009   1066.70000    673.21984
CROSS:    -38.25161   1066.70000    651.59856
CROSS:    -11.78314   1066.70000    629.97728
CROSS:     14.68533   1066.70000    608.35600
CROSS:     41.15381   1066.70000    586.73472
CROSS:     67.62228   1066.70000    565.11344
CROSS:     94.09076   1066.70000    543.49216
CROSS:    120.55923   1066.70000    521.87088
CROSS:    147.02770   1066.70000    500.24960
27.1
l,l_int 342.590570905 342
11
[ 26.29588275   0.         -21.65619416]
CROSS:   -123.33218   1036.70000    724.84585
CROSS:    -97.03630   1036.70000    703.18965
CROSS:    -70.74041   1036.70000    681.53346
CROSS:    -44.44453   1036.70000    659.87726
CROSS:    -18.14865   1036.70000    638.22107
CROSS:      8.14724   1036.70000    616.56488
CROSS:     34.44312   1036.70000    594.90868
CROSS:     60.73900   1036.70000    573.25249
CROSS:     87.03488   1036.70000    551.59629
CROSS:    113.33077   1036.70000    529.94010
CROSS:    139.62665   1036.70000    508.28391
28.2
l,l_int 344.318787269 344
11
[ 26.12329145   0.         -21.69110931]
CROSS:   -129.00732   1006.70000    733.22930
CROSS:   -102.88403   1006.70000    711.53819
CROSS:    -76.76074   1006.70000    689.84708
CROSS:    -50.63745   1006.70000    668.15597
CROSS:    -24.51416   1006.70000    646.46486
CROSS:      1.60914   1006.70000    624.77375
CROSS:     27.73243   1006.70000    603.08264
CROSS:     53.85572   1006.70000    581.39153
CROSS:     79.97901   1006.70000    559.70042
CROSS:    106.10230   1006.70000    538.00932
CROSS:    132.22559   1006.70000    516.31821
29.3
l,l_int 345.907628561 345
11
[ 25.95070014   0.         -21.72602445]
CROSS:   -134.68246    976.70000    741.61275
CROSS:   -108.73176    976.70000    719.88673
CROSS:    -82.78106    976.70000    698.16070
CROSS:    -56.83036    976.70000    676.43468
CROSS:    -30.87966    976.70000    654.70865
CROSS:     -4.92896    976.70000    632.98263
CROSS:     21.02174    976.70000    611.25660
CROSS:     46.97244    976.70000    589.53058
CROSS:     72.92314    976.70000    567.80456
CROSS:     98.87384    976.70000    546.07853
CROSS:    124.82454    976.70000    524.35251
30.4
l,l_int 271.596000901 271
9
[ 24.71372032   0.         -20.7018158 ]
CROSS:    -80.28628    946.70000    698.00133
CROSS:    -55.57256    946.70000    677.29952
CROSS:    -30.85884    946.70000    656.59770
CROSS:     -6.14512    946.70000    635.89589
CROSS:     18.56860    946.70000    615.19407
CROSS:     43.28232    946.70000    594.49225
CROSS:     67.99604    946.70000    573.79044
CROSS:     92.70976    946.70000    553.08862
CROSS:    117.42348    946.70000    532.38681
31.3
l,l_int 190.388421113 190
6
[ 25.83707124   0.         -21.64280743]
CROSS:    -19.16293    916.70000    648.63515
CROSS:      6.67414    916.70000    626.99234
CROSS:     32.51121    916.70000    605.34953
CROSS:     58.34828    916.70000    583.70672
CROSS:     84.18536    916.70000    562.06392
CROSS:    110.02243    916.70000    540.42111
31.9
l,l_int 108.008426924 108
3
[ 29.20712401   0.         -24.46578231]
CROSS:     44.20712    886.70000    597.38697
CROSS:     73.41425    886.70000    572.92119
CROSS:    102.62137    886.70000    548.45541
32.2
l,l_int 24.9698718634 24
137
