 A:    -89.10000   1366.70000    653.90000
B:   -161.00000    974.70000    763.90000
C:     93.00000    847.70000    558.90000
D:    186.50000   1226.70000    457.40000
1366.7 847.7
marumeta size(Y): 519
SHOU/AMARI= 17 9
number of Y lines= 17
847.7 1366.7
Y code: 1336.7
Vector AD and AB
partial: 0.0765306122449
partial: -2.85039370079
partial: 1.29023746702
partial: 0.785714285714
Y code: 1306.7
Vector AD and AB
partial: 0.15306122449
partial: -2.61417322835
partial: 1.2110817942
partial: 0.571428571429
Y code: 1276.7
Vector AD and AB
partial: 0.229591836735
partial: -2.37795275591
partial: 1.13192612137
partial: 0.357142857143
Y code: 1246.7
Vector AD and AB
partial: 0.30612244898
partial: -2.14173228346
partial: 1.05277044855
partial: 0.142857142857
Y code: 1216.7
Vector AD and AB
partial: 0.382653061224
partial: -1.90551181102
partial: 0.973614775726
partial: -0.0714285714286
Y code: 1186.7
Vector AD and AB
partial: 0.459183673469
partial: -1.66929133858
partial: 0.894459102902
partial: -0.285714285714
Y code: 1156.7
Vector AD and AB
partial: 0.535714285714
partial: -1.43307086614
partial: 0.815303430079
partial: -0.5
Y code: 1126.7
Vector AD and AB
partial: 0.612244897959
partial: -1.1968503937
partial: 0.736147757256
partial: -0.714285714286
Y code: 1096.7
Vector AD and AB
partial: 0.688775510204
partial: -0.96062992126
partial: 0.656992084433
partial: -0.928571428571
Y code: 1066.7
Vector AD and AB
partial: 0.765306122449
partial: -0.724409448819
partial: 0.577836411609
partial: -1.14285714286
Y code: 1036.7
Vector AD and AB
partial: 0.841836734694
partial: -0.488188976378
partial: 0.498680738786
partial: -1.35714285714
Y code: 1006.7
Vector AD and AB
partial: 0.918367346939
partial: -0.251968503937
partial: 0.419525065963
partial: -1.57142857143
Y code: 976.7
Vector AD and AB
partial: 0.994897959184
partial: -0.0157480314961
partial: 0.34036939314
partial: -1.78571428571
Y code: 946.7
Vector AD and AB
partial: 1.07142857143
partial: 0.220472440945
partial: 0.261213720317
partial: -2.0
Y code: 916.7
Vector AD and AB
partial: 1.14795918367
partial: 0.456692913386
partial: 0.182058047493
partial: -2.21428571429
Y code: 886.7
Vector AD and AB
partial: 1.22448979592
partial: 0.692913385827
partial: 0.10290237467
partial: -2.42857142857
Y code: 856.7
Vector AD and AB
partial: 1.30102040816
partial: 0.929133858268
partial: 0.023746701847
partial: -2.64285714286
89.4
l,l_int 64.2474805044 64
2
[ 32.27984694   0.         -25.2627551 ]
CROSS:    -62.32270   1336.70000    637.05561
CROSS:    -30.04286   1336.70000    611.79286
89.6
l,l_int 128.13867679 128
4
[ 32.27984694   0.         -25.2627551 ]
CROSS:    -67.82526   1306.70000    645.47398
CROSS:    -35.54541   1306.70000    620.21122
CROSS:     -3.26556   1306.70000    594.94847
CROSS:     29.01429   1306.70000    569.68571
90.0
l,l_int 191.132143089 191
6
[ 32.27984694   0.         -25.2627551 ]
CROSS:    -73.32781   1276.70000    653.89235
CROSS:    -41.04796   1276.70000    628.62959
CROSS:     -8.76811   1276.70000    603.36684
CROSS:     23.51173   1276.70000    578.10408
CROSS:     55.79158   1276.70000    552.84133
CROSS:     88.07143   1276.70000    527.57857
90.6
l,l_int 252.667846495 252
8
[ 32.27984694   0.         -25.2627551 ]
CROSS:    -78.83036   1246.70000    662.31071
CROSS:    -46.55051   1246.70000    637.04796
CROSS:    -14.27066   1246.70000    611.78520
CROSS:     18.00918   1246.70000    586.52245
CROSS:     50.28903   1246.70000    561.25969
CROSS:     82.56888   1246.70000    535.99694
CROSS:    114.84872   1246.70000    510.73418
CROSS:    147.12857   1246.70000    485.47143
91.4
l,l_int 291.026375342 291
9
[ 33.40508185   0.         -26.21263739]
CROSS:    -83.20767   1216.70000    669.77920
CROSS:    -49.80259   1216.70000    643.56656
CROSS:    -16.39751   1216.70000    617.35392
CROSS:     17.00757   1216.70000    591.14129
CROSS:     50.41265   1216.70000    564.92865
CROSS:     83.81774   1216.70000    538.71601
CROSS:    117.22282   1216.70000    512.50338
CROSS:    150.62790   1216.70000    486.29074
CROSS:    184.03298   1216.70000    460.07810
92.3
l,l_int 286.158234725 286
9
[ 33.19413692   0.         -26.25531145]
CROSS:    -88.92117   1186.70000    678.15489
CROSS:    -55.72703   1186.70000    651.89958
CROSS:    -22.53290   1186.70000    625.64427
CROSS:     10.66124   1186.70000    599.38896
CROSS:     43.85538   1186.70000    573.13365
CROSS:     77.04952   1186.70000    546.87834
CROSS:    110.24365   1186.70000    520.62302
CROSS:    143.43779   1186.70000    494.36771
CROSS:    176.63193   1186.70000    468.11240
93.2
l,l_int 281.249735427 281
9
[ 32.98319198   0.         -26.29798551]
CROSS:    -94.63467   1156.70000    686.53059
CROSS:    -61.65147   1156.70000    660.23260
CROSS:    -28.66828   1156.70000    633.93461
CROSS:      4.31491   1156.70000    607.63663
CROSS:     37.29810   1156.70000    581.33864
CROSS:     70.28129   1156.70000    555.04066
CROSS:    103.26449   1156.70000    528.74267
CROSS:    136.24768   1156.70000    502.44469
CROSS:    169.23087   1156.70000    476.14670
94.1
l,l_int 276.302409246 276
9
[ 32.77224705   0.         -26.34065957]
CROSS:   -100.34816   1126.70000    694.90628
CROSS:    -67.57591   1126.70000    668.56562
CROSS:    -34.80367   1126.70000    642.22496
CROSS:     -2.03142   1126.70000    615.88430
CROSS:     30.74083   1126.70000    589.54364
CROSS:     63.51307   1126.70000    563.20298
CROSS:     96.28532   1126.70000    536.86232
CROSS:    129.05757   1126.70000    510.52166
CROSS:    161.82982   1126.70000    484.18100
95.0
l,l_int 271.31778373 271
9
[ 32.56130212   0.         -26.38333363]
CROSS:   -106.06166   1096.70000    703.28197
CROSS:    -73.50035   1096.70000    676.89864
CROSS:    -40.93905   1096.70000    650.51531
CROSS:     -8.37775   1096.70000    624.13197
CROSS:     24.18355   1096.70000    597.74864
CROSS:     56.74485   1096.70000    571.36530
CROSS:     89.30616   1096.70000    544.98197
CROSS:    121.86746   1096.70000    518.59864
CROSS:    154.42876   1096.70000    492.21530
95.9
l,l_int 266.297381672 266
8
[ 36.39415184   0.         -29.72925866]
CROSS:   -107.73136   1066.70000    708.35441
CROSS:    -71.33721   1066.70000    678.62516
CROSS:    -34.94305   1066.70000    648.89590
CROSS:      1.45110   1066.70000    619.16664
CROSS:     37.84525   1066.70000    589.43738
CROSS:     74.23940   1066.70000    559.70812
CROSS:    110.63355   1066.70000    529.97886
CROSS:    147.02770   1066.70000    500.24960
96.7
l,l_int 261.711190851 261
8
[ 36.15683879   0.         -29.77726698]
CROSS:   -113.47122   1036.70000    716.72477
CROSS:    -77.31438   1036.70000    686.94751
CROSS:    -41.15754   1036.70000    657.17024
CROSS:     -5.00071   1036.70000    627.39297
CROSS:     31.15613   1036.70000    597.61571
CROSS:     67.31297   1036.70000    567.83844
CROSS:    103.46981   1036.70000    538.06117
CROSS:    139.62665   1036.70000    508.28391
97.5
l,l_int 257.102599562 257
8
[ 35.91952574   0.         -29.82527529]
CROSS:   -119.21109   1006.70000    725.09513
CROSS:    -83.29156   1006.70000    695.26986
CROSS:    -47.37204   1006.70000    665.44458
CROSS:    -11.45251   1006.70000    635.61931
CROSS:     24.46702   1006.70000    605.79403
CROSS:     60.38654   1006.70000    575.96876
CROSS:     96.30607   1006.70000    546.14348
CROSS:    132.22559   1006.70000    516.31821
98.3
l,l_int 252.472693754 252
8
[ 35.68221269   0.         -29.87328361]
CROSS:   -124.95095    976.70000    733.46549
CROSS:    -89.26874    976.70000    703.59221
CROSS:    -53.58653    976.70000    673.71892
CROSS:    -17.90431    976.70000    643.84564
CROSS:     17.77790    976.70000    613.97236
CROSS:     53.46011    976.70000    584.09907
CROSS:     89.14233    976.70000    554.22579
CROSS:    124.82454    976.70000    524.35251
99.1
l,l_int 193.770422085 193
6
[ 37.07058047   0.         -31.0527237 ]
CROSS:    -67.92942    946.70000    687.65043
CROSS:    -30.85884    946.70000    656.59770
CROSS:      6.21174    946.70000    625.54498
CROSS:     43.28232    946.70000    594.49225
CROSS:     80.35290    946.70000    563.43953
CROSS:    117.42348    946.70000    532.38681
99.7
l,l_int 133.46851496 133
4
[ 38.75560686   0.         -32.46421114]
CROSS:     -6.24439    916.70000    637.81374
CROSS:     32.51121    916.70000    605.34953
CROSS:     71.26682    916.70000    572.88532
CROSS:    110.02243    916.70000    540.42111
100.1
l,l_int 74.8374059411 74
2
[ 43.81068602   0.         -36.69867347]
CROSS:     58.81069    886.70000    585.15408
CROSS:    102.62137    886.70000    548.45541
100.3
l,l_int 17.200471465 17
109
