 A:    -89.10000   1366.70000    653.90000
B:   -161.00000    974.70000    763.90000
C:     93.00000    847.70000    558.90000
D:    186.50000   1226.70000    457.40000
1366.7 847.7
marumeta size(Y): 519
SHOU/AMARI= 17 9
number of Y lines= 17
847.7 1366.7
Y code: 1336.7
Vector AD and AB
partial: 0.0765306122449
partial: -2.85039370079
partial: 1.29023746702
partial: 0.785714285714
Y code: 1306.7
Vector AD and AB
partial: 0.15306122449
partial: -2.61417322835
partial: 1.2110817942
partial: 0.571428571429
Y code: 1276.7
Vector AD and AB
partial: 0.229591836735
partial: -2.37795275591
partial: 1.13192612137
partial: 0.357142857143
Y code: 1246.7
Vector AD and AB
partial: 0.30612244898
partial: -2.14173228346
partial: 1.05277044855
partial: 0.142857142857
Y code: 1216.7
Vector AD and AB
partial: 0.382653061224
partial: -1.90551181102
partial: 0.973614775726
partial: -0.0714285714286
Y code: 1186.7
Vector AD and AB
partial: 0.459183673469
partial: -1.66929133858
partial: 0.894459102902
partial: -0.285714285714
Y code: 1156.7
Vector AD and AB
partial: 0.535714285714
partial: -1.43307086614
partial: 0.815303430079
partial: -0.5
Y code: 1126.7
Vector AD and AB
partial: 0.612244897959
partial: -1.1968503937
partial: 0.736147757256
partial: -0.714285714286
Y code: 1096.7
Vector AD and AB
partial: 0.688775510204
partial: -0.96062992126
partial: 0.656992084433
partial: -0.928571428571
Y code: 1066.7
Vector AD and AB
partial: 0.765306122449
partial: -0.724409448819
partial: 0.577836411609
partial: -1.14285714286
Y code: 1036.7
Vector AD and AB
partial: 0.841836734694
partial: -0.488188976378
partial: 0.498680738786
partial: -1.35714285714
Y code: 1006.7
Vector AD and AB
partial: 0.918367346939
partial: -0.251968503937
partial: 0.419525065963
partial: -1.57142857143
Y code: 976.7
Vector AD and AB
partial: 0.994897959184
partial: -0.0157480314961
partial: 0.34036939314
partial: -1.78571428571
Y code: 946.7
Vector AD and AB
partial: 1.07142857143
partial: 0.220472440945
partial: 0.261213720317
partial: -2.0
Y code: 916.7
Vector AD and AB
partial: 1.14795918367
partial: 0.456692913386
partial: 0.182058047493
partial: -2.21428571429
Y code: 886.7
Vector AD and AB
partial: 1.22448979592
partial: 0.692913385827
partial: 0.10290237467
partial: -2.42857142857
Y code: 856.7
Vector AD and AB
partial: 1.30102040816
partial: 0.929133858268
partial: 0.023746701847
partial: -2.64285714286
115.7
l,l_int 35.0349562571 35
1
[ 64.55969388   0.         -50.5255102 ]
CROSS:    -30.04286   1336.70000    611.79286
115.8
l,l_int 69.8110887065 69
2
[ 64.55969388   0.         -50.5255102 ]
CROSS:    -35.54541   1306.70000    620.21122
CROSS:     29.01429   1306.70000    569.68571
116.0
l,l_int 103.939205865 103
3
[ 64.55969388   0.         -50.5255102 ]
CROSS:    -41.04796   1276.70000    628.62959
CROSS:     23.51173   1276.70000    578.10408
CROSS:     88.07143   1276.70000    527.57857
116.3
l,l_int 137.027591217 137
4
[ 64.55969388   0.         -50.5255102 ]
CROSS:    -46.55051   1246.70000    637.04796
CROSS:     18.00918   1246.70000    586.52245
CROSS:     82.56888   1246.70000    535.99694
CROSS:    147.12857   1246.70000    485.47143
116.7
l,l_int 157.262649824 157
5
[ 60.12914733   0.         -47.18274729]
CROSS:    -56.48361   1216.70000    648.80909
CROSS:      3.64554   1216.70000    601.62634
CROSS:     63.77469   1216.70000    554.44359
CROSS:    123.90383   1216.70000    507.26085
CROSS:    184.03298   1216.70000    460.07810
117.2
l,l_int 153.711330657 153
5
[ 59.74944645   0.         -47.25956061]
CROSS:    -62.36586   1186.70000    657.15064
CROSS:     -2.61641   1186.70000    609.89108
CROSS:     57.13303   1186.70000    562.63152
CROSS:    116.88248   1186.70000    515.37196
CROSS:    176.63193   1186.70000    468.11240
117.7
l,l_int 150.170596271 150
4
[ 74.21218196   0.         -59.1704674 ]
CROSS:    -53.40568   1156.70000    653.65810
CROSS:     20.80651   1156.70000    594.48764
CROSS:     95.01869   1156.70000    535.31717
CROSS:    169.23087   1156.70000    476.14670
118.1
l,l_int 147.249301096 147
4
[ 73.73755587   0.         -59.26648403]
CROSS:    -59.38285   1126.70000    661.98045
CROSS:     14.35470   1126.70000    602.71397
CROSS:     88.09226   1126.70000    543.44749
CROSS:    161.82982   1126.70000    484.18100
118.5
l,l_int 144.33904629 144
4
[ 73.26292977   0.         -59.36250067]
CROSS:    -65.36003   1096.70000    670.30281
CROSS:      7.90290   1096.70000    610.94030
CROSS:     81.16583   1096.70000    551.57780
CROSS:    154.42876   1096.70000    492.21530
118.9
l,l_int 141.439928774 141
4
[ 72.78830367   0.         -59.45851731]
CROSS:    -71.33721   1066.70000    678.62516
CROSS:      1.45110   1066.70000    619.16664
CROSS:     74.23940   1066.70000    559.70812
CROSS:    147.02770   1066.70000    500.24960
119.3
l,l_int 138.552042285 138
4
[ 72.31367758   0.         -59.55453395]
CROSS:    -77.31438   1036.70000    686.94751
CROSS:     -5.00071   1036.70000    627.39297
CROSS:     67.31297   1036.70000    567.83844
CROSS:    139.62665   1036.70000    508.28391
119.7
l,l_int 135.675477358 135
4
[ 71.83905148   0.         -59.65055059]
CROSS:    -83.29156   1006.70000    695.26986
CROSS:    -11.45251   1006.70000    635.61931
CROSS:     60.38654   1006.70000    575.96876
CROSS:    132.22559   1006.70000    516.31821
120.1
l,l_int 132.810321307 132
4
[ 71.36442538   0.         -59.74656723]
CROSS:    -89.26874    976.70000    703.59221
CROSS:    -17.90431    976.70000    643.84564
CROSS:     53.46011    976.70000    584.09907
CROSS:    124.82454    976.70000    524.35251
120.5
l,l_int 101.612045607 101
3
[ 74.14116095   0.         -62.10544741]
CROSS:    -30.85884    946.70000    656.59770
CROSS:     43.28232    946.70000    594.49225
CROSS:    117.42348    946.70000    532.38681
120.8
l,l_int 69.8277596498 69
2
[ 77.51121372   0.         -64.92842229]
CROSS:     32.51121    916.70000    605.34953
CROSS:    110.02243    916.70000    540.42111
121.0
l,l_int 39.0931797283 39
1
[ 87.62137203   0.         -73.39734693]
CROSS:    102.62137    886.70000    548.45541
121.1
l,l_int 8.97822890888 8
54
