 A:    -89.10000   1366.70000    653.90000
B:   -161.00000    974.70000    763.90000
C:     93.00000    847.70000    558.90000
D:    186.50000   1226.70000    457.40000
1366.7 847.7
marumeta size(Y): 519
SHOU/AMARI= 17 9
number of Y lines= 17
847.7 1366.7
Y code: 1336.7
Vector AD and AB
partial: 0.0765306122449
partial: -2.85039370079
partial: 1.29023746702
partial: 0.785714285714
Y code: 1306.7
Vector AD and AB
partial: 0.15306122449
partial: -2.61417322835
partial: 1.2110817942
partial: 0.571428571429
Y code: 1276.7
Vector AD and AB
partial: 0.229591836735
partial: -2.37795275591
partial: 1.13192612137
partial: 0.357142857143
Y code: 1246.7
Vector AD and AB
partial: 0.30612244898
partial: -2.14173228346
partial: 1.05277044855
partial: 0.142857142857
Y code: 1216.7
Vector AD and AB
partial: 0.382653061224
partial: -1.90551181102
partial: 0.973614775726
partial: -0.0714285714286
Y code: 1186.7
Vector AD and AB
partial: 0.459183673469
partial: -1.66929133858
partial: 0.894459102902
partial: -0.285714285714
Y code: 1156.7
Vector AD and AB
partial: 0.535714285714
partial: -1.43307086614
partial: 0.815303430079
partial: -0.5
Y code: 1126.7
Vector AD and AB
partial: 0.612244897959
partial: -1.1968503937
partial: 0.736147757256
partial: -0.714285714286
Y code: 1096.7
Vector AD and AB
partial: 0.688775510204
partial: -0.96062992126
partial: 0.656992084433
partial: -0.928571428571
Y code: 1066.7
Vector AD and AB
partial: 0.765306122449
partial: -0.724409448819
partial: 0.577836411609
partial: -1.14285714286
Y code: 1036.7
Vector AD and AB
partial: 0.841836734694
partial: -0.488188976378
partial: 0.498680738786
partial: -1.35714285714
Y code: 1006.7
Vector AD and AB
partial: 0.918367346939
partial: -0.251968503937
partial: 0.419525065963
partial: -1.57142857143
Y code: 976.7
Vector AD and AB
partial: 0.994897959184
partial: -0.0157480314961
partial: 0.34036939314
partial: -1.78571428571
Y code: 946.7
Vector AD and AB
partial: 1.07142857143
partial: 0.220472440945
partial: 0.261213720317
partial: -2.0
Y code: 916.7
Vector AD and AB
partial: 1.14795918367
partial: 0.456692913386
partial: 0.182058047493
partial: -2.21428571429
Y code: 886.7
Vector AD and AB
partial: 1.22448979592
partial: 0.692913385827
partial: 0.10290237467
partial: -2.42857142857
Y code: 856.7
Vector AD and AB
partial: 1.30102040816
partial: 0.929133858268
partial: 0.023746701847
partial: -2.64285714286
-2.4
l,l_int 48.8787365424 48
1
[ 64.55969388   0.         -50.5255102 ]
CROSS:    -30.04286   1336.70000    611.79286
-2.3
l,l_int 97.9870627229 97
3
[ 43.03979592   0.         -33.68367347]
CROSS:    -57.06531   1306.70000    637.05306
CROSS:    -14.02551   1306.70000    603.36939
CROSS:     29.01429   1306.70000    569.68571
-2.0
l,l_int 148.011056897 148
4
[ 48.41977041   0.         -37.89413265]
CROSS:    -57.18788   1276.70000    641.26097
CROSS:     -8.76811   1276.70000    603.36684
CROSS:     39.65166   1276.70000    565.47270
CROSS:     88.07143   1276.70000    527.57857
-1.6
l,l_int 199.171587088 199
6
[ 43.03979592   0.         -33.68367347]
CROSS:    -68.07041   1246.70000    653.88980
CROSS:    -25.03061   1246.70000    620.20612
CROSS:     18.00918   1246.70000    586.52245
CROSS:     61.04898   1246.70000    552.83878
CROSS:    104.08878   1246.70000    519.15510
CROSS:    147.12857   1246.70000    485.47143
-1.0
l,l_int 235.278679783 235
7
[ 42.94939095   0.         -33.70196235]
CROSS:    -73.66336   1216.70000    662.28987
CROSS:    -30.71397   1216.70000    628.58791
CROSS:     12.23542   1216.70000    594.88595
CROSS:     55.18481   1216.70000    561.18399
CROSS:     98.13420   1216.70000    527.48202
CROSS:    141.08359   1216.70000    493.78006
CROSS:    184.03298   1216.70000    460.07810
-0.3
l,l_int 238.156364496 238
7
[ 42.67817603   0.         -33.756829  ]
CROSS:    -79.43713   1186.70000    670.65338
CROSS:    -36.75895   1186.70000    636.89655
CROSS:      5.91922   1186.70000    603.13972
CROSS:     48.59740   1186.70000    569.38289
CROSS:     91.27557   1186.70000    535.62606
CROSS:    133.95375   1186.70000    501.86923
CROSS:    176.63193   1186.70000    468.11240
0.4
l,l_int 240.978241496 240
7
[ 42.40696112   0.         -33.81169565]
CROSS:    -85.21090   1156.70000    679.01688
CROSS:    -42.80393   1156.70000    645.20518
CROSS:     -0.39697   1156.70000    611.39348
CROSS:     42.00999   1156.70000    577.58179
CROSS:     84.41695   1156.70000    543.77009
CROSS:    126.82391   1156.70000    509.95840
CROSS:    169.23087   1156.70000    476.14670
1.1
l,l_int 243.744324315 243
8
[ 36.86877793   0.         -29.63324202]
CROSS:    -96.25163   1126.70000    691.61370
CROSS:    -59.38285   1126.70000    661.98045
CROSS:    -22.51407   1126.70000    632.34721
CROSS:     14.35470   1126.70000    602.71397
CROSS:     51.22348   1126.70000    573.08073
CROSS:     88.09226   1126.70000    543.44749
CROSS:    124.96104   1126.70000    513.81424
CROSS:    161.82982   1126.70000    484.18100
1.9
l,l_int 246.952589599 246
8
[ 36.63146488   0.         -29.68125034]
CROSS:   -101.99149   1096.70000    699.98406
CROSS:    -65.36003   1096.70000    670.30281
CROSS:    -28.72856   1096.70000    640.62156
CROSS:      7.90290   1096.70000    610.94030
CROSS:     44.53437   1096.70000    581.25905
CROSS:     81.16583   1096.70000    551.57780
CROSS:    117.79730   1096.70000    521.89655
CROSS:    154.42876   1096.70000    492.21530
2.7
l,l_int 250.090552894 250
8
[ 36.39415184   0.         -29.72925866]
CROSS:   -107.73136   1066.70000    708.35441
CROSS:    -71.33721   1066.70000    678.62516
CROSS:    -34.94305   1066.70000    648.89590
CROSS:      1.45110   1066.70000    619.16664
CROSS:     37.84525   1066.70000    589.43738
CROSS:     74.23940   1066.70000    559.70812
CROSS:    110.63355   1066.70000    529.97886
CROSS:    147.02770   1066.70000    500.24960
3.5
l,l_int 253.158144517 253
8
[ 36.15683879   0.         -29.77726698]
CROSS:   -113.47122   1036.70000    716.72477
CROSS:    -77.31438   1036.70000    686.94751
CROSS:    -41.15754   1036.70000    657.17024
CROSS:     -5.00071   1036.70000    627.39297
CROSS:     31.15613   1036.70000    597.61571
CROSS:     67.31297   1036.70000    567.83844
CROSS:    103.46981   1036.70000    538.06117
CROSS:    139.62665   1036.70000    508.28391
4.3
l,l_int 256.15531238 256
8
[ 35.91952574   0.         -29.82527529]
CROSS:   -119.21109   1006.70000    725.09513
CROSS:    -83.29156   1006.70000    695.26986
CROSS:    -47.37204   1006.70000    665.44458
CROSS:    -11.45251   1006.70000    635.61931
CROSS:     24.46702   1006.70000    605.79403
CROSS:     60.38654   1006.70000    575.96876
CROSS:     96.30607   1006.70000    546.14348
CROSS:    132.22559   1006.70000    516.31821
5.1
l,l_int 259.082021801 259
8
[ 35.68221269   0.         -29.87328361]
CROSS:   -124.95095    976.70000    733.46549
CROSS:    -89.26874    976.70000    703.59221
CROSS:    -53.58653    976.70000    673.71892
CROSS:    -17.90431    976.70000    643.84564
CROSS:     17.77790    976.70000    613.97236
CROSS:     53.46011    976.70000    584.09907
CROSS:     89.14233    976.70000    554.22579
CROSS:    124.82454    976.70000    524.35251
5.9
l,l_int 204.807374345 204
6
[ 37.07058047   0.         -31.0527237 ]
CROSS:    -67.92942    946.70000    687.65043
CROSS:    -30.85884    946.70000    656.59770
CROSS:      6.21174    946.70000    625.54498
CROSS:     43.28232    946.70000    594.49225
CROSS:     80.35290    946.70000    563.43953
CROSS:    117.42348    946.70000    532.38681
6.5
l,l_int 144.236723731 144
4
[ 38.75560686   0.         -32.46421114]
CROSS:     -6.24439    916.70000    637.81374
CROSS:     32.51121    916.70000    605.34953
CROSS:     71.26682    916.70000    572.88532
CROSS:    110.02243    916.70000    540.42111
6.9
l,l_int 82.0824181672 82
2
[ 43.81068602   0.         -36.69867347]
CROSS:     58.81069    886.70000    585.15408
CROSS:    102.62137    886.70000    548.45541
7.1
l,l_int 19.006056084 19
95
