 A:    -89.10000   1366.70000    653.90000
B:   -161.00000    974.70000    763.90000
C:     93.00000    847.70000    558.90000
D:    186.50000   1226.70000    457.40000
1366.7 847.7
marumeta size(Y): 519
SHOU/AMARI= 17 9
number of Y lines= 17
847.7 1366.7
Y code: 1336.7
Vector AD and AB
partial: 0.0765306122449
partial: -2.85039370079
partial: 1.29023746702
partial: 0.785714285714
Y code: 1306.7
Vector AD and AB
partial: 0.15306122449
partial: -2.61417322835
partial: 1.2110817942
partial: 0.571428571429
Y code: 1276.7
Vector AD and AB
partial: 0.229591836735
partial: -2.37795275591
partial: 1.13192612137
partial: 0.357142857143
Y code: 1246.7
Vector AD and AB
partial: 0.30612244898
partial: -2.14173228346
partial: 1.05277044855
partial: 0.142857142857
Y code: 1216.7
Vector AD and AB
partial: 0.382653061224
partial: -1.90551181102
partial: 0.973614775726
partial: -0.0714285714286
Y code: 1186.7
Vector AD and AB
partial: 0.459183673469
partial: -1.66929133858
partial: 0.894459102902
partial: -0.285714285714
Y code: 1156.7
Vector AD and AB
partial: 0.535714285714
partial: -1.43307086614
partial: 0.815303430079
partial: -0.5
Y code: 1126.7
Vector AD and AB
partial: 0.612244897959
partial: -1.1968503937
partial: 0.736147757256
partial: -0.714285714286
Y code: 1096.7
Vector AD and AB
partial: 0.688775510204
partial: -0.96062992126
partial: 0.656992084433
partial: -0.928571428571
Y code: 1066.7
Vector AD and AB
partial: 0.765306122449
partial: -0.724409448819
partial: 0.577836411609
partial: -1.14285714286
Y code: 1036.7
Vector AD and AB
partial: 0.841836734694
partial: -0.488188976378
partial: 0.498680738786
partial: -1.35714285714
Y code: 1006.7
Vector AD and AB
partial: 0.918367346939
partial: -0.251968503937
partial: 0.419525065963
partial: -1.57142857143
Y code: 976.7
Vector AD and AB
partial: 0.994897959184
partial: -0.0157480314961
partial: 0.34036939314
partial: -1.78571428571
Y code: 946.7
Vector AD and AB
partial: 1.07142857143
partial: 0.220472440945
partial: 0.261213720317
partial: -2.0
Y code: 916.7
Vector AD and AB
partial: 1.14795918367
partial: 0.456692913386
partial: 0.182058047493
partial: -2.21428571429
Y code: 886.7
Vector AD and AB
partial: 1.22448979592
partial: 0.692913385827
partial: 0.10290237467
partial: -2.42857142857
Y code: 856.7
Vector AD and AB
partial: 1.30102040816
partial: 0.929133858268
partial: 0.023746701847
partial: -2.64285714286
7.1
l,l_int 59.0710475727 59
1
[ 64.55969388   0.         -50.5255102 ]
CROSS:    -30.04286   1336.70000    611.79286
7.2
l,l_int 118.340342771 118
3
[ 43.03979592   0.         -33.68367347]
CROSS:    -57.06531   1306.70000    637.05306
CROSS:    -14.02551   1306.70000    603.36939
CROSS:     29.01429   1306.70000    569.68571
7.5
l,l_int 178.399380489 178
5
[ 38.73581633   0.         -30.31530612]
CROSS:    -66.87184   1276.70000    648.83980
CROSS:    -28.13602   1276.70000    618.52449
CROSS:     10.59980   1276.70000    588.20918
CROSS:     49.33561   1276.70000    557.89388
CROSS:     88.07143   1276.70000    527.57857
8.0
l,l_int 239.826591621 239
7
[ 36.89125364   0.         -28.87172012]
CROSS:    -74.21895   1246.70000    658.70175
CROSS:    -37.32770   1246.70000    629.83003
CROSS:     -0.43644   1246.70000    600.95831
CROSS:     36.45481   1246.70000    572.08659
CROSS:     73.34606   1246.70000    543.21487
CROSS:    110.23732   1246.70000    514.34315
CROSS:    147.12857   1246.70000    485.47143
8.7
l,l_int 282.654404291 282
9
[ 33.40508185   0.         -26.21263739]
CROSS:    -83.20767   1216.70000    669.77920
CROSS:    -49.80259   1216.70000    643.56656
CROSS:    -16.39751   1216.70000    617.35392
CROSS:     17.00757   1216.70000    591.14129
CROSS:     50.41265   1216.70000    564.92865
CROSS:     83.81774   1216.70000    538.71601
CROSS:    117.22282   1216.70000    512.50338
CROSS:    150.62790   1216.70000    486.29074
CROSS:    184.03298   1216.70000    460.07810
9.6
l,l_int 285.719030046 285
9
[ 33.19413692   0.         -26.25531145]
CROSS:    -88.92117   1186.70000    678.15489
CROSS:    -55.72703   1186.70000    651.89958
CROSS:    -22.53290   1186.70000    625.64427
CROSS:     10.66124   1186.70000    599.38896
CROSS:     43.85538   1186.70000    573.13365
CROSS:     77.04952   1186.70000    546.87834
CROSS:    110.24365   1186.70000    520.62302
CROSS:    143.43779   1186.70000    494.36771
CROSS:    176.63193   1186.70000    468.11240
10.5
l,l_int 288.691481821 288
9
[ 32.98319198   0.         -26.29798551]
CROSS:    -94.63467   1156.70000    686.53059
CROSS:    -61.65147   1156.70000    660.23260
CROSS:    -28.66828   1156.70000    633.93461
CROSS:      4.31491   1156.70000    607.63663
CROSS:     37.29810   1156.70000    581.33864
CROSS:     70.28129   1156.70000    555.04066
CROSS:    103.26449   1156.70000    528.74267
CROSS:    136.24768   1156.70000    502.44469
CROSS:    169.23087   1156.70000    476.14670
11.4
l,l_int 291.571712415 291
9
[ 32.77224705   0.         -26.34065957]
CROSS:   -100.34816   1126.70000    694.90628
CROSS:    -67.57591   1126.70000    668.56562
CROSS:    -34.80367   1126.70000    642.22496
CROSS:     -2.03142   1126.70000    615.88430
CROSS:     30.74083   1126.70000    589.54364
CROSS:     63.51307   1126.70000    563.20298
CROSS:     96.28532   1126.70000    536.86232
CROSS:    129.05757   1126.70000    510.52166
CROSS:    161.82982   1126.70000    484.18100
12.3
l,l_int 294.359700902 294
9
[ 32.56130212   0.         -26.38333363]
CROSS:   -106.06166   1096.70000    703.28197
CROSS:    -73.50035   1096.70000    676.89864
CROSS:    -40.93905   1096.70000    650.51531
CROSS:     -8.37775   1096.70000    624.13197
CROSS:     24.18355   1096.70000    597.74864
CROSS:     56.74485   1096.70000    571.36530
CROSS:     89.30616   1096.70000    544.98197
CROSS:    121.86746   1096.70000    518.59864
CROSS:    154.42876   1096.70000    492.21530
13.2
l,l_int 297.055452347 297
9
[ 32.35035719   0.         -26.42600769]
CROSS:   -111.77515   1066.70000    711.65767
CROSS:    -79.42480   1066.70000    685.23166
CROSS:    -47.07444   1066.70000    658.80565
CROSS:    -14.72408   1066.70000    632.37964
CROSS:     17.62628   1066.70000    605.95363
CROSS:     49.97663   1066.70000    579.52763
CROSS:     82.32699   1066.70000    553.10162
CROSS:    114.67735   1066.70000    526.67561
CROSS:    147.02770   1066.70000    500.24960
14.1
l,l_int 299.65899751 299
9
[ 32.13941226   0.         -26.46868176]
CROSS:   -117.48865   1036.70000    720.03336
CROSS:    -85.34924   1036.70000    693.56468
CROSS:    -53.20982   1036.70000    667.09600
CROSS:    -21.07041   1036.70000    640.62731
CROSS:     11.06900   1036.70000    614.15863
CROSS:     43.20841   1036.70000    587.68995
CROSS:     75.34782   1036.70000    561.22127
CROSS:    107.48724   1036.70000    534.75259
CROSS:    139.62665   1036.70000    508.28391
15.0
l,l_int 302.170392539 302
10
[ 28.73562059   0.         -23.86022024]
CROSS:   -126.39499   1006.70000    731.06019
CROSS:    -97.65937   1006.70000    707.19997
CROSS:    -68.92375   1006.70000    683.33975
CROSS:    -40.18813   1006.70000    659.47953
CROSS:    -11.45251   1006.70000    635.61931
CROSS:     17.28311   1006.70000    611.75909
CROSS:     46.01873   1006.70000    587.89887
CROSS:     74.75435   1006.70000    564.03865
CROSS:    103.48997   1006.70000    540.17843
CROSS:    132.22559   1006.70000    516.31821
16.0
l,l_int 304.962875861 304
10
[ 28.54577015   0.         -23.89862689]
CROSS:   -132.08739    976.70000    739.44015
CROSS:   -103.54162    976.70000    715.54152
CROSS:    -74.99585    976.70000    691.64289
CROSS:    -46.45008    976.70000    667.74427
CROSS:    -17.90431    976.70000    643.84564
CROSS:     10.64146    976.70000    619.94701
CROSS:     39.18723    976.70000    596.04839
CROSS:     67.73300    976.70000    572.14976
CROSS:     96.27877    976.70000    548.25113
CROSS:    124.82454    976.70000    524.35251
17.0
l,l_int 240.543769606 240
7
[ 31.77478326   0.         -26.61662032]
CROSS:    -73.22522    946.70000    692.08653
CROSS:    -41.45043    946.70000    665.46991
CROSS:     -9.67565    946.70000    638.85329
CROSS:     22.09913    946.70000    612.23667
CROSS:     53.87392    946.70000    585.62005
CROSS:     85.64870    946.70000    559.00343
CROSS:    117.42348    946.70000    532.38681
17.7
l,l_int 169.020735447 169
5
[ 31.00448549   0.         -25.97136892]
CROSS:    -13.99551    916.70000    644.30658
CROSS:     17.00897    916.70000    618.33521
CROSS:     48.01346    916.70000    592.36385
CROSS:     79.01794    916.70000    566.39248
CROSS:    110.02243    916.70000    540.42111
18.2
l,l_int 96.0774443999 96
3
[ 29.20712401   0.         -24.46578231]
CROSS:     44.20712    886.70000    597.38697
CROSS:     73.41425    886.70000    572.92119
CROSS:    102.62137    886.70000    548.45541
18.5
l,l_int 22.2462291156 22
114
