 A:    -89.10000   1366.70000    653.90000
B:   -161.00000    974.70000    763.90000
C:     93.00000    847.70000    558.90000
D:    186.50000   1226.70000    457.40000
1366.7 847.7
marumeta size(Y): 519
SHOU/AMARI= 17 9
number of Y lines= 17
847.7 1366.7
Y code: 1336.7
Vector AD and AB
partial: 0.0765306122449
partial: -2.85039370079
partial: 1.29023746702
partial: 0.785714285714
Y code: 1306.7
Vector AD and AB
partial: 0.15306122449
partial: -2.61417322835
partial: 1.2110817942
partial: 0.571428571429
Y code: 1276.7
Vector AD and AB
partial: 0.229591836735
partial: -2.37795275591
partial: 1.13192612137
partial: 0.357142857143
Y code: 1246.7
Vector AD and AB
partial: 0.30612244898
partial: -2.14173228346
partial: 1.05277044855
partial: 0.142857142857
Y code: 1216.7
Vector AD and AB
partial: 0.382653061224
partial: -1.90551181102
partial: 0.973614775726
partial: -0.0714285714286
Y code: 1186.7
Vector AD and AB
partial: 0.459183673469
partial: -1.66929133858
partial: 0.894459102902
partial: -0.285714285714
Y code: 1156.7
Vector AD and AB
partial: 0.535714285714
partial: -1.43307086614
partial: 0.815303430079
partial: -0.5
Y code: 1126.7
Vector AD and AB
partial: 0.612244897959
partial: -1.1968503937
partial: 0.736147757256
partial: -0.714285714286
Y code: 1096.7
Vector AD and AB
partial: 0.688775510204
partial: -0.96062992126
partial: 0.656992084433
partial: -0.928571428571
Y code: 1066.7
Vector AD and AB
partial: 0.765306122449
partial: -0.724409448819
partial: 0.577836411609
partial: -1.14285714286
Y code: 1036.7
Vector AD and AB
partial: 0.841836734694
partial: -0.488188976378
partial: 0.498680738786
partial: -1.35714285714
Y code: 1006.7
Vector AD and AB
partial: 0.918367346939
partial: -0.251968503937
partial: 0.419525065963
partial: -1.57142857143
Y code: 976.7
Vector AD and AB
partial: 0.994897959184
partial: -0.0157480314961
partial: 0.34036939314
partial: -1.78571428571
Y code: 946.7
Vector AD and AB
partial: 1.07142857143
partial: 0.220472440945
partial: 0.261213720317
partial: -2.0
Y code: 916.7
Vector AD and AB
partial: 1.14795918367
partial: 0.456692913386
partial: 0.182058047493
partial: -2.21428571429
Y code: 886.7
Vector AD and AB
partial: 1.22448979592
partial: 0.692913385827
partial: 0.10290237467
partial: -2.42857142857
Y code: 856.7
Vector AD and AB
partial: 1.30102040816
partial: 0.929133858268
partial: 0.023746701847
partial: -2.64285714286
100.3
l,l_int 53.4592691765 53
1
[ 64.55969388   0.         -50.5255102 ]
CROSS:    -30.04286   1336.70000    611.79286
100.4
l,l_int 106.701423741 106
3
[ 43.03979592   0.         -33.68367347]
CROSS:    -57.06531   1306.70000    637.05306
CROSS:    -14.02551   1306.70000    603.36939
CROSS:     29.01429   1306.70000    569.68571
100.7
l,l_int 159.072198553 159
5
[ 38.73581633   0.         -30.31530612]
CROSS:    -66.87184   1276.70000    648.83980
CROSS:    -28.13602   1276.70000    618.52449
CROSS:     10.59980   1276.70000    588.20918
CROSS:     49.33561   1276.70000    557.89388
CROSS:     88.07143   1276.70000    527.57857
101.2
l,l_int 209.905722978 209
6
[ 43.03979592   0.         -33.68367347]
CROSS:    -68.07041   1246.70000    653.88980
CROSS:    -25.03061   1246.70000    620.20612
CROSS:     18.00918   1246.70000    586.52245
CROSS:     61.04898   1246.70000    552.83878
CROSS:    104.08878   1246.70000    519.15510
CROSS:    147.12857   1246.70000    485.47143
101.8
l,l_int 241.533741959 241
8
[ 37.58071708   0.         -29.48921706]
CROSS:    -79.03204   1216.70000    666.50262
CROSS:    -41.45132   1216.70000    637.01340
CROSS:     -3.87060   1216.70000    607.52419
CROSS:     33.71011   1216.70000    578.03497
CROSS:     71.29083   1216.70000    548.54575
CROSS:    108.87155   1216.70000    519.05653
CROSS:    146.45226   1216.70000    489.56732
CROSS:    184.03298   1216.70000    460.07810
102.6
l,l_int 236.596616797 236
7
[ 42.67817603   0.         -33.756829  ]
CROSS:    -79.43713   1186.70000    670.65338
CROSS:    -36.75895   1186.70000    636.89655
CROSS:      5.91922   1186.70000    603.13972
CROSS:     48.59740   1186.70000    569.38289
CROSS:     91.27557   1186.70000    535.62606
CROSS:    133.95375   1186.70000    501.86923
CROSS:    176.63193   1186.70000    468.11240
103.3
l,l_int 232.168940528 232
7
[ 42.40696112   0.         -33.81169565]
CROSS:    -85.21090   1156.70000    679.01688
CROSS:    -42.80393   1156.70000    645.20518
CROSS:     -0.39697   1156.70000    611.39348
CROSS:     42.00999   1156.70000    577.58179
CROSS:     84.41695   1156.70000    543.77009
CROSS:    126.82391   1156.70000    509.95840
CROSS:    169.23087   1156.70000    476.14670
104.0
l,l_int 227.734225858 227
7
[ 42.13574621   0.         -33.86656231]
CROSS:    -90.98466   1126.70000    687.38038
CROSS:    -48.84892   1126.70000    653.51381
CROSS:     -6.71317   1126.70000    619.64725
CROSS:     35.42258   1126.70000    585.78069
CROSS:     77.55832   1126.70000    551.91413
CROSS:    119.69407   1126.70000    518.04756
CROSS:    161.82982   1126.70000    484.18100
104.7
l,l_int 223.293224614 223
7
[ 41.8645313    0.         -33.92142896]
CROSS:    -96.75843   1096.70000    695.74388
CROSS:    -54.89390   1096.70000    661.82245
CROSS:    -13.02937   1096.70000    627.90102
CROSS:     28.83517   1096.70000    593.97959
CROSS:     70.69970   1096.70000    560.05816
CROSS:    112.56423   1096.70000    526.13673
CROSS:    154.42876   1096.70000    492.21530
105.4
l,l_int 218.846681364 218
7
[ 41.59331638   0.         -33.97629561]
CROSS:   -102.53219   1066.70000    704.10738
CROSS:    -60.93888   1066.70000    670.13108
CROSS:    -19.34556   1066.70000    636.15479
CROSS:     22.24776   1066.70000    602.17849
CROSS:     63.84107   1066.70000    568.20220
CROSS:    105.43439   1066.70000    534.22590
CROSS:    147.02770   1066.70000    500.24960
106.1
l,l_int 214.395333269 214
7
[ 41.32210147   0.         -34.03116226]
CROSS:   -108.30596   1036.70000    712.47088
CROSS:    -66.98386   1036.70000    678.43972
CROSS:    -25.66176   1036.70000    644.40855
CROSS:     15.66034   1036.70000    610.37739
CROSS:     56.98245   1036.70000    576.34623
CROSS:     98.30455   1036.70000    542.31507
CROSS:    139.62665   1036.70000    508.28391
106.8
l,l_int 209.939909923 209
6
[ 47.89270099   0.         -39.76703373]
CROSS:   -107.23791   1006.70000    715.15337
CROSS:    -59.34521   1006.70000    675.38634
CROSS:    -11.45251   1006.70000    635.61931
CROSS:     36.44019   1006.70000    595.85227
CROSS:     84.33289   1006.70000    556.08524
CROSS:    132.22559   1006.70000    516.31821
107.4
l,l_int 206.022654171 206
6
[ 47.57628359   0.         -39.83104482]
CROSS:   -113.05688    976.70000    723.50773
CROSS:    -65.48060    976.70000    683.67669
CROSS:    -17.90431    976.70000    643.84564
CROSS:     29.67197    976.70000    604.01460
CROSS:     77.24825    976.70000    564.18355
CROSS:    124.82454    976.70000    524.35251
108.0
l,l_int 158.026042358 158
5
[ 44.48469657   0.         -37.26326844]
CROSS:    -60.51530    946.70000    681.43988
CROSS:    -16.03061    946.70000    644.17661
CROSS:     28.45409    946.70000    606.91334
CROSS:     72.93879    946.70000    569.65008
CROSS:    117.42348    946.70000    532.38681
108.5
l,l_int 108.655150882 108
3
[ 51.67414248   0.         -43.28561486]
CROSS:      6.67414    916.70000    626.99234
CROSS:     58.34828    916.70000    583.70672
CROSS:    110.02243    916.70000    540.42111
108.8
l,l_int 60.9081904674 60
1
[ 87.62137203   0.         -73.39734693]
CROSS:    102.62137    886.70000    548.45541
108.9
l,l_int 14.0167588969 14
86
