 A:    -89.10000   1366.70000    653.90000
B:   -161.00000    974.70000    763.90000
C:     93.00000    847.70000    558.90000
D:    186.50000   1226.70000    457.40000
1366.7 847.7
marumeta size(Y): 519
SHOU/AMARI= 17 9
number of Y lines= 17
847.7 1366.7
Y code: 1336.7
Vector AD and AB
partial: 0.0765306122449
partial: -2.85039370079
partial: 1.29023746702
partial: 0.785714285714
Y code: 1306.7
Vector AD and AB
partial: 0.15306122449
partial: -2.61417322835
partial: 1.2110817942
partial: 0.571428571429
Y code: 1276.7
Vector AD and AB
partial: 0.229591836735
partial: -2.37795275591
partial: 1.13192612137
partial: 0.357142857143
Y code: 1246.7
Vector AD and AB
partial: 0.30612244898
partial: -2.14173228346
partial: 1.05277044855
partial: 0.142857142857
Y code: 1216.7
Vector AD and AB
partial: 0.382653061224
partial: -1.90551181102
partial: 0.973614775726
partial: -0.0714285714286
Y code: 1186.7
Vector AD and AB
partial: 0.459183673469
partial: -1.66929133858
partial: 0.894459102902
partial: -0.285714285714
Y code: 1156.7
Vector AD and AB
partial: 0.535714285714
partial: -1.43307086614
partial: 0.815303430079
partial: -0.5
Y code: 1126.7
Vector AD and AB
partial: 0.612244897959
partial: -1.1968503937
partial: 0.736147757256
partial: -0.714285714286
Y code: 1096.7
Vector AD and AB
partial: 0.688775510204
partial: -0.96062992126
partial: 0.656992084433
partial: -0.928571428571
Y code: 1066.7
Vector AD and AB
partial: 0.765306122449
partial: -0.724409448819
partial: 0.577836411609
partial: -1.14285714286
Y code: 1036.7
Vector AD and AB
partial: 0.841836734694
partial: -0.488188976378
partial: 0.498680738786
partial: -1.35714285714
Y code: 1006.7
Vector AD and AB
partial: 0.918367346939
partial: -0.251968503937
partial: 0.419525065963
partial: -1.57142857143
Y code: 976.7
Vector AD and AB
partial: 0.994897959184
partial: -0.0157480314961
partial: 0.34036939314
partial: -1.78571428571
Y code: 946.7
Vector AD and AB
partial: 1.07142857143
partial: 0.220472440945
partial: 0.261213720317
partial: -2.0
Y code: 916.7
Vector AD and AB
partial: 1.14795918367
partial: 0.456692913386
partial: 0.182058047493
partial: -2.21428571429
Y code: 886.7
Vector AD and AB
partial: 1.22448979592
partial: 0.692913385827
partial: 0.10290237467
partial: -2.42857142857
Y code: 856.7
Vector AD and AB
partial: 1.30102040816
partial: 0.929133858268
partial: 0.023746701847
partial: -2.64285714286
76.7
l,l_int 73.8706286485 73
2
[ 32.27984694   0.         -25.2627551 ]
CROSS:    -62.32270   1336.70000    637.05561
CROSS:    -30.04286   1336.70000    611.79286
76.9
l,l_int 147.492161191 147
4
[ 32.27984694   0.         -25.2627551 ]
CROSS:    -67.82526   1306.70000    645.47398
CROSS:    -35.54541   1306.70000    620.21122
CROSS:     -3.26556   1306.70000    594.94847
CROSS:     29.01429   1306.70000    569.68571
77.3
l,l_int 220.482870899 220
7
[ 27.66844023   0.         -21.65379009]
CROSS:    -77.93921   1276.70000    657.50131
CROSS:    -50.27077   1276.70000    635.84752
CROSS:    -22.60233   1276.70000    614.19373
CROSS:      5.06611   1276.70000    592.53994
CROSS:     32.73455   1276.70000    570.88615
CROSS:     60.40299   1276.70000    549.23236
CROSS:     88.07143   1276.70000    527.57857
78.0
l,l_int 292.180182223 292
9
[ 28.69319728   0.         -22.45578231]
CROSS:    -82.41701   1246.70000    665.11769
CROSS:    -53.72381   1246.70000    642.66190
CROSS:    -25.03061   1246.70000    620.20612
CROSS:      3.66259   1246.70000    597.75034
CROSS:     32.35578   1246.70000    575.29456
CROSS:     61.04898   1246.70000    552.83878
CROSS:     89.74218   1246.70000    530.38299
CROSS:    118.43537   1246.70000    507.92721
CROSS:    147.12857   1246.70000    485.47143
78.9
l,l_int 337.736270691 337
11
[ 27.3314306    0.         -21.44670332]
CROSS:    -89.28132   1216.70000    674.54513
CROSS:    -61.94989   1216.70000    653.09843
CROSS:    -34.61846   1216.70000    631.65173
CROSS:     -7.28703   1216.70000    610.20502
CROSS:     20.04440   1216.70000    588.75832
CROSS:     47.37583   1216.70000    567.31162
CROSS:     74.70726   1216.70000    545.86491
CROSS:    102.03869   1216.70000    524.41821
CROSS:    129.37012   1216.70000    502.97151
CROSS:    156.70155   1216.70000    481.52480
CROSS:    184.03298   1216.70000    460.07810
80.0
l,l_int 333.144656172 333
11
[ 27.15883929   0.         -21.48161846]
CROSS:    -94.95647   1186.70000    682.92859
CROSS:    -67.79763   1186.70000    661.44697
CROSS:    -40.63879   1186.70000    639.96535
CROSS:    -13.47995   1186.70000    618.48373
CROSS:     13.67889   1186.70000    597.00211
CROSS:     40.83773   1186.70000    575.52049
CROSS:     67.99657   1186.70000    554.03887
CROSS:     95.15541   1186.70000    532.55726
CROSS:    122.31425   1186.70000    511.07564
CROSS:    149.47309   1186.70000    489.59402
CROSS:    176.63193   1186.70000    468.11240
81.1
l,l_int 328.458556222 328
10
[ 29.68487279   0.         -23.66818696]
CROSS:    -97.93298   1156.70000    689.16038
CROSS:    -68.24811   1156.70000    665.49220
CROSS:    -38.56324   1156.70000    641.82401
CROSS:     -8.87837   1156.70000    618.15582
CROSS:     20.80651   1156.70000    594.48764
CROSS:     50.49138   1156.70000    570.81945
CROSS:     80.17625   1156.70000    547.15126
CROSS:    109.86113   1156.70000    523.48308
CROSS:    139.54600   1156.70000    499.81489
CROSS:    169.23087   1156.70000    476.14670
82.1
l,l_int 324.022023608 324
10
[ 29.49502235   0.         -23.70659361]
CROSS:   -103.62539   1126.70000    697.54035
CROSS:    -74.13036   1126.70000    673.83375
CROSS:    -44.63534   1126.70000    650.12716
CROSS:    -15.14032   1126.70000    626.42056
CROSS:     14.35470   1126.70000    602.71397
CROSS:     43.84973   1126.70000    579.00738
CROSS:     73.34475   1126.70000    555.30078
CROSS:    102.83977   1126.70000    531.59419
CROSS:    132.33479   1126.70000    507.88760
CROSS:    161.82982   1126.70000    484.18100
83.1
l,l_int 319.514146374 319
10
[ 29.30517191   0.         -23.74500027]
CROSS:   -109.31779   1096.70000    705.92031
CROSS:    -80.01262   1096.70000    682.17531
CROSS:    -50.70744   1096.70000    658.43031
CROSS:    -21.40227   1096.70000    634.68531
CROSS:      7.90290   1096.70000    610.94030
CROSS:     37.20807   1096.70000    587.19530
CROSS:     66.51324   1096.70000    563.45030
CROSS:     95.81842   1096.70000    539.70530
CROSS:    125.12359   1096.70000    515.96030
CROSS:    154.42876   1096.70000    492.21530
84.1
l,l_int 314.936826835 314
10
[ 29.11532147   0.         -23.78340692]
CROSS:   -115.01019   1066.70000    714.30027
CROSS:    -85.89487   1066.70000    690.51686
CROSS:    -56.77955   1066.70000    666.73345
CROSS:    -27.66422   1066.70000    642.95005
CROSS:      1.45110   1066.70000    619.16664
CROSS:     30.56642   1066.70000    595.38323
CROSS:     59.68174   1066.70000    571.59982
CROSS:     88.79706   1066.70000    547.81642
CROSS:    117.91238   1066.70000    524.03301
CROSS:    147.02770   1066.70000    500.24960
85.1
l,l_int 310.291972113 310
10
[ 28.92547103   0.         -23.82181358]
CROSS:   -120.70259   1036.70000    722.68023
CROSS:    -91.77712   1036.70000    698.85841
CROSS:    -62.85165   1036.70000    675.03660
CROSS:    -33.92618   1036.70000    651.21479
CROSS:     -5.00071   1036.70000    627.39297
CROSS:     23.92476   1036.70000    603.57116
CROSS:     52.85024   1036.70000    579.74935
CROSS:     81.77571   1036.70000    555.92753
CROSS:    110.70118   1036.70000    532.10572
CROSS:    139.62665   1036.70000    508.28391
86.1
l,l_int 305.58149333 305
10
[ 28.73562059   0.         -23.86022024]
CROSS:   -126.39499   1006.70000    731.06019
CROSS:    -97.65937   1006.70000    707.19997
CROSS:    -68.92375   1006.70000    683.33975
CROSS:    -40.18813   1006.70000    659.47953
CROSS:    -11.45251   1006.70000    635.61931
CROSS:     17.28311   1006.70000    611.75909
CROSS:     46.01873   1006.70000    587.89887
CROSS:     74.75435   1006.70000    564.03865
CROSS:    103.48997   1006.70000    540.17843
CROSS:    132.22559   1006.70000    516.31821
87.1
l,l_int 300.807304795 300
9
[ 31.71752239   0.         -26.55402988]
CROSS:   -128.91564    976.70000    736.78475
CROSS:    -97.19812    976.70000    710.23072
CROSS:    -65.48060    976.70000    683.67669
CROSS:    -33.76307    976.70000    657.12266
CROSS:     -2.04555    976.70000    630.56863
CROSS:     29.67197    976.70000    604.01460
CROSS:     61.38949    976.70000    577.46057
CROSS:     93.10702    976.70000    550.90654
CROSS:    124.82454    976.70000    524.35251
88.0
l,l_int 231.722665519 231
7
[ 31.77478326   0.         -26.61662032]
CROSS:    -73.22522    946.70000    692.08653
CROSS:    -41.45043    946.70000    665.46991
CROSS:     -9.67565    946.70000    638.85329
CROSS:     22.09913    946.70000    612.23667
CROSS:     53.87392    946.70000    585.62005
CROSS:     85.64870    946.70000    559.00343
CROSS:    117.42348    946.70000    532.38681
88.7
l,l_int 160.004792523 160
5
[ 31.00448549   0.         -25.97136892]
CROSS:    -13.99551    916.70000    644.30658
CROSS:     17.00897    916.70000    618.33521
CROSS:     48.01346    916.70000    592.36385
CROSS:     79.01794    916.70000    566.39248
CROSS:    110.02243    916.70000    540.42111
89.2
l,l_int 89.8240801459 89
2
[ 43.81068602   0.         -36.69867347]
CROSS:     58.81069    886.70000    585.15408
CROSS:    102.62137    886.70000    548.45541
89.4
l,l_int 20.671568694 20
127
