A:   -323.20000    879.90000    314.30000
B:   -609.10000    803.00000    809.30000
C:   -453.20000    252.00000    817.30000
D:   -182.20000    332.00000    347.30000
879.9 252.0
marumeta size(Y): 627
SHOU/AMARI= 12 27
number of Y lines= 12
252.0 879.9
Y code: 829.9
Vector AD and AB
partial: 0.650195058518
partial: -0.0488203266788
partial: 7.22375
partial: 0.908742471254
Y code: 779.9
Vector AD and AB
partial: 1.30039011704
partial: 0.0419237749546
partial: 6.59875
partial: 0.817484942508
Y code: 729.9
Vector AD and AB
partial: 1.95058517555
partial: 0.132667876588
partial: 5.97375
partial: 0.726227413762
Y code: 679.9
Vector AD and AB
partial: 2.60078023407
partial: 0.223411978221
partial: 5.34875
partial: 0.634969885016
Y code: 629.9
Vector AD and AB
partial: 3.25097529259
partial: 0.314156079855
partial: 4.72375
partial: 0.543712356269
Y code: 579.9
Vector AD and AB
partial: 3.90117035111
partial: 0.404900181488
partial: 4.09875
partial: 0.452454827523
Y code: 529.9
Vector AD and AB
partial: 4.55136540962
partial: 0.495644283122
partial: 3.47375
partial: 0.361197298777
Y code: 479.9
Vector AD and AB
partial: 5.20156046814
partial: 0.586388384755
partial: 2.84875
partial: 0.269939770031
Y code: 429.9
Vector AD and AB
partial: 5.85175552666
partial: 0.677132486388
partial: 2.22375
partial: 0.178682241285
Y code: 379.9
Vector AD and AB
partial: 6.50195058518
partial: 0.767876588022
partial: 1.59875
partial: 0.0874247125388
Y code: 329.9
Vector AD and AB
partial: 7.15214564369
partial: 0.858620689655
partial: 0.97375
partial: -0.00383281620734
Y code: 279.9
Vector AD and AB
partial: 7.80234070221
partial: 0.949364791289
partial: 0.34875
partial: -0.0950903449535
30.0
l,l_int 375.713410073 375
7
[ 28.39401125   0.         -45.54786507]
CROSS:   -480.69676    829.90000    590.59869
CROSS:   -452.30274    829.90000    545.05082
CROSS:   -423.90873    829.90000    499.50296
CROSS:   -395.51472    829.90000    453.95509
CROSS:   -367.12071    829.90000    408.40723
CROSS:   -338.72670    829.90000    362.85936
CROSS:   -310.33269    829.90000    317.31150
30.7
l,l_int 576.59536064 576
11
[  2.77362461e+01  -1.03351671e-14  -4.44829448e+01]
CROSS:   -574.82784    779.90000    765.15245
CROSS:   -547.09159    779.90000    720.66950
CROSS:   -519.35535    779.90000    676.18656
CROSS:   -491.61910    779.90000    631.70361
CROSS:   -463.88285    779.90000    587.22067
CROSS:   -436.14661    779.90000    542.73772
CROSS:   -408.41036    779.90000    498.25478
CROSS:   -380.67412    779.90000    453.77183
CROSS:   -352.93787    779.90000    409.28889
CROSS:   -325.20162    779.90000    364.80594
CROSS:   -297.46538    779.90000    320.32300
31.8
l,l_int 573.738655842 573
11
[ 27.61991025   0.         -44.27516797]
CROSS:   -560.79717    729.90000    766.08618
CROSS:   -533.17726    729.90000    721.81101
CROSS:   -505.55735    729.90000    677.53584
CROSS:   -477.93744    729.90000    633.26067
CROSS:   -450.31753    729.90000    588.98550
CROSS:   -422.69762    729.90000    544.71034
CROSS:   -395.07771    729.90000    500.43517
CROSS:   -367.45780    729.90000    456.16000
CROSS:   -339.83789    729.90000    411.88483
CROSS:   -312.21798    729.90000    367.60966
CROSS:   -284.59807    729.90000    323.33450
32.9
l,l_int 570.673667138 570
11
[ 27.50357444   0.         -44.06739109]
CROSS:   -546.76650    679.90000    767.01990
CROSS:   -519.26292    679.90000    722.95251
CROSS:   -491.75935    679.90000    678.88512
CROSS:   -464.25577    679.90000    634.81773
CROSS:   -436.75220    679.90000    590.75034
CROSS:   -409.24863    679.90000    546.68295
CROSS:   -381.74505    679.90000    502.61556
CROSS:   -354.24148    679.90000    458.54817
CROSS:   -326.73790    679.90000    414.48078
CROSS:   -299.23433    679.90000    370.41338
CROSS:   -271.73075    679.90000    326.34599
34.0
l,l_int 567.403451536 567
11
[ 27.38723863   0.         -43.85961422]
CROSS:   -532.73583    629.90000    767.95363
CROSS:   -505.34859    629.90000    724.09402
CROSS:   -477.96135    629.90000    680.23441
CROSS:   -450.57411    629.90000    636.37479
CROSS:   -423.18687    629.90000    592.51518
CROSS:   -395.79964    629.90000    548.65556
CROSS:   -368.41240    629.90000    504.79595
CROSS:   -341.02516    629.90000    460.93633
CROSS:   -313.63792    629.90000    417.07672
CROSS:   -286.25068    629.90000    373.21711
CROSS:   -258.86344    629.90000    329.35749
35.1
l,l_int 563.931139768 563
11
[ 27.27090282   0.         -43.65183734]
CROSS:   -518.70516    579.90000    768.88736
CROSS:   -491.43426    579.90000    725.23553
CROSS:   -464.16335    579.90000    681.58369
CROSS:   -436.89245    579.90000    637.93185
CROSS:   -409.62155    579.90000    594.28001
CROSS:   -382.35064    579.90000    550.62818
CROSS:   -355.07974    579.90000    506.97634
CROSS:   -327.80884    579.90000    463.32450
CROSS:   -300.53794    579.90000    419.67267
CROSS:   -273.26703    579.90000    376.02083
CROSS:   -245.99613    579.90000    332.36899
36.2
l,l_int 560.259934426 560
11
[ 27.15456701   0.         -43.44406047]
CROSS:   -504.67449    529.90000    769.82109
CROSS:   -477.51992    529.90000    726.37703
CROSS:   -450.36536    529.90000    682.93297
CROSS:   -423.21079    529.90000    639.48891
CROSS:   -396.05622    529.90000    596.04485
CROSS:   -368.90165    529.90000    552.60079
CROSS:   -341.74709    529.90000    509.15673
CROSS:   -314.59252    529.90000    465.71267
CROSS:   -287.43795    529.90000    422.26861
CROSS:   -260.28339    529.90000    378.82455
CROSS:   -233.12882    529.90000    335.38049
37.3
l,l_int 556.393108069 556
11
[ 27.0382312    0.         -43.23628359]
CROSS:   -490.64382    479.90000    770.75482
CROSS:   -463.60559    479.90000    727.51854
CROSS:   -436.56736    479.90000    684.28226
CROSS:   -409.52913    479.90000    641.04597
CROSS:   -382.49089    479.90000    597.80969
CROSS:   -355.45266    479.90000    554.57341
CROSS:   -328.41443    479.90000    511.33712
CROSS:   -301.37620    479.90000    468.10084
CROSS:   -274.33797    479.90000    424.86455
CROSS:   -247.29974    479.90000    381.62827
CROSS:   -220.26151    479.90000    338.39199
38.4
l,l_int 552.334001312 552
11
[ 26.9218954    0.         -43.02850671]
CROSS:   -476.61315    429.90000    771.68855
CROSS:   -449.69125    429.90000    728.66005
CROSS:   -422.76936    429.90000    685.63154
CROSS:   -395.84746    429.90000    642.60303
CROSS:   -368.92557    429.90000    599.57453
CROSS:   -342.00367    429.90000    556.54602
CROSS:   -315.08178    429.90000    513.51751
CROSS:   -288.15988    429.90000    470.48901
CROSS:   -261.23799    429.90000    427.46050
CROSS:   -234.31609    429.90000    384.43199
CROSS:   -207.39420    429.90000    341.40349
39.5
l,l_int 548.086020887 548
10
[ 29.48611555   0.         -47.10280282]
CROSS:   -459.90192    379.90000    768.34021
CROSS:   -430.41581    379.90000    721.23741
CROSS:   -400.92969    379.90000    674.13460
CROSS:   -371.44358    379.90000    627.03180
CROSS:   -341.95746    379.90000    579.92900
CROSS:   -312.47135    379.90000    532.82620
CROSS:   -282.98523    379.90000    485.72339
CROSS:   -253.49912    379.90000    438.62059
CROSS:   -224.01300    379.90000    391.51779
CROSS:   -194.52688    379.90000    344.41498
40.5
l,l_int 529.659067857 529
10
[ 28.59272845   0.         -45.65314655]
CROSS:   -446.64831    329.90000    770.51582
CROSS:   -418.05558    329.90000    724.86267
CROSS:   -389.46285    329.90000    679.20953
CROSS:   -360.87012    329.90000    633.55638
CROSS:   -332.27739    329.90000    587.90323
CROSS:   -303.68466    329.90000    542.25009
CROSS:   -275.09194    329.90000    496.59694
CROSS:   -246.49921    329.90000    450.94379
CROSS:   -217.90648    329.90000    405.29065
CROSS:   -189.31375    329.90000    359.63750
41.5
l,l_int 189.055685047 189
3
[ 34.13509301   0.         -54.50247278]
CROSS:   -426.95894    279.90000    762.39245
CROSS:   -392.82384    279.90000    707.88997
CROSS:   -358.68875    279.90000    653.38750
