 A:   -323.20000    879.90000    314.30000
B:   -609.10000    803.00000    809.30000
C:   -453.20000    252.00000    817.30000
D:   -182.20000    332.00000    347.30000
879.9 252.0
marumeta size(Y): 627
SHOU/AMARI= 20 27
number of Y lines= 20
252.0 879.9
Y code: 849.9
Vector AD and AB
partial: 0.390117035111
partial: -0.0851179673321
partial: 7.47375
partial: 0.945245482752
Y code: 819.9
Vector AD and AB
partial: 0.780234070221
partial: -0.0306715063521
partial: 7.09875
partial: 0.890490965505
Y code: 789.9
Vector AD and AB
partial: 1.17035110533
partial: 0.0237749546279
partial: 6.72375
partial: 0.835736448257
Y code: 759.9
Vector AD and AB
partial: 1.56046814044
partial: 0.078221415608
partial: 6.34875
partial: 0.780981931009
Y code: 729.9
Vector AD and AB
partial: 1.95058517555
partial: 0.132667876588
partial: 5.97375
partial: 0.726227413762
Y code: 699.9
Vector AD and AB
partial: 2.34070221066
partial: 0.187114337568
partial: 5.59875
partial: 0.671472896514
Y code: 669.9
Vector AD and AB
partial: 2.73081924577
partial: 0.241560798548
partial: 5.22375
partial: 0.616718379266
Y code: 639.9
Vector AD and AB
partial: 3.12093628088
partial: 0.296007259528
partial: 4.84875
partial: 0.561963862019
Y code: 609.9
Vector AD and AB
partial: 3.51105331599
partial: 0.350453720508
partial: 4.47375
partial: 0.507209344771
Y code: 579.9
Vector AD and AB
partial: 3.90117035111
partial: 0.404900181488
partial: 4.09875
partial: 0.452454827523
Y code: 549.9
Vector AD and AB
partial: 4.29128738622
partial: 0.459346642468
partial: 3.72375
partial: 0.397700310276
Y code: 519.9
Vector AD and AB
partial: 4.68140442133
partial: 0.513793103448
partial: 3.34875
partial: 0.342945793028
Y code: 489.9
Vector AD and AB
partial: 5.07152145644
partial: 0.568239564428
partial: 2.97375
partial: 0.28819127578
Y code: 459.9
Vector AD and AB
partial: 5.46163849155
partial: 0.622686025408
partial: 2.59875
partial: 0.233436758533
Y code: 429.9
Vector AD and AB
partial: 5.85175552666
partial: 0.677132486388
partial: 2.22375
partial: 0.178682241285
Y code: 399.9
Vector AD and AB
partial: 6.24187256177
partial: 0.731578947368
partial: 1.84875
partial: 0.123927724037
Y code: 369.9
Vector AD and AB
partial: 6.63198959688
partial: 0.786025408348
partial: 1.47375
partial: 0.0691732067896
Y code: 339.9
Vector AD and AB
partial: 7.02210663199
partial: 0.840471869328
partial: 1.09875
partial: 0.0144186895419
Y code: 309.9
Vector AD and AB
partial: 7.4122236671
partial: 0.894918330309
partial: 0.72375
partial: -0.0403358277058
Y code: 279.9
Vector AD and AB
partial: 7.80234070221
partial: 0.949364791289
partial: 0.34875
partial: -0.0950903449535
-10.0
l,l_int 172.687901995 172
5
[ 23.85096945   0.         -38.26020666]
CROSS:   -410.88349    849.90000    469.14773
CROSS:   -387.03252    849.90000    430.88752
CROSS:   -363.18155    849.90000    392.62731
CROSS:   -339.33058    849.90000    354.36711
CROSS:   -315.47961    849.90000    316.10690
5
-9.5
l,l_int 347.891644225 347
11
[ 21.6826995    0.         -34.78200606]
CROSS:   -524.58622    819.90000    665.73386
CROSS:   -502.90352    819.90000    630.95185
CROSS:   -481.22082    819.90000    596.16985
CROSS:   -459.53812    819.90000    561.38784
CROSS:   -437.85542    819.90000    526.60583
CROSS:   -416.17272    819.90000    491.82383
CROSS:   -394.49002    819.90000    457.04182
CROSS:   -372.80732    819.90000    422.25982
CROSS:   -351.12463    819.90000    387.47781
CROSS:   -329.44193    819.90000    352.69580
CROSS:   -307.75923    819.90000    317.91380
16
-8.4
l,l_int 452.31784608 452
15
[ 20.35697636   0.         -32.65130016]
CROSS:   -585.03651    789.90000    776.83890
CROSS:   -564.67953    789.90000    744.18760
CROSS:   -544.32256    789.90000    711.53630
CROSS:   -523.96558    789.90000    678.88500
CROSS:   -503.60860    789.90000    646.23370
CROSS:   -483.25163    789.90000    613.58240
CROSS:   -462.89465    789.90000    580.93110
CROSS:   -442.53767    789.90000    548.27980
CROSS:   -422.18070    789.90000    515.62850
CROSS:   -401.82372    789.90000    482.97720
CROSS:   -381.46674    789.90000    450.32590
CROSS:   -361.10977    789.90000    417.67460
CROSS:   -340.75279    789.90000    385.02330
CROSS:   -320.39582    789.90000    352.37200
CROSS:   -300.03884    789.90000    319.72070
31
-6.9
l,l_int 460.291927554 460
15
[ 20.3057886    0.         -32.55987834]
CROSS:   -576.59949    759.90000    777.36589
CROSS:   -556.29370    759.90000    744.80601
CROSS:   -535.98792    759.90000    712.24614
CROSS:   -515.68213    759.90000    679.68626
CROSS:   -495.37634    759.90000    647.12638
CROSS:   -475.07055    759.90000    614.56650
CROSS:   -454.76476    759.90000    582.00662
CROSS:   -434.45897    759.90000    549.44674
CROSS:   -414.15318    759.90000    516.88687
CROSS:   -393.84740    759.90000    484.32699
CROSS:   -373.54161    759.90000    451.76711
CROSS:   -353.23582    759.90000    419.20723
CROSS:   -332.93003    759.90000    386.64735
CROSS:   -312.62424    759.90000    354.08747
CROSS:   -292.31845    759.90000    321.52760
46
-5.4
l,l_int 467.901206861 467
15
[ 20.25460085   0.         -32.46845651]
CROSS:   -568.16248    729.90000    777.89289
CROSS:   -547.90788    729.90000    745.42443
CROSS:   -527.65328    729.90000    712.95597
CROSS:   -507.39867    729.90000    680.48752
CROSS:   -487.14407    729.90000    648.01906
CROSS:   -466.88947    729.90000    615.55060
CROSS:   -446.63487    729.90000    583.08215
CROSS:   -426.38027    729.90000    550.61369
CROSS:   -406.12567    729.90000    518.14523
CROSS:   -385.87107    729.90000    485.67678
CROSS:   -365.61647    729.90000    453.20832
CROSS:   -345.36187    729.90000    420.73986
CROSS:   -325.10727    729.90000    388.27141
CROSS:   -304.85267    729.90000    355.80295
CROSS:   -284.59807    729.90000    323.33450
61
-3.9
l,l_int 475.142206908 475
15
[ 20.20341309   0.         -32.37703469]
CROSS:   -559.72546    699.90000    778.41988
CROSS:   -539.52205    699.90000    746.04285
CROSS:   -519.31864    699.90000    713.66581
CROSS:   -499.11522    699.90000    681.28878
CROSS:   -478.91181    699.90000    648.91174
CROSS:   -458.70840    699.90000    616.53471
CROSS:   -438.50498    699.90000    584.15767
CROSS:   -418.30157    699.90000    551.78064
CROSS:   -398.09816    699.90000    519.40360
CROSS:   -377.89474    699.90000    487.02657
CROSS:   -357.69133    699.90000    454.64953
CROSS:   -337.48792    699.90000    422.27250
CROSS:   -317.28450    699.90000    389.89546
CROSS:   -297.08109    699.90000    357.51843
CROSS:   -276.87768    699.90000    325.14139
76
-2.4
l,l_int 482.011735611 482
16
[ 18.89271125   0.         -30.26776206]
CROSS:   -552.54796    669.90000    780.96472
CROSS:   -533.65525    669.90000    750.69696
CROSS:   -514.76254    669.90000    720.42920
CROSS:   -495.86983    669.90000    690.16144
CROSS:   -476.97712    669.90000    659.89368
CROSS:   -458.08440    669.90000    629.62591
CROSS:   -439.19169    669.90000    599.35815
CROSS:   -420.29898    669.90000    569.09039
CROSS:   -401.40627    669.90000    538.82263
CROSS:   -382.51356    669.90000    508.55487
CROSS:   -363.62085    669.90000    478.28710
CROSS:   -344.72814    669.90000    448.01934
CROSS:   -325.83543    669.90000    417.75158
CROSS:   -306.94271    669.90000    387.48382
CROSS:   -288.05000    669.90000    357.21606
CROSS:   -269.15729    669.90000    326.94829
92
-0.8
l,l_int 489.016416354 489
16
[ 18.84472273   0.         -30.1820541 ]
CROSS:   -544.10775    639.90000    781.48600
CROSS:   -525.26302    639.90000    751.30395
CROSS:   -506.41830    639.90000    721.12190
CROSS:   -487.57358    639.90000    690.93984
CROSS:   -468.72885    639.90000    660.75779
CROSS:   -449.88413    639.90000    630.57573
CROSS:   -431.03941    639.90000    600.39368
CROSS:   -412.19469    639.90000    570.21163
CROSS:   -393.34996    639.90000    540.02957
CROSS:   -374.50524    639.90000    509.84752
CROSS:   -355.66052    639.90000    479.66546
CROSS:   -336.81580    639.90000    449.48341
CROSS:   -317.97107    639.90000    419.30135
CROSS:   -299.12635    639.90000    389.11930
CROSS:   -280.28163    639.90000    358.93725
CROSS:   -261.43690    639.90000    328.75519
108
0.8
l,l_int 495.594896488 495
16
[ 18.79673421   0.         -30.09634613]
CROSS:   -535.66753    609.90000    782.00728
CROSS:   -516.87080    609.90000    751.91094
CROSS:   -498.07406    609.90000    721.81459
CROSS:   -479.27733    609.90000    691.71825
CROSS:   -460.48059    609.90000    661.62190
CROSS:   -441.68386    609.90000    631.52555
CROSS:   -422.88713    609.90000    601.42921
CROSS:   -404.09039    609.90000    571.33286
CROSS:   -385.29366    609.90000    541.23651
CROSS:   -366.49692    609.90000    511.14017
CROSS:   -347.70019    609.90000    481.04382
CROSS:   -328.90345    609.90000    450.94748
CROSS:   -310.10672    609.90000    420.85113
CROSS:   -291.30999    609.90000    390.75478
CROSS:   -272.51325    609.90000    360.65844
CROSS:   -253.71652    609.90000    330.56209
124
2.4
l,l_int 501.744166839 501
16
[ 18.74874569   0.         -30.01063817]
CROSS:   -527.22732    579.90000    782.52856
CROSS:   -508.47857    579.90000    752.51793
CROSS:   -489.72982    579.90000    722.50729
CROSS:   -470.98108    579.90000    692.49665
CROSS:   -452.23233    579.90000    662.48601
CROSS:   -433.48359    579.90000    632.47537
CROSS:   -414.73484    579.90000    602.46473
CROSS:   -395.98610    579.90000    572.45410
CROSS:   -377.23735    579.90000    542.44346
CROSS:   -358.48860    579.90000    512.43282
CROSS:   -339.73986    579.90000    482.42218
CROSS:   -320.99111    579.90000    452.41154
CROSS:   -302.24237    579.90000    422.40091
CROSS:   -283.49362    579.90000    392.39027
CROSS:   -264.74488    579.90000    362.37963
CROSS:   -245.99613    579.90000    332.36899
140
4.0
l,l_int 507.46158624 507
16
[ 18.70075717   0.         -29.92493021]
CROSS:   -518.78710    549.90000    783.04984
CROSS:   -500.08634    549.90000    753.12491
CROSS:   -481.38559    549.90000    723.19998
CROSS:   -462.68483    549.90000    693.27505
CROSS:   -443.98407    549.90000    663.35012
CROSS:   -425.28332    549.90000    633.42519
CROSS:   -406.58256    549.90000    603.50026
CROSS:   -387.88180    549.90000    573.57533
CROSS:   -369.18104    549.90000    543.65040
CROSS:   -350.48029    549.90000    513.72547
CROSS:   -331.77953    549.90000    483.80054
CROSS:   -313.07877    549.90000    453.87561
CROSS:   -294.37802    549.90000    423.95068
CROSS:   -275.67726    549.90000    394.02575
CROSS:   -256.97650    549.90000    364.10082
CROSS:   -238.27574    549.90000    334.17589
156
5.6
l,l_int 512.744881907 512
17
[ 17.55554696   0.         -28.08397388]
CROSS:   -511.44411    519.90000    785.32637
CROSS:   -493.88856    519.90000    757.24240
CROSS:   -476.33301    519.90000    729.15842
CROSS:   -458.77747    519.90000    701.07445
CROSS:   -441.22192    519.90000    672.99048
CROSS:   -423.66637    519.90000    644.90650
CROSS:   -406.11083    519.90000    616.82253
CROSS:   -388.55528    519.90000    588.73855
CROSS:   -370.99973    519.90000    560.65458
CROSS:   -353.44419    519.90000    532.57061
CROSS:   -335.88864    519.90000    504.48663
CROSS:   -318.33309    519.90000    476.40266
CROSS:   -300.77754    519.90000    448.31868
CROSS:   -283.22200    519.90000    420.23471
CROSS:   -265.66645    519.90000    392.15074
CROSS:   -248.11090    519.90000    364.06676
CROSS:   -230.55536    519.90000    335.98279
173
7.3
l,l_int 517.971102221 517
17
[ 17.5103813    0.         -28.00330757]
CROSS:   -503.00107    489.90000    785.84261
CROSS:   -485.49069    489.90000    757.83930
CROSS:   -467.98031    489.90000    729.83599
CROSS:   -450.46993    489.90000    701.83269
CROSS:   -432.95955    489.90000    673.82938
CROSS:   -415.44916    489.90000    645.82607
CROSS:   -397.93878    489.90000    617.82276
CROSS:   -380.42840    489.90000    589.81946
CROSS:   -362.91802    489.90000    561.81615
CROSS:   -345.40764    489.90000    533.81284
CROSS:   -327.89726    489.90000    505.80953
CROSS:   -310.38688    489.90000    477.80623
CROSS:   -292.87650    489.90000    449.80292
CROSS:   -275.36611    489.90000    421.79961
CROSS:   -257.85573    489.90000    393.79630
CROSS:   -240.34535    489.90000    365.79300
CROSS:   -222.83497    489.90000    337.78969
190
9.0
l,l_int 522.705429004 522
17
[ 17.46521563   0.         -27.92264125]
CROSS:   -494.55803    459.90000    786.35885
CROSS:   -477.09282    459.90000    758.43621
CROSS:   -459.62760    459.90000    730.51356
CROSS:   -442.16239    459.90000    702.59092
CROSS:   -424.69717    459.90000    674.66828
CROSS:   -407.23195    459.90000    646.74564
CROSS:   -389.76674    459.90000    618.82300
CROSS:   -372.30152    459.90000    590.90036
CROSS:   -354.83631    459.90000    562.97772
CROSS:   -337.37109    459.90000    535.05508
CROSS:   -319.90588    459.90000    507.13243
CROSS:   -302.44066    459.90000    479.20979
CROSS:   -284.97545    459.90000    451.28715
CROSS:   -267.51023    459.90000    423.36451
CROSS:   -250.04501    459.90000    395.44187
CROSS:   -232.57980    459.90000    367.51923
CROSS:   -215.11458    459.90000    339.59659
207
10.7
l,l_int 526.946260054 526
17
[ 17.42004996   0.         -27.84197493]
CROSS:   -486.11500    429.90000    786.87508
CROSS:   -468.69495    429.90000    759.03311
CROSS:   -451.27490    429.90000    731.19114
CROSS:   -433.85485    429.90000    703.34916
CROSS:   -416.43480    429.90000    675.50719
CROSS:   -399.01475    429.90000    647.66521
CROSS:   -381.59470    429.90000    619.82324
CROSS:   -364.17465    429.90000    591.98126
CROSS:   -346.75460    429.90000    564.13929
CROSS:   -329.33455    429.90000    536.29731
CROSS:   -311.91450    429.90000    508.45534
CROSS:   -294.49445    429.90000    480.61336
CROSS:   -277.07440    429.90000    452.77139
CROSS:   -259.65435    429.90000    424.92941
CROSS:   -242.23430    429.90000    397.08744
CROSS:   -224.81425    429.90000    369.24546
CROSS:   -207.39420    429.90000    341.40349
224
12.4
l,l_int 530.692456929 530
17
[ 17.3748843    0.         -27.76130862]
CROSS:   -477.67196    399.90000    787.39132
CROSS:   -460.29707    399.90000    759.63001
CROSS:   -442.92219    399.90000    731.86871
CROSS:   -425.54730    399.90000    704.10740
CROSS:   -408.17242    399.90000    676.34609
CROSS:   -390.79754    399.90000    648.58478
CROSS:   -373.42265    399.90000    620.82347
CROSS:   -356.04777    399.90000    593.06216
CROSS:   -338.67288    399.90000    565.30085
CROSS:   -321.29800    399.90000    537.53955
CROSS:   -303.92311    399.90000    509.77824
CROSS:   -286.54823    399.90000    482.01693
CROSS:   -269.17335    399.90000    454.25562
CROSS:   -251.79846    399.90000    426.49431
CROSS:   -234.42358    399.90000    398.73300
CROSS:   -217.04869    399.90000    370.97169
CROSS:   -199.67381    399.90000    343.21039
241
14.1
l,l_int 533.943343663 533
17
[ 17.32971863   0.         -27.6806423 ]
CROSS:   -469.22892    369.90000    787.90756
CROSS:   -451.89920    369.90000    760.22692
CROSS:   -434.56948    369.90000    732.54628
CROSS:   -417.23976    369.90000    704.86563
CROSS:   -399.91005    369.90000    677.18499
CROSS:   -382.58033    369.90000    649.50435
CROSS:   -365.25061    369.90000    621.82371
CROSS:   -347.92089    369.90000    594.14306
CROSS:   -330.59117    369.90000    566.46242
CROSS:   -313.26145    369.90000    538.78178
CROSS:   -295.93173    369.90000    511.10114
CROSS:   -278.60202    369.90000    483.42050
CROSS:   -261.27230    369.90000    455.73985
CROSS:   -243.94258    369.90000    428.05921
CROSS:   -226.61286    369.90000    400.37857
CROSS:   -209.28314    369.90000    372.69793
CROSS:   -191.95342    369.90000    345.01728
258
15.8
l,l_int 536.69870505 536
17
[ 17.28455296   0.         -27.59997598]
CROSS:   -460.78588    339.90000    788.42380
CROSS:   -443.50133    339.90000    760.82382
CROSS:   -426.21678    339.90000    733.22385
CROSS:   -408.93222    339.90000    705.62387
CROSS:   -391.64767    339.90000    678.02390
CROSS:   -374.36312    339.90000    650.42392
CROSS:   -357.07856    339.90000    622.82394
CROSS:   -339.79401    339.90000    595.22397
CROSS:   -322.50946    339.90000    567.62399
CROSS:   -305.22491    339.90000    540.02402
CROSS:   -287.94035    339.90000    512.42404
CROSS:   -270.65580    339.90000    484.82406
CROSS:   -253.37125    339.90000    457.22409
CROSS:   -236.08669    339.90000    429.62411
CROSS:   -218.80214    339.90000    402.02414
CROSS:   -201.51759    339.90000    374.42416
CROSS:   -184.23304    339.90000    346.82418
275
17.5
l,l_int 390.888513267 390
12
[ 17.70987353   0.         -28.27682055]
CROSS:   -451.87236    309.90000    788.18253
CROSS:   -434.16249    309.90000    759.90571
CROSS:   -416.45261    309.90000    731.62888
CROSS:   -398.74274    309.90000    703.35206
CROSS:   -381.03286    309.90000    675.07524
CROSS:   -363.32299    309.90000    646.79842
CROSS:   -345.61312    309.90000    618.52160
CROSS:   -327.90324    309.90000    590.24478
CROSS:   -310.19337    309.90000    561.96796
CROSS:   -292.48350    309.90000    533.69114
CROSS:   -274.77362    309.90000    505.41432
CROSS:   -257.06375    309.90000    477.13750
287
18.7
l,l_int 189.188797021 189
6
[ 17.06754651   0.         -27.25123639]
CROSS:   -444.02648    279.90000    789.64368
CROSS:   -426.95894    279.90000    762.39245
CROSS:   -409.89139    279.90000    735.14121
CROSS:   -392.82384    279.90000    707.88997
CROSS:   -375.75630    279.90000    680.63874
CROSS:   -358.68875    279.90000    653.38750
293
