 A:   -323.20000    879.90000    314.30000
B:   -609.10000    803.00000    809.30000
C:   -453.20000    252.00000    817.30000
D:   -182.20000    332.00000    347.30000
879.9 252.0
marumeta size(Y): 627
SHOU/AMARI= 20 27
number of Y lines= 20
252.0 879.9
Y code: 849.9
Vector AD and AB
partial: 0.390117035111
partial: -0.0851179673321
partial: 7.47375
partial: 0.945245482752
Y code: 819.9
Vector AD and AB
partial: 0.780234070221
partial: -0.0306715063521
partial: 7.09875
partial: 0.890490965505
Y code: 789.9
Vector AD and AB
partial: 1.17035110533
partial: 0.0237749546279
partial: 6.72375
partial: 0.835736448257
Y code: 759.9
Vector AD and AB
partial: 1.56046814044
partial: 0.078221415608
partial: 6.34875
partial: 0.780981931009
Y code: 729.9
Vector AD and AB
partial: 1.95058517555
partial: 0.132667876588
partial: 5.97375
partial: 0.726227413762
Y code: 699.9
Vector AD and AB
partial: 2.34070221066
partial: 0.187114337568
partial: 5.59875
partial: 0.671472896514
Y code: 669.9
Vector AD and AB
partial: 2.73081924577
partial: 0.241560798548
partial: 5.22375
partial: 0.616718379266
Y code: 639.9
Vector AD and AB
partial: 3.12093628088
partial: 0.296007259528
partial: 4.84875
partial: 0.561963862019
Y code: 609.9
Vector AD and AB
partial: 3.51105331599
partial: 0.350453720508
partial: 4.47375
partial: 0.507209344771
Y code: 579.9
Vector AD and AB
partial: 3.90117035111
partial: 0.404900181488
partial: 4.09875
partial: 0.452454827523
Y code: 549.9
Vector AD and AB
partial: 4.29128738622
partial: 0.459346642468
partial: 3.72375
partial: 0.397700310276
Y code: 519.9
Vector AD and AB
partial: 4.68140442133
partial: 0.513793103448
partial: 3.34875
partial: 0.342945793028
Y code: 489.9
Vector AD and AB
partial: 5.07152145644
partial: 0.568239564428
partial: 2.97375
partial: 0.28819127578
Y code: 459.9
Vector AD and AB
partial: 5.46163849155
partial: 0.622686025408
partial: 2.59875
partial: 0.233436758533
Y code: 429.9
Vector AD and AB
partial: 5.85175552666
partial: 0.677132486388
partial: 2.22375
partial: 0.178682241285
Y code: 399.9
Vector AD and AB
partial: 6.24187256177
partial: 0.731578947368
partial: 1.84875
partial: 0.123927724037
Y code: 369.9
Vector AD and AB
partial: 6.63198959688
partial: 0.786025408348
partial: 1.47375
partial: 0.0691732067896
Y code: 339.9
Vector AD and AB
partial: 7.02210663199
partial: 0.840471869328
partial: 1.09875
partial: 0.0144186895419
Y code: 309.9
Vector AD and AB
partial: 7.4122236671
partial: 0.894918330309
partial: 0.72375
partial: -0.0403358277058
Y code: 279.9
Vector AD and AB
partial: 7.80234070221
partial: 0.949364791289
partial: 0.34875
partial: -0.0950903449535
61.6
l,l_int 192.003138527 192
6
[ 19.87580788   0.         -31.88350555]
CROSS:   -414.85865    849.90000    475.52443
CROSS:   -394.98284    849.90000    443.64092
CROSS:   -375.10704    849.90000    411.75742
CROSS:   -355.23123    849.90000    379.87391
CROSS:   -335.35542    849.90000    347.99040
CROSS:   -315.47961    849.90000    316.10690
6
62.2
l,l_int 381.511344031 381
12
[ 19.87580788   0.         -31.88350555]
CROSS:   -526.39311    819.90000    668.63236
CROSS:   -506.51730    819.90000    636.74885
CROSS:   -486.64150    819.90000    604.86535
CROSS:   -466.76569    819.90000    572.98184
CROSS:   -446.88988    819.90000    541.09834
CROSS:   -427.01407    819.90000    509.21483
CROSS:   -407.13827    819.90000    477.33133
CROSS:   -387.26246    819.90000    445.44782
CROSS:   -367.38665    819.90000    413.56431
CROSS:   -347.51084    819.90000    381.68081
CROSS:   -327.63503    819.90000    349.79730
CROSS:   -307.75923    819.90000    317.91380
18
63.4
l,l_int 481.842209841 481
16
[ 19.08466534   0.         -30.6105939 ]
CROSS:   -586.30882    789.90000    778.87961
CROSS:   -567.22415    789.90000    748.26901
CROSS:   -548.13949    789.90000    717.65842
CROSS:   -529.05482    789.90000    687.04782
CROSS:   -509.97016    789.90000    656.43723
CROSS:   -490.88549    789.90000    625.82664
CROSS:   -471.80083    789.90000    595.21604
CROSS:   -452.71616    789.90000    564.60545
CROSS:   -433.63150    789.90000    533.99485
CROSS:   -414.54683    789.90000    503.38426
CROSS:   -395.46217    789.90000    472.77367
CROSS:   -376.37750    789.90000    442.16307
CROSS:   -357.29284    789.90000    411.55248
CROSS:   -338.20817    789.90000    380.94189
CROSS:   -319.12350    789.90000    350.33129
CROSS:   -300.03884    789.90000    319.72070
34
65.0
l,l_int 471.497195081 471
15
[ 20.3057886    0.         -32.55987834]
CROSS:   -576.59949    759.90000    777.36589
CROSS:   -556.29370    759.90000    744.80601
CROSS:   -535.98792    759.90000    712.24614
CROSS:   -515.68213    759.90000    679.68626
CROSS:   -495.37634    759.90000    647.12638
CROSS:   -475.07055    759.90000    614.56650
CROSS:   -454.76476    759.90000    582.00662
CROSS:   -434.45897    759.90000    549.44674
CROSS:   -414.15318    759.90000    516.88687
CROSS:   -393.84740    759.90000    484.32699
CROSS:   -373.54161    759.90000    451.76711
CROSS:   -353.23582    759.90000    419.20723
CROSS:   -332.93003    759.90000    386.64735
CROSS:   -312.62424    759.90000    354.08747
CROSS:   -292.31845    759.90000    321.52760
49
66.5
l,l_int 461.431443262 461
15
[ 20.25460085   0.         -32.46845651]
CROSS:   -568.16248    729.90000    777.89289
CROSS:   -547.90788    729.90000    745.42443
CROSS:   -527.65328    729.90000    712.95597
CROSS:   -507.39867    729.90000    680.48752
CROSS:   -487.14407    729.90000    648.01906
CROSS:   -466.88947    729.90000    615.55060
CROSS:   -446.63487    729.90000    583.08215
CROSS:   -426.38027    729.90000    550.61369
CROSS:   -406.12567    729.90000    518.14523
CROSS:   -385.87107    729.90000    485.67678
CROSS:   -365.61647    729.90000    453.20832
CROSS:   -345.36187    729.90000    420.73986
CROSS:   -325.10727    729.90000    388.27141
CROSS:   -304.85267    729.90000    355.80295
CROSS:   -284.59807    729.90000    323.33450
64
68.0
l,l_int 451.098345481 451
15
[ 20.20341309   0.         -32.37703469]
CROSS:   -559.72546    699.90000    778.41988
CROSS:   -539.52205    699.90000    746.04285
CROSS:   -519.31864    699.90000    713.66581
CROSS:   -499.11522    699.90000    681.28878
CROSS:   -478.91181    699.90000    648.91174
CROSS:   -458.70840    699.90000    616.53471
CROSS:   -438.50498    699.90000    584.15767
CROSS:   -418.30157    699.90000    551.78064
CROSS:   -398.09816    699.90000    519.40360
CROSS:   -377.89474    699.90000    487.02657
CROSS:   -357.69133    699.90000    454.64953
CROSS:   -337.48792    699.90000    422.27250
CROSS:   -317.28450    699.90000    389.89546
CROSS:   -297.08109    699.90000    357.51843
CROSS:   -276.87768    699.90000    325.14139
79
69.5
l,l_int 440.506695852 440
14
[ 21.59167      0.         -34.59172806]
CROSS:   -549.84900    669.90000    776.64076
CROSS:   -528.25733    669.90000    742.04903
CROSS:   -506.66566    669.90000    707.45730
CROSS:   -485.07399    669.90000    672.86557
CROSS:   -463.48232    669.90000    638.27385
CROSS:   -441.89065    669.90000    603.68212
CROSS:   -420.29898    669.90000    569.09039
CROSS:   -398.70731    669.90000    534.49866
CROSS:   -377.11564    669.90000    499.90693
CROSS:   -355.52397    669.90000    465.31521
CROSS:   -333.93230    669.90000    430.72348
CROSS:   -312.34063    669.90000    396.13175
CROSS:   -290.74896    669.90000    361.54002
CROSS:   -269.15729    669.90000    326.94829
93
70.9
l,l_int 430.316661001 430
14
[ 21.53682598   0.         -34.49377611]
CROSS:   -541.41564    639.90000    777.17428
CROSS:   -519.87882    639.90000    742.68051
CROSS:   -498.34199    639.90000    708.18673
CROSS:   -476.80516    639.90000    673.69295
CROSS:   -455.26834    639.90000    639.19918
CROSS:   -433.73151    639.90000    604.70540
CROSS:   -412.19469    639.90000    570.21163
CROSS:   -390.65786    639.90000    535.71785
CROSS:   -369.12103    639.90000    501.22407
CROSS:   -347.58421    639.90000    466.73030
CROSS:   -326.04738    639.90000    432.23652
CROSS:   -304.51056    639.90000    397.74274
CROSS:   -282.97373    639.90000    363.24897
CROSS:   -261.43690    639.90000    328.75519
107
72.3
l,l_int 419.919951047 419
13
[ 23.1344421    0.         -37.04165678]
CROSS:   -531.32982    609.90000    775.06197
CROSS:   -508.19538    609.90000    738.02032
CROSS:   -485.06094    609.90000    700.97866
CROSS:   -461.92650    609.90000    663.93700
CROSS:   -438.79205    609.90000    626.89535
CROSS:   -415.65761    609.90000    589.85369
CROSS:   -392.52317    609.90000    552.81203
CROSS:   -369.38873    609.90000    515.77038
CROSS:   -346.25429    609.90000    478.72872
CROSS:   -323.11984    609.90000    441.68706
CROSS:   -299.98540    609.90000    404.64541
CROSS:   -276.85096    609.90000    367.60375
CROSS:   -253.71652    609.90000    330.56209
120
73.6
l,l_int 410.006251138 410
13
[ 23.07537931   0.         -36.93617006]
CROSS:   -522.90068    579.90000    775.60303
CROSS:   -499.82530    579.90000    738.66686
CROSS:   -476.74992    579.90000    701.73069
CROSS:   -453.67454    579.90000    664.79452
CROSS:   -430.59917    579.90000    627.85835
CROSS:   -407.52379    579.90000    590.92218
CROSS:   -384.44841    579.90000    553.98601
CROSS:   -361.37303    579.90000    517.04984
CROSS:   -338.29765    579.90000    480.11367
CROSS:   -315.22227    579.90000    443.17750
CROSS:   -292.14689    579.90000    406.24133
CROSS:   -269.07151    579.90000    369.30516
CROSS:   -245.99613    579.90000    332.36899
133
74.9
l,l_int 399.930617174 399
13
[ 23.01631651   0.         -36.83068334]
CROSS:   -514.47154    549.90000    776.14409
CROSS:   -491.45523    549.90000    739.31341
CROSS:   -468.43891    549.90000    702.48272
CROSS:   -445.42259    549.90000    665.65204
CROSS:   -422.40628    549.90000    628.82136
CROSS:   -399.38996    549.90000    591.99067
CROSS:   -376.37364    549.90000    555.15999
CROSS:   -353.35733    549.90000    518.32931
CROSS:   -330.34101    549.90000    481.49862
CROSS:   -307.32469    549.90000    444.66794
CROSS:   -284.30838    549.90000    407.83726
CROSS:   -261.29206    549.90000    371.00657
CROSS:   -238.27574    549.90000    334.17589
146
76.2
l,l_int 389.699393129 389
12
[ 24.8703582    0.         -39.78562967]
CROSS:   -504.12930    519.90000    773.62472
CROSS:   -479.25894    519.90000    733.83909
CROSS:   -454.38858    519.90000    694.05346
CROSS:   -429.51822    519.90000    654.26783
CROSS:   -404.64786    519.90000    614.48220
CROSS:   -379.77751    519.90000    574.69657
CROSS:   -354.90715    519.90000    534.91094
CROSS:   -330.03679    519.90000    495.12531
CROSS:   -305.16643    519.90000    455.33968
CROSS:   -280.29607    519.90000    415.55405
CROSS:   -255.42572    519.90000    375.76842
CROSS:   -230.55536    519.90000    335.98279
158
77.4
l,l_int 380.040885131 380
12
[ 24.8063735    0.         -39.67135238]
CROSS:   -495.70508    489.90000    774.17456
CROSS:   -470.89870    489.90000    734.50321
CROSS:   -446.09233    489.90000    694.83186
CROSS:   -421.28596    489.90000    655.16051
CROSS:   -396.47958    489.90000    615.48915
CROSS:   -371.67321    489.90000    575.81780
CROSS:   -346.86684    489.90000    536.14645
CROSS:   -322.06046    489.90000    496.47510
CROSS:   -297.25409    489.90000    456.80375
CROSS:   -272.44772    489.90000    417.13239
CROSS:   -247.64134    489.90000    377.46104
CROSS:   -222.83497    489.90000    337.78969
170
78.6
l,l_int 370.26408487 370
12
[ 24.74238881   0.         -39.5570751 ]
CROSS:   -487.28086    459.90000    774.72441
CROSS:   -462.53847    459.90000    735.16734
CROSS:   -437.79608    459.90000    695.61026
CROSS:   -413.05369    459.90000    656.05319
CROSS:   -388.31130    459.90000    616.49611
CROSS:   -363.56892    459.90000    576.93904
CROSS:   -338.82653    459.90000    537.38196
CROSS:   -314.08414    459.90000    497.82489
CROSS:   -289.34175    459.90000    458.26781
CROSS:   -264.59936    459.90000    418.71074
CROSS:   -239.85697    459.90000    379.15366
CROSS:   -215.11458    459.90000    339.59659
182
79.8
l,l_int 360.374201784 360
11
[ 26.9218954    0.         -43.02850671]
CROSS:   -476.61315    429.90000    771.68855
CROSS:   -449.69125    429.90000    728.66005
CROSS:   -422.76936    429.90000    685.63154
CROSS:   -395.84746    429.90000    642.60303
CROSS:   -368.92557    429.90000    599.57453
CROSS:   -342.00367    429.90000    556.54602
CROSS:   -315.08178    429.90000    513.51751
CROSS:   -288.15988    429.90000    470.48901
CROSS:   -261.23799    429.90000    427.46050
CROSS:   -234.31609    429.90000    384.43199
CROSS:   -207.39420    429.90000    341.40349
193
80.9
l,l_int 351.131106378 351
11
[ 26.85209391   0.         -42.90384059]
CROSS:   -468.19475    399.90000    772.24879
CROSS:   -441.34265    399.90000    729.34495
CROSS:   -414.49056    399.90000    686.44111
CROSS:   -387.63847    399.90000    643.53727
CROSS:   -360.78637    399.90000    600.63343
CROSS:   -333.93428    399.90000    557.72959
CROSS:   -307.08218    399.90000    514.82575
CROSS:   -280.23009    399.90000    471.92191
CROSS:   -253.37800    399.90000    429.01807
CROSS:   -226.52590    399.90000    386.11423
CROSS:   -199.67381    399.90000    343.21039
204
82.0
l,l_int 341.805372646 341
11
[ 26.78229243   0.         -42.77917446]
CROSS:   -459.77635    369.90000    772.80903
CROSS:   -432.99405    369.90000    730.02985
CROSS:   -406.21176    369.90000    687.25068
CROSS:   -379.42947    369.90000    644.47151
CROSS:   -352.64718    369.90000    601.69233
CROSS:   -325.86488    369.90000    558.91316
CROSS:   -299.08259    369.90000    516.13398
CROSS:   -272.30030    369.90000    473.35481
CROSS:   -245.51801    369.90000    430.57563
CROSS:   -218.73571    369.90000    387.79646
CROSS:   -191.95342    369.90000    345.01728
215
83.1
l,l_int 332.401158511 332
11
[ 26.71249094   0.         -42.65450834]
CROSS:   -451.35794    339.90000    773.36927
CROSS:   -424.64545    339.90000    730.71476
CROSS:   -397.93296    339.90000    688.06025
CROSS:   -371.22047    339.90000    645.40574
CROSS:   -344.50798    339.90000    602.75123
CROSS:   -317.79549    339.90000    560.09672
CROSS:   -291.08300    339.90000    517.44222
CROSS:   -264.37051    339.90000    474.78771
CROSS:   -237.65802    339.90000    432.13320
CROSS:   -210.94553    339.90000    389.47869
CROSS:   -184.23304    339.90000    346.82418
226
84.2
l,l_int 234.204825414 234
7
[ 30.35978319   0.         -48.47454952]
CROSS:   -439.22245    309.90000    767.98480
CROSS:   -408.86267    309.90000    719.51025
CROSS:   -378.50288    309.90000    671.03570
CROSS:   -348.14310    309.90000    622.56115
CROSS:   -317.78332    309.90000    574.08660
CROSS:   -287.42353    309.90000    525.61205
CROSS:   -257.06375    309.90000    477.13750
233
84.9
l,l_int 110.93506605 110
3
[ 34.13509301   0.         -54.50247278]
CROSS:   -426.95894    279.90000    762.39245
CROSS:   -392.82384    279.90000    707.88997
CROSS:   -358.68875    279.90000    653.38750
236
