 A:   -323.20000    879.90000    314.30000
B:   -609.10000    803.00000    809.30000
C:   -453.20000    252.00000    817.30000
D:   -182.20000    332.00000    347.30000
879.9 252.0
marumeta size(Y): 627
SHOU/AMARI= 20 27
number of Y lines= 20
252.0 879.9
Y code: 849.9
Vector AD and AB
partial: 0.390117035111
partial: -0.0851179673321
partial: 7.47375
partial: 0.945245482752
Y code: 819.9
Vector AD and AB
partial: 0.780234070221
partial: -0.0306715063521
partial: 7.09875
partial: 0.890490965505
Y code: 789.9
Vector AD and AB
partial: 1.17035110533
partial: 0.0237749546279
partial: 6.72375
partial: 0.835736448257
Y code: 759.9
Vector AD and AB
partial: 1.56046814044
partial: 0.078221415608
partial: 6.34875
partial: 0.780981931009
Y code: 729.9
Vector AD and AB
partial: 1.95058517555
partial: 0.132667876588
partial: 5.97375
partial: 0.726227413762
Y code: 699.9
Vector AD and AB
partial: 2.34070221066
partial: 0.187114337568
partial: 5.59875
partial: 0.671472896514
Y code: 669.9
Vector AD and AB
partial: 2.73081924577
partial: 0.241560798548
partial: 5.22375
partial: 0.616718379266
Y code: 639.9
Vector AD and AB
partial: 3.12093628088
partial: 0.296007259528
partial: 4.84875
partial: 0.561963862019
Y code: 609.9
Vector AD and AB
partial: 3.51105331599
partial: 0.350453720508
partial: 4.47375
partial: 0.507209344771
Y code: 579.9
Vector AD and AB
partial: 3.90117035111
partial: 0.404900181488
partial: 4.09875
partial: 0.452454827523
Y code: 549.9
Vector AD and AB
partial: 4.29128738622
partial: 0.459346642468
partial: 3.72375
partial: 0.397700310276
Y code: 519.9
Vector AD and AB
partial: 4.68140442133
partial: 0.513793103448
partial: 3.34875
partial: 0.342945793028
Y code: 489.9
Vector AD and AB
partial: 5.07152145644
partial: 0.568239564428
partial: 2.97375
partial: 0.28819127578
Y code: 459.9
Vector AD and AB
partial: 5.46163849155
partial: 0.622686025408
partial: 2.59875
partial: 0.233436758533
Y code: 429.9
Vector AD and AB
partial: 5.85175552666
partial: 0.677132486388
partial: 2.22375
partial: 0.178682241285
Y code: 399.9
Vector AD and AB
partial: 6.24187256177
partial: 0.731578947368
partial: 1.84875
partial: 0.123927724037
Y code: 369.9
Vector AD and AB
partial: 6.63198959688
partial: 0.786025408348
partial: 1.47375
partial: 0.0691732067896
Y code: 339.9
Vector AD and AB
partial: 7.02210663199
partial: 0.840471869328
partial: 1.09875
partial: 0.0144186895419
Y code: 309.9
Vector AD and AB
partial: 7.4122236671
partial: 0.894918330309
partial: 0.72375
partial: -0.0403358277058
Y code: 279.9
Vector AD and AB
partial: 7.80234070221
partial: 0.949364791289
partial: 0.34875
partial: -0.0950903449535
30.0
l,l_int 225.428046044 225
7
[ 17.03640675   0.         -27.32871904]
CROSS:   -417.69805    849.90000    480.07921
CROSS:   -400.66165    849.90000    452.75049
CROSS:   -383.62524    849.90000    425.42178
CROSS:   -366.58883    849.90000    398.09306
CROSS:   -349.55243    849.90000    370.76434
CROSS:   -332.51602    849.90000    343.43562
CROSS:   -315.47961    849.90000    316.10690
30.7
l,l_int 450.822444544 450
14
[ 17.03640675   0.         -27.32871904]
CROSS:   -529.23251    819.90000    673.18715
CROSS:   -512.19611    819.90000    645.85843
CROSS:   -495.15970    819.90000    618.52971
CROSS:   -478.12329    819.90000    591.20099
CROSS:   -461.08689    819.90000    563.87227
CROSS:   -444.05048    819.90000    536.54355
CROSS:   -427.01407    819.90000    509.21483
CROSS:   -409.97767    819.90000    481.88611
CROSS:   -392.94126    819.90000    454.55739
CROSS:   -375.90485    819.90000    427.22867
CROSS:   -358.86845    819.90000    399.89996
CROSS:   -341.83204    819.90000    372.57124
CROSS:   -324.79563    819.90000    345.24252
CROSS:   -307.75923    819.90000    317.91380
32.1
l,l_int 576.774072025 576
19
[ 16.07129712   0.         -25.77734223]
CROSS:   -589.32219    789.90000    783.71286
CROSS:   -573.25089    789.90000    757.93552
CROSS:   -557.17959    789.90000    732.15817
CROSS:   -541.10830    789.90000    706.38083
CROSS:   -525.03700    789.90000    680.60349
CROSS:   -508.96570    789.90000    654.82615
CROSS:   -492.89440    789.90000    629.04880
CROSS:   -476.82311    789.90000    603.27146
CROSS:   -460.75181    789.90000    577.49412
CROSS:   -444.68051    789.90000    551.71678
CROSS:   -428.60922    789.90000    525.93944
CROSS:   -412.53792    789.90000    500.16209
CROSS:   -396.46662    789.90000    474.38475
CROSS:   -380.39532    789.90000    448.60741
CROSS:   -364.32403    789.90000    422.83007
CROSS:   -348.25273    789.90000    397.05272
CROSS:   -332.18143    789.90000    371.27538
CROSS:   -316.11014    789.90000    345.49804
CROSS:   -300.03884    789.90000    319.72070
34.0
l,l_int 574.189681745 574
19
[ 16.03088574   0.         -25.70516711]
CROSS:   -580.87440    759.90000    784.22060
CROSS:   -564.84351    759.90000    758.51544
CROSS:   -548.81262    759.90000    732.81027
CROSS:   -532.78174    759.90000    707.10510
CROSS:   -516.75085    759.90000    681.39994
CROSS:   -500.71997    759.90000    655.69477
CROSS:   -484.68908    759.90000    629.98960
CROSS:   -468.65820    759.90000    604.28443
CROSS:   -452.62731    759.90000    578.57927
CROSS:   -436.59642    759.90000    552.87410
CROSS:   -420.56554    759.90000    527.16893
CROSS:   -404.53465    759.90000    501.46377
CROSS:   -388.50377    759.90000    475.75860
CROSS:   -372.47288    759.90000    450.05343
CROSS:   -356.44200    759.90000    424.34826
CROSS:   -340.41111    759.90000    398.64310
CROSS:   -324.38022    759.90000    372.93793
CROSS:   -308.34934    759.90000    347.23276
CROSS:   -292.31845    759.90000    321.52760
35.9
l,l_int 570.98120201 570
18
[ 16.87883404   0.         -27.05704709]
CROSS:   -571.53824    729.90000    783.30430
CROSS:   -554.65941    729.90000    756.24725
CROSS:   -537.78058    729.90000    729.19020
CROSS:   -520.90174    729.90000    702.13315
CROSS:   -504.02291    729.90000    675.07611
CROSS:   -487.14407    729.90000    648.01906
CROSS:   -470.26524    729.90000    620.96201
CROSS:   -453.38641    729.90000    593.90497
CROSS:   -436.50757    729.90000    566.84792
CROSS:   -419.62874    729.90000    539.79087
CROSS:   -402.74990    729.90000    512.73382
CROSS:   -385.87107    729.90000    485.67678
CROSS:   -368.99224    729.90000    458.61973
CROSS:   -352.11340    729.90000    431.56268
CROSS:   -335.23457    729.90000    404.50564
CROSS:   -318.35573    729.90000    377.44859
CROSS:   -301.47690    729.90000    350.39154
CROSS:   -284.59807    729.90000    323.33450
37.7
l,l_int 567.290331693 567
18
[ 16.83617758   0.         -26.98086224]
CROSS:   -563.09270    699.90000    783.81605
CROSS:   -546.25652    699.90000    756.83519
CROSS:   -529.42034    699.90000    729.85433
CROSS:   -512.58416    699.90000    702.87347
CROSS:   -495.74799    699.90000    675.89260
CROSS:   -478.91181    699.90000    648.91174
CROSS:   -462.07563    699.90000    621.93088
CROSS:   -445.23945    699.90000    594.95002
CROSS:   -428.40328    699.90000    567.96915
CROSS:   -411.56710    699.90000    540.98829
CROSS:   -394.73092    699.90000    514.00743
CROSS:   -377.89474    699.90000    487.02657
CROSS:   -361.05857    699.90000    460.04571
CROSS:   -344.22239    699.90000    433.06484
CROSS:   -327.38621    699.90000    406.08398
CROSS:   -310.55003    699.90000    379.10312
CROSS:   -293.71386    699.90000    352.12226
CROSS:   -276.87768    699.90000    325.14139
39.5
l,l_int 563.052837939 563
18
[ 16.79352111   0.         -26.90467738]
CROSS:   -554.64715    669.90000    784.32781
CROSS:   -537.85363    669.90000    757.42313
CROSS:   -521.06011    669.90000    730.51845
CROSS:   -504.26659    669.90000    703.61378
CROSS:   -487.47307    669.90000    676.70910
CROSS:   -470.67954    669.90000    649.80442
CROSS:   -453.88602    669.90000    622.89974
CROSS:   -437.09250    669.90000    595.99507
CROSS:   -420.29898    669.90000    569.09039
CROSS:   -403.50546    669.90000    542.18571
CROSS:   -386.71194    669.90000    515.28104
CROSS:   -369.91842    669.90000    488.37636
CROSS:   -353.12490    669.90000    461.47168
CROSS:   -336.33138    669.90000    434.56700
CROSS:   -319.53785    669.90000    407.66233
CROSS:   -302.74433    669.90000    380.75765
CROSS:   -285.95081    669.90000    353.85297
CROSS:   -269.15729    669.90000    326.94829
41.3
l,l_int 558.275965921 558
18
[ 16.75086465   0.         -26.82849253]
CROSS:   -546.20160    639.90000    784.83957
CROSS:   -529.45074    639.90000    758.01107
CROSS:   -512.69987    639.90000    731.18258
CROSS:   -495.94901    639.90000    704.35409
CROSS:   -479.19814    639.90000    677.52560
CROSS:   -462.44728    639.90000    650.69710
CROSS:   -445.69642    639.90000    623.86861
CROSS:   -428.94555    639.90000    597.04012
CROSS:   -412.19469    639.90000    570.21163
CROSS:   -395.44382    639.90000    543.38313
CROSS:   -378.69296    639.90000    516.55464
CROSS:   -361.94209    639.90000    489.72615
CROSS:   -345.19123    639.90000    462.89766
CROSS:   -328.44036    639.90000    436.06916
CROSS:   -311.68950    639.90000    409.24067
CROSS:   -294.93863    639.90000    382.41218
CROSS:   -278.18777    639.90000    355.58369
CROSS:   -261.43690    639.90000    328.75519
43.1
l,l_int 552.967477 552
18
[ 16.70820819   0.         -26.75230767]
CROSS:   -537.75606    609.90000    785.35132
CROSS:   -521.04785    609.90000    758.59901
CROSS:   -504.33964    609.90000    731.84671
CROSS:   -487.63143    609.90000    705.09440
CROSS:   -470.92322    609.90000    678.34209
CROSS:   -454.21502    609.90000    651.58978
CROSS:   -437.50681    609.90000    624.83748
CROSS:   -420.79860    609.90000    598.08517
CROSS:   -404.09039    609.90000    571.33286
CROSS:   -387.38218    609.90000    544.58055
CROSS:   -370.67397    609.90000    517.82825
CROSS:   -353.96577    609.90000    491.07594
CROSS:   -337.25756    609.90000    464.32363
CROSS:   -320.54935    609.90000    437.57132
CROSS:   -303.84114    609.90000    410.81901
CROSS:   -287.13293    609.90000    384.06671
CROSS:   -270.42473    609.90000    357.31440
CROSS:   -253.71652    609.90000    330.56209
44.9
l,l_int 547.135638059 547
18
[ 16.66555172   0.         -26.67612282]
CROSS:   -529.31051    579.90000    785.86308
CROSS:   -512.64496    579.90000    759.18696
CROSS:   -495.97941    579.90000    732.51083
CROSS:   -479.31385    579.90000    705.83471
CROSS:   -462.64830    579.90000    679.15859
CROSS:   -445.98275    579.90000    652.48246
CROSS:   -429.31720    579.90000    625.80634
CROSS:   -412.65165    579.90000    599.13022
CROSS:   -395.98610    579.90000    572.45410
CROSS:   -379.32054    579.90000    545.77797
CROSS:   -362.65499    579.90000    519.10185
CROSS:   -345.98944    579.90000    492.42573
CROSS:   -329.32389    579.90000    465.74960
CROSS:   -312.65834    579.90000    439.07348
CROSS:   -295.99279    579.90000    412.39736
CROSS:   -279.32723    579.90000    385.72124
CROSS:   -262.66168    579.90000    359.04511
CROSS:   -245.99613    579.90000    332.36899
46.7
l,l_int 540.789210356 540
17
[ 17.60071263   0.         -28.1646402 ]
CROSS:   -519.88715    549.90000    784.81013
CROSS:   -502.28643    549.90000    756.64549
CROSS:   -484.68572    549.90000    728.48085
CROSS:   -467.08501    549.90000    700.31621
CROSS:   -449.48430    549.90000    672.15157
CROSS:   -431.88358    549.90000    643.98693
CROSS:   -414.28287    549.90000    615.82229
CROSS:   -396.68216    549.90000    587.65765
CROSS:   -379.08144    549.90000    559.49301
CROSS:   -361.48073    549.90000    531.32837
CROSS:   -343.88002    549.90000    503.16373
CROSS:   -326.27931    549.90000    474.99909
CROSS:   -308.67859    549.90000    446.83445
CROSS:   -291.07788    549.90000    418.66981
CROSS:   -273.47717    549.90000    390.50517
CROSS:   -255.87646    549.90000    362.34053
CROSS:   -238.27574    549.90000    334.17589
48.4
l,l_int 534.24843277 534
17
[ 17.55554696   0.         -28.08397388]
CROSS:   -511.44411    519.90000    785.32637
CROSS:   -493.88856    519.90000    757.24240
CROSS:   -476.33301    519.90000    729.15842
CROSS:   -458.77747    519.90000    701.07445
CROSS:   -441.22192    519.90000    672.99048
CROSS:   -423.66637    519.90000    644.90650
CROSS:   -406.11083    519.90000    616.82253
CROSS:   -388.55528    519.90000    588.73855
CROSS:   -370.99973    519.90000    560.65458
CROSS:   -353.44419    519.90000    532.57061
CROSS:   -335.88864    519.90000    504.48663
CROSS:   -318.33309    519.90000    476.40266
CROSS:   -300.77754    519.90000    448.31868
CROSS:   -283.22200    519.90000    420.23471
CROSS:   -265.66645    519.90000    392.15074
CROSS:   -248.11090    519.90000    364.06676
CROSS:   -230.55536    519.90000    335.98279
50.1
l,l_int 527.26677674 527
17
[ 17.5103813    0.         -28.00330757]
CROSS:   -503.00107    489.90000    785.84261
CROSS:   -485.49069    489.90000    757.83930
CROSS:   -467.98031    489.90000    729.83599
CROSS:   -450.46993    489.90000    701.83269
CROSS:   -432.95955    489.90000    673.82938
CROSS:   -415.44916    489.90000    645.82607
CROSS:   -397.93878    489.90000    617.82276
CROSS:   -380.42840    489.90000    589.81946
CROSS:   -362.91802    489.90000    561.81615
CROSS:   -345.40764    489.90000    533.81284
CROSS:   -327.89726    489.90000    505.80953
CROSS:   -310.38688    489.90000    477.80623
CROSS:   -292.87650    489.90000    449.80292
CROSS:   -275.36611    489.90000    421.79961
CROSS:   -257.85573    489.90000    393.79630
CROSS:   -240.34535    489.90000    365.79300
CROSS:   -222.83497    489.90000    337.78969
51.8
l,l_int 519.852996795 519
17
[ 17.46521563   0.         -27.92264125]
CROSS:   -494.55803    459.90000    786.35885
CROSS:   -477.09282    459.90000    758.43621
CROSS:   -459.62760    459.90000    730.51356
CROSS:   -442.16239    459.90000    702.59092
CROSS:   -424.69717    459.90000    674.66828
CROSS:   -407.23195    459.90000    646.74564
CROSS:   -389.76674    459.90000    618.82300
CROSS:   -372.30152    459.90000    590.90036
CROSS:   -354.83631    459.90000    562.97772
CROSS:   -337.37109    459.90000    535.05508
CROSS:   -319.90588    459.90000    507.13243
CROSS:   -302.44066    459.90000    479.20979
CROSS:   -284.97545    459.90000    451.28715
CROSS:   -267.51023    459.90000    423.36451
CROSS:   -250.04501    459.90000    395.44187
CROSS:   -232.57980    459.90000    367.51923
CROSS:   -215.11458    459.90000    339.59659
53.5
l,l_int 512.016199636 512
17
[ 17.42004996   0.         -27.84197493]
CROSS:   -486.11500    429.90000    786.87508
CROSS:   -468.69495    429.90000    759.03311
CROSS:   -451.27490    429.90000    731.19114
CROSS:   -433.85485    429.90000    703.34916
CROSS:   -416.43480    429.90000    675.50719
CROSS:   -399.01475    429.90000    647.66521
CROSS:   -381.59470    429.90000    619.82324
CROSS:   -364.17465    429.90000    591.98126
CROSS:   -346.75460    429.90000    564.13929
CROSS:   -329.33455    429.90000    536.29731
CROSS:   -311.91450    429.90000    508.45534
CROSS:   -294.49445    429.90000    480.61336
CROSS:   -277.07440    429.90000    452.77139
CROSS:   -259.65435    429.90000    424.92941
CROSS:   -242.23430    429.90000    397.08744
CROSS:   -224.81425    429.90000    369.24546
CROSS:   -207.39420    429.90000    341.40349
55.2
l,l_int 503.76583384 503
16
[ 18.46081456   0.         -29.4963904 ]
CROSS:   -476.58603    399.90000    785.65624
CROSS:   -458.12521    399.90000    756.15985
CROSS:   -439.66440    399.90000    726.66346
CROSS:   -421.20358    399.90000    697.16707
CROSS:   -402.74277    399.90000    667.67068
CROSS:   -384.28195    399.90000    638.17429
CROSS:   -365.82114    399.90000    608.67790
CROSS:   -347.36033    399.90000    579.18151
CROSS:   -328.89951    399.90000    549.68512
CROSS:   -310.43870    399.90000    520.18873
CROSS:   -291.97788    399.90000    490.69234
CROSS:   -273.51707    399.90000    461.19595
CROSS:   -255.05625    399.90000    431.69956
CROSS:   -236.59544    399.90000    402.20317
CROSS:   -218.13462    399.90000    372.70678
CROSS:   -199.67381    399.90000    343.21039
56.8
l,l_int 495.549324624 495
16
[ 18.41282604   0.         -29.41068244]
CROSS:   -468.14581    369.90000    786.17752
CROSS:   -449.73299    369.90000    756.76684
CROSS:   -431.32016    369.90000    727.35616
CROSS:   -412.90733    369.90000    697.94547
CROSS:   -394.49451    369.90000    668.53479
CROSS:   -376.08168    369.90000    639.12411
CROSS:   -357.66886    369.90000    609.71343
CROSS:   -339.25603    369.90000    580.30274
CROSS:   -320.84320    369.90000    550.89206
CROSS:   -302.43038    369.90000    521.48138
CROSS:   -284.01755    369.90000    492.07070
CROSS:   -265.60473    369.90000    462.66001
CROSS:   -247.19190    369.90000    433.24933
CROSS:   -228.77907    369.90000    403.83865
CROSS:   -210.36625    369.90000    374.42797
CROSS:   -191.95342    369.90000    345.01728
58.4
l,l_int 486.9859348 486
16
[ 18.36483752   0.         -29.32497448]
CROSS:   -459.70560    339.90000    786.69880
CROSS:   -441.34076    339.90000    757.37383
CROSS:   -422.97592    339.90000    728.04885
CROSS:   -404.61109    339.90000    698.72388
CROSS:   -386.24625    339.90000    669.39890
CROSS:   -367.88141    339.90000    640.07393
CROSS:   -349.51657    339.90000    610.74895
CROSS:   -331.15174    339.90000    581.42398
CROSS:   -312.78690    339.90000    552.09900
CROSS:   -294.42206    339.90000    522.77403
CROSS:   -276.05722    339.90000    493.44906
CROSS:   -257.69239    339.90000    464.12408
CROSS:   -239.32755    339.90000    434.79911
CROSS:   -220.96271    339.90000    405.47413
CROSS:   -202.59787    339.90000    376.14916
CROSS:   -184.23304    339.90000    346.82418
60.0
l,l_int 346.73846873 346
11
[ 19.31986203   0.         -30.8474406 ]
CROSS:   -450.26237    309.90000    785.61191
CROSS:   -430.94251    309.90000    754.76447
CROSS:   -411.62265    309.90000    723.91702
CROSS:   -392.30278    309.90000    693.06958
CROSS:   -372.98292    309.90000    662.22214
CROSS:   -353.66306    309.90000    631.37470
CROSS:   -334.34320    309.90000    600.52726
CROSS:   -315.02334    309.90000    569.67982
CROSS:   -295.70347    309.90000    538.83238
CROSS:   -276.38361    309.90000    507.98494
CROSS:   -257.06375    309.90000    477.13750
61.1
l,l_int 165.198570359 165
5
[ 20.48105581   0.         -32.70148367]
CROSS:   -440.61297    279.90000    784.19343
CROSS:   -420.13192    279.90000    751.49195
CROSS:   -399.65086    279.90000    718.79047
CROSS:   -379.16981    279.90000    686.08898
CROSS:   -358.68875    279.90000    653.38750
