 A:   -323.20000    879.90000    314.30000
B:   -609.10000    803.00000    809.30000
C:   -453.20000    252.00000    817.30000
D:   -182.20000    332.00000    347.30000
879.9 252.0
marumeta size(Y): 627
SHOU/AMARI= 20 27
number of Y lines= 20
252.0 879.9
Y code: 849.9
Vector AD and AB
partial: 0.390117035111
partial: -0.0851179673321
partial: 7.47375
partial: 0.945245482752
Y code: 819.9
Vector AD and AB
partial: 0.780234070221
partial: -0.0306715063521
partial: 7.09875
partial: 0.890490965505
Y code: 789.9
Vector AD and AB
partial: 1.17035110533
partial: 0.0237749546279
partial: 6.72375
partial: 0.835736448257
Y code: 759.9
Vector AD and AB
partial: 1.56046814044
partial: 0.078221415608
partial: 6.34875
partial: 0.780981931009
Y code: 729.9
Vector AD and AB
partial: 1.95058517555
partial: 0.132667876588
partial: 5.97375
partial: 0.726227413762
Y code: 699.9
Vector AD and AB
partial: 2.34070221066
partial: 0.187114337568
partial: 5.59875
partial: 0.671472896514
Y code: 669.9
Vector AD and AB
partial: 2.73081924577
partial: 0.241560798548
partial: 5.22375
partial: 0.616718379266
Y code: 639.9
Vector AD and AB
partial: 3.12093628088
partial: 0.296007259528
partial: 4.84875
partial: 0.561963862019
Y code: 609.9
Vector AD and AB
partial: 3.51105331599
partial: 0.350453720508
partial: 4.47375
partial: 0.507209344771
Y code: 579.9
Vector AD and AB
partial: 3.90117035111
partial: 0.404900181488
partial: 4.09875
partial: 0.452454827523
Y code: 549.9
Vector AD and AB
partial: 4.29128738622
partial: 0.459346642468
partial: 3.72375
partial: 0.397700310276
Y code: 519.9
Vector AD and AB
partial: 4.68140442133
partial: 0.513793103448
partial: 3.34875
partial: 0.342945793028
Y code: 489.9
Vector AD and AB
partial: 5.07152145644
partial: 0.568239564428
partial: 2.97375
partial: 0.28819127578
Y code: 459.9
Vector AD and AB
partial: 5.46163849155
partial: 0.622686025408
partial: 2.59875
partial: 0.233436758533
Y code: 429.9
Vector AD and AB
partial: 5.85175552666
partial: 0.677132486388
partial: 2.22375
partial: 0.178682241285
Y code: 399.9
Vector AD and AB
partial: 6.24187256177
partial: 0.731578947368
partial: 1.84875
partial: 0.123927724037
Y code: 369.9
Vector AD and AB
partial: 6.63198959688
partial: 0.786025408348
partial: 1.47375
partial: 0.0691732067896
Y code: 339.9
Vector AD and AB
partial: 7.02210663199
partial: 0.840471869328
partial: 1.09875
partial: 0.0144186895419
Y code: 309.9
Vector AD and AB
partial: 7.4122236671
partial: 0.894918330309
partial: 0.72375
partial: -0.0403358277058
Y code: 279.9
Vector AD and AB
partial: 7.80234070221
partial: 0.949364791289
partial: 0.34875
partial: -0.0950903449535
-30.0
l,l_int 112.714023022 112
3
[ 39.75161576   0.         -63.7670111 ]
CROSS:   -394.98284    849.90000    443.64092
CROSS:   -355.23123    849.90000    379.87391
CROSS:   -315.47961    849.90000    316.10690
3
-29.7
l,l_int 227.469352823 227
7
[ 34.07281351   0.         -54.65743809]
CROSS:   -512.19611    819.90000    645.85843
CROSS:   -478.12329    819.90000    591.20099
CROSS:   -444.05048    819.90000    536.54355
CROSS:   -409.97767    819.90000    481.88611
CROSS:   -375.90485    819.90000    427.22867
CROSS:   -341.83204    819.90000    372.57124
CROSS:   -307.75923    819.90000    317.91380
10
-29.0
l,l_int 297.260249547 297
9
[ 33.92829393   0.         -54.4188336 ]
CROSS:   -571.46519    789.90000    755.07137
CROSS:   -537.53690    789.90000    700.65253
CROSS:   -503.60860    789.90000    646.23370
CROSS:   -469.68031    789.90000    591.81487
CROSS:   -435.75201    789.90000    537.39603
CROSS:   -401.82372    789.90000    482.97720
CROSS:   -367.89543    789.90000    428.55836
CROSS:   -333.96713    789.90000    374.13953
CROSS:   -300.03884    789.90000    319.72070
19
-28.1
l,l_int 304.164769327 304
10
[ 30.4586829   0.        -48.8398175]
CROSS:   -566.44660    759.90000    761.08595
CROSS:   -535.98792    759.90000    712.24614
CROSS:   -505.52923    759.90000    663.40632
CROSS:   -475.07055    759.90000    614.56650
CROSS:   -444.61187    759.90000    565.72668
CROSS:   -414.15318    759.90000    516.88687
CROSS:   -383.69450    759.90000    468.04705
CROSS:   -353.23582    759.90000    419.20723
CROSS:   -322.77714    759.90000    370.36741
CROSS:   -292.31845    759.90000    321.52760
29
-27.1
l,l_int 311.794030335 311
10
[ 30.38190127   0.         -48.70268477]
CROSS:   -558.03518    729.90000    761.65866
CROSS:   -527.65328    729.90000    712.95597
CROSS:   -497.27137    729.90000    664.25329
CROSS:   -466.88947    729.90000    615.55060
CROSS:   -436.50757    729.90000    566.84792
CROSS:   -406.12567    729.90000    518.14523
CROSS:   -375.74377    729.90000    469.44255
CROSS:   -345.36187    729.90000    420.73986
CROSS:   -314.97997    729.90000    372.03718
CROSS:   -284.59807    729.90000    323.33450
39
-26.1
l,l_int 319.282312722 319
10
[ 30.30511964   0.         -48.56555203]
CROSS:   -549.62376    699.90000    762.23136
CROSS:   -519.31864    699.90000    713.66581
CROSS:   -489.01352    699.90000    665.10026
CROSS:   -458.70840    699.90000    616.53471
CROSS:   -428.40328    699.90000    567.96915
CROSS:   -398.09816    699.90000    519.40360
CROSS:   -367.79304    699.90000    470.83805
CROSS:   -337.48792    699.90000    422.27250
CROSS:   -307.18280    699.90000    373.70695
CROSS:   -276.87768    699.90000    325.14139
49
-25.1
l,l_int 326.627862413 326
10
[ 30.228338     0.         -48.42841929]
CROSS:   -541.21233    669.90000    762.80407
CROSS:   -510.98400    669.90000    714.37565
CROSS:   -480.75566    669.90000    665.94723
CROSS:   -450.52732    669.90000    617.51881
CROSS:   -420.29898    669.90000    569.09039
CROSS:   -390.07064    669.90000    520.66197
CROSS:   -359.84231    669.90000    472.23355
CROSS:   -329.61397    669.90000    423.80513
CROSS:   -299.38563    669.90000    375.37671
CROSS:   -269.15729    669.90000    326.94829
59
-24.1
l,l_int 333.828982662 333
11
[ 27.41050579   0.         -43.90116959]
CROSS:   -535.54196    639.90000    767.76689
CROSS:   -508.13146    639.90000    723.86572
CROSS:   -480.72095    639.90000    679.96455
CROSS:   -453.31045    639.90000    636.06338
CROSS:   -425.89994    639.90000    592.16221
CROSS:   -398.48943    639.90000    548.26104
CROSS:   -371.07893    639.90000    504.35987
CROSS:   -343.66842    639.90000    460.45870
CROSS:   -316.25792    639.90000    416.55753
CROSS:   -288.84741    639.90000    372.65636
CROSS:   -261.43690    639.90000    328.75519
70
-23.0
l,l_int 341.675920303 341
11
[ 27.34070431   0.         -43.77650347]
CROSS:   -527.12356    609.90000    768.32713
CROSS:   -499.78286    609.90000    724.55062
CROSS:   -472.44215    609.90000    680.77412
CROSS:   -445.10145    609.90000    636.99762
CROSS:   -417.76074    609.90000    593.22111
CROSS:   -390.42004    609.90000    549.44461
CROSS:   -363.07933    609.90000    505.66811
CROSS:   -335.73863    609.90000    461.89160
CROSS:   -308.39793    609.90000    418.11510
CROSS:   -281.05722    609.90000    374.33860
CROSS:   -253.71652    609.90000    330.56209
81
-21.9
l,l_int 349.348793368 349
11
[ 27.27090282   0.         -43.65183734]
CROSS:   -518.70516    579.90000    768.88736
CROSS:   -491.43426    579.90000    725.23553
CROSS:   -464.16335    579.90000    681.58369
CROSS:   -436.89245    579.90000    637.93185
CROSS:   -409.62155    579.90000    594.28001
CROSS:   -382.35064    579.90000    550.62818
CROSS:   -355.07974    579.90000    506.97634
CROSS:   -327.80884    579.90000    463.32450
CROSS:   -300.53794    579.90000    419.67267
CROSS:   -273.26703    579.90000    376.02083
CROSS:   -245.99613    579.90000    332.36899
92
-20.8
l,l_int 356.845479564 356
11
[ 27.20110134   0.         -43.52717122]
CROSS:   -510.28676    549.90000    769.44760
CROSS:   -483.08566    549.90000    725.92043
CROSS:   -455.88455    549.90000    682.39326
CROSS:   -428.68345    549.90000    638.86609
CROSS:   -401.48235    549.90000    595.33892
CROSS:   -374.28125    549.90000    551.81175
CROSS:   -347.08015    549.90000    508.28457
CROSS:   -319.87905    549.90000    464.75740
CROSS:   -292.67795    549.90000    421.23023
CROSS:   -265.47685    549.90000    377.70306
CROSS:   -238.27574    549.90000    334.17589
103
-19.7
l,l_int 364.163939013 364
12
[ 24.8703582    0.         -39.78562967]
CROSS:   -504.12930    519.90000    773.62472
CROSS:   -479.25894    519.90000    733.83909
CROSS:   -454.38858    519.90000    694.05346
CROSS:   -429.51822    519.90000    654.26783
CROSS:   -404.64786    519.90000    614.48220
CROSS:   -379.77751    519.90000    574.69657
CROSS:   -354.90715    519.90000    534.91094
CROSS:   -330.03679    519.90000    495.12531
CROSS:   -305.16643    519.90000    455.33968
CROSS:   -280.29607    519.90000    415.55405
CROSS:   -255.42572    519.90000    375.76842
CROSS:   -230.55536    519.90000    335.98279
115
-18.5
l,l_int 372.036711168 372
12
[ 24.8063735    0.         -39.67135238]
CROSS:   -495.70508    489.90000    774.17456
CROSS:   -470.89870    489.90000    734.50321
CROSS:   -446.09233    489.90000    694.83186
CROSS:   -421.28596    489.90000    655.16051
CROSS:   -396.47958    489.90000    615.48915
CROSS:   -371.67321    489.90000    575.81780
CROSS:   -346.86684    489.90000    536.14645
CROSS:   -322.06046    489.90000    496.47510
CROSS:   -297.25409    489.90000    456.80375
CROSS:   -272.44772    489.90000    417.13239
CROSS:   -247.64134    489.90000    377.46104
CROSS:   -222.83497    489.90000    337.78969
127
-17.3
l,l_int 379.697057812 379
12
[ 24.74238881   0.         -39.5570751 ]
CROSS:   -487.28086    459.90000    774.72441
CROSS:   -462.53847    459.90000    735.16734
CROSS:   -437.79608    459.90000    695.61026
CROSS:   -413.05369    459.90000    656.05319
CROSS:   -388.31130    459.90000    616.49611
CROSS:   -363.56892    459.90000    576.93904
CROSS:   -338.82653    459.90000    537.38196
CROSS:   -314.08414    459.90000    497.82489
CROSS:   -289.34175    459.90000    458.26781
CROSS:   -264.59936    459.90000    418.71074
CROSS:   -239.85697    459.90000    379.15366
CROSS:   -215.11458    459.90000    339.59659
139
-16.1
l,l_int 387.142542622 387
12
[ 24.67840411   0.         -39.44279782]
CROSS:   -478.85664    429.90000    775.27426
CROSS:   -454.17824    429.90000    735.83146
CROSS:   -429.49983    429.90000    696.38867
CROSS:   -404.82143    429.90000    656.94587
CROSS:   -380.14302    429.90000    617.50307
CROSS:   -355.46462    429.90000    578.06027
CROSS:   -330.78622    429.90000    538.61748
CROSS:   -306.10781    429.90000    499.17468
CROSS:   -281.42941    429.90000    459.73188
CROSS:   -256.75100    429.90000    420.28908
CROSS:   -232.07260    429.90000    380.84628
CROSS:   -207.39420    429.90000    341.40349
151
-14.9
l,l_int 394.370844706 394
13
[ 22.72100254   0.         -36.30324973]
CROSS:   -472.32584    399.90000    778.84938
CROSS:   -449.60484    399.90000    742.54613
CROSS:   -426.88383    399.90000    706.24288
CROSS:   -404.16283    399.90000    669.93963
CROSS:   -381.44183    399.90000    633.63638
CROSS:   -358.72083    399.90000    597.33313
CROSS:   -335.99982    399.90000    561.02988
CROSS:   -313.27882    399.90000    524.72663
CROSS:   -290.55782    399.90000    488.42338
CROSS:   -267.83682    399.90000    452.12013
CROSS:   -245.11581    399.90000    415.81688
CROSS:   -222.39481    399.90000    379.51363
CROSS:   -199.67381    399.90000    343.21039
164
-13.6
l,l_int 402.048597937 402
13
[ 22.66193974   0.         -36.19776301]
CROSS:   -463.89670    369.90000    779.39044
CROSS:   -441.23476    369.90000    743.19268
CROSS:   -418.57282    369.90000    706.99491
CROSS:   -395.91088    369.90000    670.79715
CROSS:   -373.24894    369.90000    634.59939
CROSS:   -350.58700    369.90000    598.40163
CROSS:   -327.92506    369.90000    562.20386
CROSS:   -305.26312    369.90000    526.00610
CROSS:   -282.60118    369.90000    489.80834
CROSS:   -259.93924    369.90000    453.61057
CROSS:   -237.27730    369.90000    417.41281
CROSS:   -214.61536    369.90000    381.21505
CROSS:   -191.95342    369.90000    345.01728
177
-12.3
l,l_int 409.470271772 409
13
[ 22.60287695   0.         -36.09227629]
CROSS:   -455.46756    339.90000    779.93150
CROSS:   -432.86468    339.90000    743.83922
CROSS:   -410.26180    339.90000    707.74695
CROSS:   -387.65893    339.90000    671.65467
CROSS:   -365.05605    339.90000    635.56239
CROSS:   -342.45317    339.90000    599.47012
CROSS:   -319.85030    339.90000    563.37784
CROSS:   -297.24742    339.90000    527.28556
CROSS:   -274.64454    339.90000    491.19329
CROSS:   -252.04167    339.90000    455.10101
CROSS:   -229.43879    339.90000    419.00874
CROSS:   -206.83591    339.90000    382.91646
CROSS:   -184.23304    339.90000    346.82418
190
-11.0
l,l_int 302.169939864 302
10
[ 21.25184823   0.         -33.93218466]
CROSS:   -448.33038    309.90000    782.52716
CROSS:   -427.07854    309.90000    748.59498
CROSS:   -405.82669    309.90000    714.66279
CROSS:   -384.57484    309.90000    680.73061
CROSS:   -363.32299    309.90000    646.79842
CROSS:   -342.07114    309.90000    612.86624
CROSS:   -320.81929    309.90000    578.93405
CROSS:   -299.56745    309.90000    545.00187
CROSS:   -278.31560    309.90000    511.06968
CROSS:   -257.06375    309.90000    477.13750
200
-10.0
l,l_int 147.792025538 147
4
[ 25.60131976   0.         -40.87685458]
CROSS:   -435.49271    279.90000    776.01806
CROSS:   -409.89139    279.90000    735.14121
CROSS:   -384.29007    279.90000    694.26435
CROSS:   -358.68875    279.90000    653.38750
204
