A:    406.20000    345.90000    711.50000
B:    439.10000   -113.10000    689.50000
C:     67.70000   -162.10000    921.80000
D:     26.40000    292.90000    937.50000
345.9 -162.1
marumeta size(Y): 508
SHOU/AMARI= 50.0 8.0
number of Y lines= 50
LOG: StartPhi of this vector= 57.0
LOG: Absolute length of the initial vector:     84.2 [um]
LOG: Absolute length of the NEW vector:               54.2 [um]
LOG: Absolute length of the final vector(from X-ray):     54.2 [um]
LOG: Number of irradiation points: 6
SCHEDULE_FILE: /tmp/tmp_001.sch
/bin/rm -f /tmp/tmp_001.sch
START SERIAL of this vector 600
END   SERIAL of this vector 605
PHI=  57.0 CROSS:    394.03045    335.90000    718.69810
PHI=  57.1 CROSS:    385.43956    335.90000    723.81638
PHI=  57.2 CROSS:    376.84868    335.90000    728.93465
PHI=  57.3 CROSS:    368.25780    335.90000    734.05292
PHI=  57.4 CROSS:    359.66691    335.90000    739.17119
PHI=  57.5 CROSS:    351.07603    335.90000    744.28946
Total points: 6
LOG: StartPhi of this vector= 57.6
LOG: Absolute length of the initial vector:    168.5 [um]
LOG: Absolute length of the NEW vector:              138.5 [um]
LOG: Absolute length of the final vector(from X-ray):    138.5 [um]
LOG: Number of irradiation points: 14
SCHEDULE_FILE: /tmp/tmp_002.sch
/bin/rm -f /tmp/tmp_002.sch
START SERIAL of this vector 606
END   SERIAL of this vector 619
PHI=  57.6 CROSS:    394.74652    325.90000    718.21922
PHI=  57.7 CROSS:    386.15516    325.90000    723.33777
PHI=  57.8 CROSS:    377.56381    325.90000    728.45633
PHI=  57.9 CROSS:    368.97245    325.90000    733.57488
PHI=  58.0 CROSS:    360.38110    325.90000    738.69343
PHI=  58.1 CROSS:    351.78974    325.90000    743.81198
PHI=  58.2 CROSS:    343.19838    325.90000    748.93054
PHI=  58.3 CROSS:    334.60703    325.90000    754.04909
PHI=  58.4 CROSS:    326.01567    325.90000    759.16764
PHI=  58.5 CROSS:    317.42432    325.90000    764.28619
PHI=  58.6 CROSS:    308.83296    325.90000    769.40474
PHI=  58.7 CROSS:    300.24161    325.90000    774.52330
PHI=  58.8 CROSS:    291.65025    325.90000    779.64185
PHI=  58.9 CROSS:    283.05890    325.90000    784.76040
Total points: 20
LOG: StartPhi of this vector= 59.0
LOG: Absolute length of the initial vector:    252.7 [um]
LOG: Absolute length of the NEW vector:              222.7 [um]
LOG: Absolute length of the final vector(from X-ray):    222.6 [um]
LOG: Number of irradiation points: 23
SCHEDULE_FILE: /tmp/tmp_003.sch
/bin/rm -f /tmp/tmp_003.sch
START SERIAL of this vector 620
END   SERIAL of this vector 642
PHI=  59.0 CROSS:    395.45615    315.90000    717.74418
PHI=  59.1 CROSS:    386.86002    315.90000    722.86557
PHI=  59.2 CROSS:    378.26390    315.90000    727.98696
PHI=  59.3 CROSS:    369.66778    315.90000    733.10835
PHI=  59.4 CROSS:    361.07166    315.90000    738.22974
PHI=  59.5 CROSS:    352.47554    315.90000    743.35113
PHI=  59.6 CROSS:    343.87942    315.90000    748.47253
PHI=  59.7 CROSS:    335.28330    315.90000    753.59392
PHI=  59.8 CROSS:    326.68718    315.90000    758.71531
PHI=  59.9 CROSS:    318.09106    315.90000    763.83670
PHI=  60.0 CROSS:    309.49493    315.90000    768.95809
PHI=  60.1 CROSS:    300.89881    315.90000    774.07948
PHI=  60.2 CROSS:    292.30269    315.90000    779.20087
PHI=  60.3 CROSS:    283.70657    315.90000    784.32227
PHI=  60.4 CROSS:    275.11045    315.90000    789.44366
PHI=  60.5 CROSS:    266.51433    315.90000    794.56505
PHI=  60.6 CROSS:    257.91821    315.90000    799.68644
PHI=  60.7 CROSS:    249.32209    315.90000    804.80783
PHI=  60.8 CROSS:    240.72597    315.90000    809.92922
PHI=  60.9 CROSS:    232.12985    315.90000    815.05061
PHI=  61.0 CROSS:    223.53372    315.90000    820.17200
PHI=  61.1 CROSS:    214.93760    315.90000    825.29340
PHI=  61.2 CROSS:    206.34148    315.90000    830.41479
Total points: 43
LOG: StartPhi of this vector= 61.3
LOG: Absolute length of the initial vector:    337.0 [um]
LOG: Absolute length of the NEW vector:              306.9 [um]
LOG: Absolute length of the final vector(from X-ray):    306.0 [um]
LOG: Number of irradiation points: 31
SCHEDULE_FILE: /tmp/tmp_004.sch
/bin/rm -f /tmp/tmp_004.sch
START SERIAL of this vector 643
END   SERIAL of this vector 673
PHI=  61.3 CROSS:    396.14440    305.90000    717.28187
PHI=  61.4 CROSS:    387.52926    305.90000    722.41459
PHI=  61.5 CROSS:    378.91413    305.90000    727.54731
PHI=  61.6 CROSS:    370.29899    305.90000    732.68003
PHI=  61.7 CROSS:    361.68386    305.90000    737.81275
PHI=  61.8 CROSS:    353.06873    305.90000    742.94546
PHI=  61.9 CROSS:    344.45359    305.90000    748.07818
PHI=  62.0 CROSS:    335.83846    305.90000    753.21090
PHI=  62.1 CROSS:    327.22332    305.90000    758.34362
PHI=  62.2 CROSS:    318.60819    305.90000    763.47634
PHI=  62.3 CROSS:    309.99305    305.90000    768.60906
PHI=  62.4 CROSS:    301.37792    305.90000    773.74178
PHI=  62.5 CROSS:    292.76278    305.90000    778.87450
PHI=  62.6 CROSS:    284.14765    305.90000    784.00722
PHI=  62.7 CROSS:    275.53251    305.90000    789.13994
PHI=  62.8 CROSS:    266.91738    305.90000    794.27266
PHI=  62.9 CROSS:    258.30224    305.90000    799.40538
PHI=  63.0 CROSS:    249.68711    305.90000    804.53810
PHI=  63.1 CROSS:    241.07197    305.90000    809.67082
PHI=  63.2 CROSS:    232.45684    305.90000    814.80354
PHI=  63.3 CROSS:    223.84170    305.90000    819.93626
PHI=  63.4 CROSS:    215.22657    305.90000    825.06898
PHI=  63.5 CROSS:    206.61143    305.90000    830.20169
PHI=  63.6 CROSS:    197.99630    305.90000    835.33441
PHI=  63.7 CROSS:    189.38116    305.90000    840.46713
PHI=  63.8 CROSS:    180.76603    305.90000    845.59985
PHI=  63.9 CROSS:    172.15089    305.90000    850.73257
PHI=  64.0 CROSS:    163.53576    305.90000    855.86529
PHI=  64.1 CROSS:    154.92062    305.90000    860.99801
PHI=  64.2 CROSS:    146.30549    305.90000    866.13073
PHI=  64.3 CROSS:    137.69035    305.90000    871.26345
Total points: 74
LOG: StartPhi of this vector= 64.4
LOG: Absolute length of the initial vector:    421.2 [um]
LOG: Absolute length of the NEW vector:              391.0 [um]
LOG: Absolute length of the final vector(from X-ray):    387.7 [um]
LOG: Number of irradiation points: 39
SCHEDULE_FILE: /tmp/tmp_005.sch
/bin/rm -f /tmp/tmp_005.sch
START SERIAL of this vector 674
END   SERIAL of this vector 712
PHI=  64.4 CROSS:    396.78932    295.90000    716.84537
PHI=  64.5 CROSS:    388.12628    295.90000    722.00663
PHI=  64.6 CROSS:    379.46325    295.90000    727.16789
PHI=  64.7 CROSS:    370.80021    295.90000    732.32915
PHI=  64.8 CROSS:    362.13717    295.90000    737.49041
PHI=  64.9 CROSS:    353.47413    295.90000    742.65167
PHI=  65.0 CROSS:    344.81110    295.90000    747.81293
PHI=  65.1 CROSS:    336.14806    295.90000    752.97419
PHI=  65.2 CROSS:    327.48502    295.90000    758.13544
PHI=  65.3 CROSS:    318.82198    295.90000    763.29670
PHI=  65.4 CROSS:    310.15895    295.90000    768.45796
PHI=  65.5 CROSS:    301.49591    295.90000    773.61922
PHI=  65.6 CROSS:    292.83287    295.90000    778.78048
PHI=  65.7 CROSS:    284.16983    295.90000    783.94174
PHI=  65.8 CROSS:    275.50680    295.90000    789.10300
PHI=  65.9 CROSS:    266.84376    295.90000    794.26426
PHI=  66.0 CROSS:    258.18072    295.90000    799.42551
PHI=  66.1 CROSS:    249.51768    295.90000    804.58677
PHI=  66.2 CROSS:    240.85465    295.90000    809.74803
PHI=  66.3 CROSS:    232.19161    295.90000    814.90929
PHI=  66.4 CROSS:    223.52857    295.90000    820.07055
PHI=  66.5 CROSS:    214.86553    295.90000    825.23181
PHI=  66.6 CROSS:    206.20250    295.90000    830.39307
PHI=  66.7 CROSS:    197.53946    295.90000    835.55433
PHI=  66.8 CROSS:    188.87642    295.90000    840.71558
PHI=  66.9 CROSS:    180.21338    295.90000    845.87684
PHI=  67.0 CROSS:    171.55035    295.90000    851.03810
PHI=  67.1 CROSS:    162.88731    295.90000    856.19936
PHI=  67.2 CROSS:    154.22427    295.90000    861.36062
PHI=  67.3 CROSS:    145.56123    295.90000    866.52188
PHI=  67.4 CROSS:    136.89819    295.90000    871.68314
PHI=  67.5 CROSS:    128.23516    295.90000    876.84440
PHI=  67.6 CROSS:    119.57212    295.90000    882.00565
PHI=  67.7 CROSS:    110.90908    295.90000    887.16691
PHI=  67.8 CROSS:    102.24604    295.90000    892.32817
PHI=  67.9 CROSS:     93.58301    295.90000    897.48943
PHI=  68.0 CROSS:     84.91997    295.90000    902.65069
PHI=  68.1 CROSS:     76.25693    295.90000    907.81195
PHI=  68.2 CROSS:     67.59389    295.90000    912.97321
Total points: 113
LOG: StartPhi of this vector= 68.3
LOG: Absolute length of the initial vector:    446.5 [um]
LOG: Absolute length of the NEW vector:              415.9 [um]
LOG: Absolute length of the final vector(from X-ray):    407.8 [um]
LOG: Number of irradiation points: 41
SCHEDULE_FILE: /tmp/tmp_006.sch
/bin/rm -f /tmp/tmp_006.sch
START SERIAL of this vector 713
END   SERIAL of this vector 753
PHI=  68.3 CROSS:    397.36220    285.90000    716.45775
PHI=  68.4 CROSS:    388.60323    285.90000    721.68013
PHI=  68.5 CROSS:    379.84426    285.90000    726.90251
PHI=  68.6 CROSS:    371.08529    285.90000    732.12489
PHI=  68.7 CROSS:    362.32632    285.90000    737.34726
PHI=  68.8 CROSS:    353.56735    285.90000    742.56964
PHI=  68.9 CROSS:    344.80838    285.90000    747.79202
PHI=  69.0 CROSS:    336.04941    285.90000    753.01440
PHI=  69.1 CROSS:    327.29044    285.90000    758.23678
PHI=  69.2 CROSS:    318.53147    285.90000    763.45916
PHI=  69.3 CROSS:    309.77250    285.90000    768.68154
PHI=  69.4 CROSS:    301.01353    285.90000    773.90391
PHI=  69.5 CROSS:    292.25456    285.90000    779.12629
PHI=  69.6 CROSS:    283.49559    285.90000    784.34867
PHI=  69.7 CROSS:    274.73662    285.90000    789.57105
PHI=  69.8 CROSS:    265.97765    285.90000    794.79343
PHI=  69.9 CROSS:    257.21868    285.90000    800.01581
PHI=  70.0 CROSS:    248.45971    285.90000    805.23819
PHI=  70.1 CROSS:    239.70074    285.90000    810.46056
PHI=  70.2 CROSS:    230.94177    285.90000    815.68294
PHI=  70.3 CROSS:    222.18280    285.90000    820.90532
PHI=  70.4 CROSS:    213.42383    285.90000    826.12770
PHI=  70.5 CROSS:    204.66486    285.90000    831.35008
PHI=  70.6 CROSS:    195.90589    285.90000    836.57246
PHI=  70.7 CROSS:    187.14692    285.90000    841.79483
PHI=  70.8 CROSS:    178.38795    285.90000    847.01721
PHI=  70.9 CROSS:    169.62898    285.90000    852.23959
PHI=  71.0 CROSS:    160.87001    285.90000    857.46197
PHI=  71.1 CROSS:    152.11104    285.90000    862.68435
PHI=  71.2 CROSS:    143.35207    285.90000    867.90673
PHI=  71.3 CROSS:    134.59310    285.90000    873.12911
PHI=  71.4 CROSS:    125.83413    285.90000    878.35148
PHI=  71.5 CROSS:    117.07516    285.90000    883.57386
PHI=  71.6 CROSS:    108.31619    285.90000    888.79624
PHI=  71.7 CROSS:     99.55722    285.90000    894.01862
PHI=  71.8 CROSS:     90.79825    285.90000    899.24100
PHI=  71.9 CROSS:     82.03928    285.90000    904.46338
PHI=  72.0 CROSS:     73.28031    285.90000    909.68576
PHI=  72.1 CROSS:     64.52134    285.90000    914.90813
PHI=  72.2 CROSS:     55.76237    285.90000    920.13051
PHI=  72.3 CROSS:     47.00340    285.90000    925.35289
Total points: 154
LOG: StartPhi of this vector= 72.4
LOG: Absolute length of the initial vector:    446.4 [um]
LOG: Absolute length of the NEW vector:              415.2 [um]
LOG: Absolute length of the final vector(from X-ray):    400.3 [um]
LOG: Number of irradiation points: 41
SCHEDULE_FILE: /tmp/tmp_007.sch
/bin/rm -f /tmp/tmp_007.sch
START SERIAL of this vector 754
END   SERIAL of this vector 794
PHI=  72.4 CROSS:    397.85766    275.90000    716.11905
PHI=  72.5 CROSS:    388.95115    275.90000    721.43516
PHI=  72.6 CROSS:    380.04463    275.90000    726.75128
PHI=  72.7 CROSS:    371.13812    275.90000    732.06739
PHI=  72.8 CROSS:    362.23161    275.90000    737.38350
PHI=  72.9 CROSS:    353.32509    275.90000    742.69962
PHI=  73.0 CROSS:    344.41858    275.90000    748.01573
PHI=  73.1 CROSS:    335.51207    275.90000    753.33184
PHI=  73.2 CROSS:    326.60555    275.90000    758.64796
PHI=  73.3 CROSS:    317.69904    275.90000    763.96407
PHI=  73.4 CROSS:    308.79252    275.90000    769.28019
PHI=  73.5 CROSS:    299.88601    275.90000    774.59630
PHI=  73.6 CROSS:    290.97950    275.90000    779.91241
PHI=  73.7 CROSS:    282.07298    275.90000    785.22853
PHI=  73.8 CROSS:    273.16647    275.90000    790.54464
PHI=  73.9 CROSS:    264.25996    275.90000    795.86075
PHI=  74.0 CROSS:    255.35344    275.90000    801.17687
PHI=  74.1 CROSS:    246.44693    275.90000    806.49298
PHI=  74.2 CROSS:    237.54042    275.90000    811.80909
PHI=  74.3 CROSS:    228.63390    275.90000    817.12521
PHI=  74.4 CROSS:    219.72739    275.90000    822.44132
PHI=  74.5 CROSS:    210.82088    275.90000    827.75743
PHI=  74.6 CROSS:    201.91436    275.90000    833.07355
PHI=  74.7 CROSS:    193.00785    275.90000    838.38966
PHI=  74.8 CROSS:    184.10134    275.90000    843.70577
PHI=  74.9 CROSS:    175.19482    275.90000    849.02189
PHI=  75.0 CROSS:    166.28831    275.90000    854.33800
PHI=  75.1 CROSS:    157.38180    275.90000    859.65411
PHI=  75.2 CROSS:    148.47528    275.90000    864.97023
PHI=  75.3 CROSS:    139.56877    275.90000    870.28634
PHI=  75.4 CROSS:    130.66226    275.90000    875.60245
PHI=  75.5 CROSS:    121.75574    275.90000    880.91857
PHI=  75.6 CROSS:    112.84923    275.90000    886.23468
PHI=  75.7 CROSS:    103.94272    275.90000    891.55080
PHI=  75.8 CROSS:     95.03620    275.90000    896.86691
PHI=  75.9 CROSS:     86.12969    275.90000    902.18302
PHI=  76.0 CROSS:     77.22318    275.90000    907.49914
PHI=  76.1 CROSS:     68.31666    275.90000    912.81525
PHI=  76.2 CROSS:     59.41015    275.90000    918.13136
PHI=  76.3 CROSS:     50.50364    275.90000    923.44748
PHI=  76.4 CROSS:     41.59712    275.90000    928.76359
Total points: 195
LOG: StartPhi of this vector= 76.5
LOG: Absolute length of the initial vector:    446.3 [um]
LOG: Absolute length of the NEW vector:              414.4 [um]
LOG: Absolute length of the final vector(from X-ray):    390.7 [um]
LOG: Number of irradiation points: 40
SCHEDULE_FILE: /tmp/tmp_008.sch
/bin/rm -f /tmp/tmp_008.sch
START SERIAL of this vector 795
END   SERIAL of this vector 834
PHI=  76.5 CROSS:    398.27427    265.90000    715.82776
PHI=  76.6 CROSS:    389.16765    265.90000    721.26921
PHI=  76.7 CROSS:    380.06103    265.90000    726.71067
PHI=  76.8 CROSS:    370.95440    265.90000    732.15212
PHI=  76.9 CROSS:    361.84778    265.90000    737.59358
PHI=  77.0 CROSS:    352.74116    265.90000    743.03503
PHI=  77.1 CROSS:    343.63454    265.90000    748.47649
PHI=  77.2 CROSS:    334.52792    265.90000    753.91794
PHI=  77.3 CROSS:    325.42129    265.90000    759.35940
PHI=  77.4 CROSS:    316.31467    265.90000    764.80085
PHI=  77.5 CROSS:    307.20805    265.90000    770.24230
PHI=  77.6 CROSS:    298.10143    265.90000    775.68376
PHI=  77.7 CROSS:    288.99480    265.90000    781.12521
PHI=  77.8 CROSS:    279.88818    265.90000    786.56667
PHI=  77.9 CROSS:    270.78156    265.90000    792.00812
PHI=  78.0 CROSS:    261.67494    265.90000    797.44958
PHI=  78.1 CROSS:    252.56832    265.90000    802.89103
PHI=  78.2 CROSS:    243.46169    265.90000    808.33249
PHI=  78.3 CROSS:    234.35507    265.90000    813.77394
PHI=  78.4 CROSS:    225.24845    265.90000    819.21540
PHI=  78.5 CROSS:    216.14183    265.90000    824.65685
PHI=  78.6 CROSS:    207.03520    265.90000    830.09830
PHI=  78.7 CROSS:    197.92858    265.90000    835.53976
PHI=  78.8 CROSS:    188.82196    265.90000    840.98121
PHI=  78.9 CROSS:    179.71534    265.90000    846.42267
PHI=  79.0 CROSS:    170.60872    265.90000    851.86412
PHI=  79.1 CROSS:    161.50209    265.90000    857.30558
PHI=  79.2 CROSS:    152.39547    265.90000    862.74703
PHI=  79.3 CROSS:    143.28885    265.90000    868.18849
PHI=  79.4 CROSS:    134.18223    265.90000    873.62994
PHI=  79.5 CROSS:    125.07560    265.90000    879.07140
PHI=  79.6 CROSS:    115.96898    265.90000    884.51285
PHI=  79.7 CROSS:    106.86236    265.90000    889.95430
PHI=  79.8 CROSS:     97.75574    265.90000    895.39576
PHI=  79.9 CROSS:     88.64911    265.90000    900.83721
PHI=  80.0 CROSS:     79.54249    265.90000    906.27867
PHI=  80.1 CROSS:     70.43587    265.90000    911.72012
PHI=  80.2 CROSS:     61.32925    265.90000    917.16158
PHI=  80.3 CROSS:     52.22263    265.90000    922.60303
PHI=  80.4 CROSS:     43.11600    265.90000    928.04449
Total points: 235
LOG: StartPhi of this vector= 80.5
LOG: Absolute length of the initial vector:    446.2 [um]
LOG: Absolute length of the NEW vector:              413.5 [um]
LOG: Absolute length of the final vector(from X-ray):    379.2 [um]
LOG: Number of irradiation points: 38
SCHEDULE_FILE: /tmp/tmp_009.sch
/bin/rm -f /tmp/tmp_009.sch
START SERIAL of this vector 835
END   SERIAL of this vector 872
PHI=  80.5 CROSS:    398.61401    255.90000    715.58285
PHI=  80.6 CROSS:    389.25603    255.90000    721.18056
PHI=  80.7 CROSS:    379.89806    255.90000    726.77828
PHI=  80.8 CROSS:    370.54008    255.90000    732.37600
PHI=  80.9 CROSS:    361.18210    255.90000    737.97371
PHI=  81.0 CROSS:    351.82412    255.90000    743.57143
PHI=  81.1 CROSS:    342.46614    255.90000    749.16914
PHI=  81.2 CROSS:    333.10816    255.90000    754.76686
PHI=  81.3 CROSS:    323.75019    255.90000    760.36457
PHI=  81.4 CROSS:    314.39221    255.90000    765.96229
PHI=  81.5 CROSS:    305.03423    255.90000    771.56001
PHI=  81.6 CROSS:    295.67625    255.90000    777.15772
PHI=  81.7 CROSS:    286.31827    255.90000    782.75544
PHI=  81.8 CROSS:    276.96029    255.90000    788.35315
PHI=  81.9 CROSS:    267.60232    255.90000    793.95087
PHI=  82.0 CROSS:    258.24434    255.90000    799.54858
PHI=  82.1 CROSS:    248.88636    255.90000    805.14630
PHI=  82.2 CROSS:    239.52838    255.90000    810.74402
PHI=  82.3 CROSS:    230.17040    255.90000    816.34173
PHI=  82.4 CROSS:    220.81242    255.90000    821.93945
PHI=  82.5 CROSS:    211.45445    255.90000    827.53716
PHI=  82.6 CROSS:    202.09647    255.90000    833.13488
PHI=  82.7 CROSS:    192.73849    255.90000    838.73260
PHI=  82.8 CROSS:    183.38051    255.90000    844.33031
PHI=  82.9 CROSS:    174.02253    255.90000    849.92803
PHI=  83.0 CROSS:    164.66455    255.90000    855.52574
PHI=  83.1 CROSS:    155.30658    255.90000    861.12346
PHI=  83.2 CROSS:    145.94860    255.90000    866.72117
PHI=  83.3 CROSS:    136.59062    255.90000    872.31889
PHI=  83.4 CROSS:    127.23264    255.90000    877.91661
PHI=  83.5 CROSS:    117.87466    255.90000    883.51432
PHI=  83.6 CROSS:    108.51668    255.90000    889.11204
PHI=  83.7 CROSS:     99.15871    255.90000    894.70975
PHI=  83.8 CROSS:     89.80073    255.90000    900.30747
PHI=  83.9 CROSS:     80.44275    255.90000    905.90518
PHI=  84.0 CROSS:     71.08477    255.90000    911.50290
PHI=  84.1 CROSS:     61.72679    255.90000    917.10062
PHI=  84.2 CROSS:     52.36881    255.90000    922.69833
Total points: 273
LOG: StartPhi of this vector= 84.3
LOG: Absolute length of the initial vector:    446.1 [um]
LOG: Absolute length of the NEW vector:              412.3 [um]
LOG: Absolute length of the final vector(from X-ray):    366.4 [um]
LOG: Number of irradiation points: 37
SCHEDULE_FILE: /tmp/tmp_010.sch
/bin/rm -f /tmp/tmp_010.sch
START SERIAL of this vector 873
END   SERIAL of this vector 909
PHI=  84.3 CROSS:    398.88564    245.90000    715.37923
PHI=  84.4 CROSS:    389.23089    245.90000    721.16073
PHI=  84.5 CROSS:    379.57615    245.90000    726.94223
PHI=  84.6 CROSS:    369.92140    245.90000    732.72373
PHI=  84.7 CROSS:    360.26665    245.90000    738.50524
PHI=  84.8 CROSS:    350.61191    245.90000    744.28674
PHI=  84.9 CROSS:    340.95716    245.90000    750.06824
PHI=  85.0 CROSS:    331.30242    245.90000    755.84975
PHI=  85.1 CROSS:    321.64767    245.90000    761.63125
PHI=  85.2 CROSS:    311.99292    245.90000    767.41275
PHI=  85.3 CROSS:    302.33818    245.90000    773.19425
PHI=  85.4 CROSS:    292.68343    245.90000    778.97576
PHI=  85.5 CROSS:    283.02869    245.90000    784.75726
PHI=  85.6 CROSS:    273.37394    245.90000    790.53876
PHI=  85.7 CROSS:    263.71919    245.90000    796.32027
PHI=  85.8 CROSS:    254.06445    245.90000    802.10177
PHI=  85.9 CROSS:    244.40970    245.90000    807.88327
PHI=  86.0 CROSS:    234.75496    245.90000    813.66477
PHI=  86.1 CROSS:    225.10021    245.90000    819.44628
PHI=  86.2 CROSS:    215.44546    245.90000    825.22778
PHI=  86.3 CROSS:    205.79072    245.90000    831.00928
PHI=  86.4 CROSS:    196.13597    245.90000    836.79078
PHI=  86.5 CROSS:    186.48123    245.90000    842.57229
PHI=  86.6 CROSS:    176.82648    245.90000    848.35379
PHI=  86.7 CROSS:    167.17173    245.90000    854.13529
PHI=  86.8 CROSS:    157.51699    245.90000    859.91680
PHI=  86.9 CROSS:    147.86224    245.90000    865.69830
PHI=  87.0 CROSS:    138.20750    245.90000    871.47980
PHI=  87.1 CROSS:    128.55275    245.90000    877.26130
PHI=  87.2 CROSS:    118.89800    245.90000    883.04281
PHI=  87.3 CROSS:    109.24326    245.90000    888.82431
PHI=  87.4 CROSS:     99.58851    245.90000    894.60581
PHI=  87.5 CROSS:     89.93377    245.90000    900.38732
PHI=  87.6 CROSS:     80.27902    245.90000    906.16882
PHI=  87.7 CROSS:     70.62428    245.90000    911.95032
PHI=  87.8 CROSS:     60.96953    245.90000    917.73182
PHI=  87.9 CROSS:     51.31478    245.90000    923.51333
Total points: 310
LOG: StartPhi of this vector= 88.0
LOG: Absolute length of the initial vector:    446.0 [um]
LOG: Absolute length of the NEW vector:              411.0 [um]
LOG: Absolute length of the final vector(from X-ray):    352.3 [um]
LOG: Number of irradiation points: 36
SCHEDULE_FILE: /tmp/tmp_011.sch
/bin/rm -f /tmp/tmp_011.sch
START SERIAL of this vector 910
END   SERIAL of this vector 945
PHI=  88.0 CROSS:    399.07536    235.90000    715.22529
PHI=  88.1 CROSS:    389.06924    235.90000    721.22371
PHI=  88.2 CROSS:    379.06312    235.90000    727.22212
PHI=  88.3 CROSS:    369.05701    235.90000    733.22054
PHI=  88.4 CROSS:    359.05089    235.90000    739.21895
PHI=  88.5 CROSS:    349.04477    235.90000    745.21736
PHI=  88.6 CROSS:    339.03866    235.90000    751.21578
PHI=  88.7 CROSS:    329.03254    235.90000    757.21419
PHI=  88.8 CROSS:    319.02642    235.90000    763.21261
PHI=  88.9 CROSS:    309.02031    235.90000    769.21102
PHI=  89.0 CROSS:    299.01419    235.90000    775.20944
PHI=  89.1 CROSS:    289.00807    235.90000    781.20785
PHI=  89.2 CROSS:    279.00196    235.90000    787.20627
PHI=  89.3 CROSS:    268.99584    235.90000    793.20468
PHI=  89.4 CROSS:    258.98972    235.90000    799.20310
PHI=  89.5 CROSS:    248.98361    235.90000    805.20151
PHI=  89.6 CROSS:    238.97749    235.90000    811.19993
PHI=  89.7 CROSS:    228.97138    235.90000    817.19834
PHI=  89.8 CROSS:    218.96526    235.90000    823.19676
PHI=  89.9 CROSS:    208.95914    235.90000    829.19517
PHI=  90.0 CROSS:    198.95303    235.90000    835.19359
PHI=  90.1 CROSS:    188.94691    235.90000    841.19200
PHI=  90.2 CROSS:    178.94079    235.90000    847.19042
PHI=  90.3 CROSS:    168.93468    235.90000    853.18883
PHI=  90.4 CROSS:    158.92856    235.90000    859.18725
PHI=  90.5 CROSS:    148.92244    235.90000    865.18566
PHI=  90.6 CROSS:    138.91633    235.90000    871.18407
PHI=  90.7 CROSS:    128.91021    235.90000    877.18249
PHI=  90.8 CROSS:    118.90409    235.90000    883.18090
PHI=  90.9 CROSS:    108.89798    235.90000    889.17932
PHI=  91.0 CROSS:     98.89186    235.90000    895.17773
PHI=  91.1 CROSS:     88.88574    235.90000    901.17615
PHI=  91.2 CROSS:     78.87963    235.90000    907.17456
PHI=  91.3 CROSS:     68.87351    235.90000    913.17298
PHI=  91.4 CROSS:     58.86739    235.90000    919.17139
PHI=  91.5 CROSS:     48.86128    235.90000    925.16981
Total points: 346
LOG: StartPhi of this vector= 91.6
LOG: Absolute length of the initial vector:    445.9 [um]
LOG: Absolute length of the NEW vector:              409.4 [um]
LOG: Absolute length of the final vector(from X-ray):    337.0 [um]
LOG: Number of irradiation points: 34
SCHEDULE_FILE: /tmp/tmp_012.sch
/bin/rm -f /tmp/tmp_012.sch
START SERIAL of this vector 946
END   SERIAL of this vector 979
PHI=  91.6 CROSS:    399.17609    225.90000    715.12545
PHI=  91.7 CROSS:    388.75928    225.90000    721.37684
PHI=  91.8 CROSS:    378.34247    225.90000    727.62824
PHI=  91.9 CROSS:    367.92566    225.90000    733.87963
PHI=  92.0 CROSS:    357.50885    225.90000    740.13102
PHI=  92.1 CROSS:    347.09204    225.90000    746.38241
PHI=  92.2 CROSS:    336.67523    225.90000    752.63380
PHI=  92.3 CROSS:    326.25842    225.90000    758.88519
PHI=  92.4 CROSS:    315.84161    225.90000    765.13658
PHI=  92.5 CROSS:    305.42480    225.90000    771.38797
PHI=  92.6 CROSS:    295.00799    225.90000    777.63937
PHI=  92.7 CROSS:    284.59118    225.90000    783.89076
PHI=  92.8 CROSS:    274.17437    225.90000    790.14215
PHI=  92.9 CROSS:    263.75756    225.90000    796.39354
PHI=  93.0 CROSS:    253.34075    225.90000    802.64493
PHI=  93.1 CROSS:    242.92394    225.90000    808.89632
PHI=  93.2 CROSS:    232.50713    225.90000    815.14771
PHI=  93.3 CROSS:    222.09032    225.90000    821.39910
PHI=  93.4 CROSS:    211.67351    225.90000    827.65050
PHI=  93.5 CROSS:    201.25670    225.90000    833.90189
PHI=  93.6 CROSS:    190.83989    225.90000    840.15328
PHI=  93.7 CROSS:    180.42308    225.90000    846.40467
PHI=  93.8 CROSS:    170.00627    225.90000    852.65606
PHI=  93.9 CROSS:    159.58946    225.90000    858.90745
PHI=  94.0 CROSS:    149.17265    225.90000    865.15884
PHI=  94.1 CROSS:    138.75584    225.90000    871.41023
PHI=  94.2 CROSS:    128.33903    225.90000    877.66163
PHI=  94.3 CROSS:    117.92222    225.90000    883.91302
PHI=  94.4 CROSS:    107.50541    225.90000    890.16441
PHI=  94.5 CROSS:     97.08860    225.90000    896.41580
PHI=  94.6 CROSS:     86.67179    225.90000    902.66719
PHI=  94.7 CROSS:     76.25498    225.90000    908.91858
PHI=  94.8 CROSS:     65.83817    225.90000    915.16997
PHI=  94.9 CROSS:     55.42136    225.90000    921.42137
Total points: 380
LOG: StartPhi of this vector= 95.0
LOG: Absolute length of the initial vector:    445.8 [um]
LOG: Absolute length of the NEW vector:              407.7 [um]
LOG: Absolute length of the final vector(from X-ray):    321.3 [um]
LOG: Number of irradiation points: 33
SCHEDULE_FILE: /tmp/tmp_013.sch
/bin/rm -f /tmp/tmp_013.sch
START SERIAL of this vector 980
END   SERIAL of this vector 1012
PHI=  95.0 CROSS:    399.20106    215.90000    715.07194
PHI=  95.1 CROSS:    388.32305    215.90000    721.60720
PHI=  95.2 CROSS:    377.44504    215.90000    728.14245
PHI=  95.3 CROSS:    366.56702    215.90000    734.67771
PHI=  95.4 CROSS:    355.68901    215.90000    741.21296
PHI=  95.5 CROSS:    344.81100    215.90000    747.74822
PHI=  95.6 CROSS:    333.93298    215.90000    754.28347
PHI=  95.7 CROSS:    323.05497    215.90000    760.81872
PHI=  95.8 CROSS:    312.17696    215.90000    767.35398
PHI=  95.9 CROSS:    301.29894    215.90000    773.88923
PHI=  96.0 CROSS:    290.42093    215.90000    780.42449
PHI=  96.1 CROSS:    279.54292    215.90000    786.95974
PHI=  96.2 CROSS:    268.66490    215.90000    793.49500
PHI=  96.3 CROSS:    257.78689    215.90000    800.03025
PHI=  96.4 CROSS:    246.90888    215.90000    806.56550
PHI=  96.5 CROSS:    236.03086    215.90000    813.10076
PHI=  96.6 CROSS:    225.15285    215.90000    819.63601
PHI=  96.7 CROSS:    214.27484    215.90000    826.17127
PHI=  96.8 CROSS:    203.39682    215.90000    832.70652
PHI=  96.9 CROSS:    192.51881    215.90000    839.24177
PHI=  97.0 CROSS:    181.64079    215.90000    845.77703
PHI=  97.1 CROSS:    170.76278    215.90000    852.31228
PHI=  97.2 CROSS:    159.88477    215.90000    858.84754
PHI=  97.3 CROSS:    149.00675    215.90000    865.38279
PHI=  97.4 CROSS:    138.12874    215.90000    871.91805
PHI=  97.5 CROSS:    127.25073    215.90000    878.45330
PHI=  97.6 CROSS:    116.37271    215.90000    884.98855
PHI=  97.7 CROSS:    105.49470    215.90000    891.52381
PHI=  97.8 CROSS:     94.61669    215.90000    898.05906
PHI=  97.9 CROSS:     83.73867    215.90000    904.59432
PHI=  98.0 CROSS:     72.86066    215.90000    911.12957
PHI=  98.1 CROSS:     61.98265    215.90000    917.66483
PHI=  98.2 CROSS:     51.10463    215.90000    924.20008
Total points: 413
LOG: StartPhi of this vector= 98.3
LOG: Absolute length of the initial vector:    445.7 [um]
LOG: Absolute length of the NEW vector:              405.8 [um]
LOG: Absolute length of the final vector(from X-ray):    304.8 [um]
LOG: Number of irradiation points: 31
SCHEDULE_FILE: /tmp/tmp_014.sch
/bin/rm -f /tmp/tmp_014.sch
START SERIAL of this vector 1013
END   SERIAL of this vector 1043
PHI=  98.3 CROSS:    399.12465    205.90000    715.08032
PHI=  98.4 CROSS:    387.71784    205.90000    721.94070
PHI=  98.5 CROSS:    376.31103    205.90000    728.80108
PHI=  98.6 CROSS:    364.90423    205.90000    735.66145
PHI=  98.7 CROSS:    353.49742    205.90000    742.52183
PHI=  98.8 CROSS:    342.09061    205.90000    749.38220
PHI=  98.9 CROSS:    330.68381    205.90000    756.24258
PHI=  99.0 CROSS:    319.27700    205.90000    763.10295
PHI=  99.1 CROSS:    307.87019    205.90000    769.96333
PHI=  99.2 CROSS:    296.46339    205.90000    776.82371
PHI=  99.3 CROSS:    285.05658    205.90000    783.68408
PHI=  99.4 CROSS:    273.64977    205.90000    790.54446
PHI=  99.5 CROSS:    262.24297    205.90000    797.40483
PHI=  99.6 CROSS:    250.83616    205.90000    804.26521
PHI=  99.7 CROSS:    239.42935    205.90000    811.12558
PHI=  99.8 CROSS:    228.02255    205.90000    817.98596
PHI=  99.9 CROSS:    216.61574    205.90000    824.84634
PHI= 100.0 CROSS:    205.20893    205.90000    831.70671
PHI= 100.1 CROSS:    193.80213    205.90000    838.56709
PHI= 100.2 CROSS:    182.39532    205.90000    845.42746
PHI= 100.3 CROSS:    170.98851    205.90000    852.28784
PHI= 100.4 CROSS:    159.58171    205.90000    859.14822
PHI= 100.5 CROSS:    148.17490    205.90000    866.00859
PHI= 100.6 CROSS:    136.76809    205.90000    872.86897
PHI= 100.7 CROSS:    125.36129    205.90000    879.72934
PHI= 100.8 CROSS:    113.95448    205.90000    886.58972
PHI= 100.9 CROSS:    102.54767    205.90000    893.45009
PHI= 101.0 CROSS:     91.14087    205.90000    900.31047
PHI= 101.1 CROSS:     79.73406    205.90000    907.17085
PHI= 101.2 CROSS:     68.32725    205.90000    914.03122
PHI= 101.3 CROSS:     56.92044    205.90000    920.89160
Total points: 444
LOG: StartPhi of this vector=101.4
LOG: Absolute length of the initial vector:    445.6 [um]
LOG: Absolute length of the NEW vector:              403.6 [um]
LOG: Absolute length of the final vector(from X-ray):    288.4 [um]
LOG: Number of irradiation points: 29
SCHEDULE_FILE: /tmp/tmp_015.sch
/bin/rm -f /tmp/tmp_015.sch
START SERIAL of this vector 1044
END   SERIAL of this vector 1072
PHI= 101.4 CROSS:    398.96553    195.90000    715.13955
PHI= 101.5 CROSS:    386.97479    195.90000    722.35894
PHI= 101.6 CROSS:    374.98405    195.90000    729.57833
PHI= 101.7 CROSS:    362.99331    195.90000    736.79772
PHI= 101.8 CROSS:    351.00257    195.90000    744.01711
PHI= 101.9 CROSS:    339.01183    195.90000    751.23651
PHI= 102.0 CROSS:    327.02110    195.90000    758.45590
PHI= 102.1 CROSS:    315.03036    195.90000    765.67529
PHI= 102.2 CROSS:    303.03962    195.90000    772.89468
PHI= 102.3 CROSS:    291.04888    195.90000    780.11408
PHI= 102.4 CROSS:    279.05814    195.90000    787.33347
PHI= 102.5 CROSS:    267.06740    195.90000    794.55286
PHI= 102.6 CROSS:    255.07666    195.90000    801.77225
PHI= 102.7 CROSS:    243.08593    195.90000    808.99164
PHI= 102.8 CROSS:    231.09519    195.90000    816.21104
PHI= 102.9 CROSS:    219.10445    195.90000    823.43043
PHI= 103.0 CROSS:    207.11371    195.90000    830.64982
PHI= 103.1 CROSS:    195.12297    195.90000    837.86921
PHI= 103.2 CROSS:    183.13223    195.90000    845.08860
PHI= 103.3 CROSS:    171.14149    195.90000    852.30800
PHI= 103.4 CROSS:    159.15076    195.90000    859.52739
PHI= 103.5 CROSS:    147.16002    195.90000    866.74678
PHI= 103.6 CROSS:    135.16928    195.90000    873.96617
PHI= 103.7 CROSS:    123.17854    195.90000    881.18557
PHI= 103.8 CROSS:    111.18780    195.90000    888.40496
PHI= 103.9 CROSS:     99.19706    195.90000    895.62435
PHI= 104.0 CROSS:     87.20632    195.90000    902.84374
PHI= 104.1 CROSS:     75.21559    195.90000    910.06313
PHI= 104.2 CROSS:     63.22485    195.90000    917.28253
Total points: 473
LOG: StartPhi of this vector=104.3
LOG: Absolute length of the initial vector:    445.5 [um]
LOG: Absolute length of the NEW vector:              401.3 [um]
LOG: Absolute length of the final vector(from X-ray):    272.1 [um]
LOG: Number of irradiation points: 28
SCHEDULE_FILE: /tmp/tmp_016.sch
/bin/rm -f /tmp/tmp_016.sch
START SERIAL of this vector 1073
END   SERIAL of this vector 1100
PHI= 104.3 CROSS:    398.72468    185.90000    715.24918
PHI= 104.4 CROSS:    386.09553    185.90000    722.86120
PHI= 104.5 CROSS:    373.46637    185.90000    730.47322
PHI= 104.6 CROSS:    360.83722    185.90000    738.08523
PHI= 104.7 CROSS:    348.20807    185.90000    745.69725
PHI= 104.8 CROSS:    335.57891    185.90000    753.30927
PHI= 104.9 CROSS:    322.94976    185.90000    760.92129
PHI= 105.0 CROSS:    310.32061    185.90000    768.53330
PHI= 105.1 CROSS:    297.69145    185.90000    776.14532
PHI= 105.2 CROSS:    285.06230    185.90000    783.75734
PHI= 105.3 CROSS:    272.43315    185.90000    791.36936
PHI= 105.4 CROSS:    259.80399    185.90000    798.98137
PHI= 105.5 CROSS:    247.17484    185.90000    806.59339
PHI= 105.6 CROSS:    234.54569    185.90000    814.20541
PHI= 105.7 CROSS:    221.91654    185.90000    821.81742
PHI= 105.8 CROSS:    209.28738    185.90000    829.42944
PHI= 105.9 CROSS:    196.65823    185.90000    837.04146
PHI= 106.0 CROSS:    184.02908    185.90000    844.65348
PHI= 106.1 CROSS:    171.39992    185.90000    852.26549
PHI= 106.2 CROSS:    158.77077    185.90000    859.87751
PHI= 106.3 CROSS:    146.14162    185.90000    867.48953
PHI= 106.4 CROSS:    133.51246    185.90000    875.10155
PHI= 106.5 CROSS:    120.88331    185.90000    882.71356
PHI= 106.6 CROSS:    108.25416    185.90000    890.32558
PHI= 106.7 CROSS:     95.62500    185.90000    897.93760
PHI= 106.8 CROSS:     82.99585    185.90000    905.54962
PHI= 106.9 CROSS:     70.36670    185.90000    913.16163
PHI= 107.0 CROSS:     57.73754    185.90000    920.77365
Total points: 501
LOG: StartPhi of this vector=107.1
LOG: Absolute length of the initial vector:    445.4 [um]
LOG: Absolute length of the NEW vector:              398.6 [um]
LOG: Absolute length of the final vector(from X-ray):    255.7 [um]
LOG: Number of irradiation points: 26
SCHEDULE_FILE: /tmp/tmp_017.sch
/bin/rm -f /tmp/tmp_017.sch
START SERIAL of this vector 1101
END   SERIAL of this vector 1126
PHI= 107.1 CROSS:    398.36310    175.90000    715.43293
PHI= 107.2 CROSS:    385.01504    175.90000    723.48698
PHI= 107.3 CROSS:    371.66698    175.90000    731.54103
PHI= 107.4 CROSS:    358.31893    175.90000    739.59508
PHI= 107.5 CROSS:    344.97087    175.90000    747.64914
PHI= 107.6 CROSS:    331.62281    175.90000    755.70319
PHI= 107.7 CROSS:    318.27475    175.90000    763.75724
PHI= 107.8 CROSS:    304.92670    175.90000    771.81129
PHI= 107.9 CROSS:    291.57864    175.90000    779.86534
PHI= 108.0 CROSS:    278.23058    175.90000    787.91940
PHI= 108.1 CROSS:    264.88252    175.90000    795.97345
PHI= 108.2 CROSS:    251.53447    175.90000    804.02750
PHI= 108.3 CROSS:    238.18641    175.90000    812.08155
PHI= 108.4 CROSS:    224.83835    175.90000    820.13560
PHI= 108.5 CROSS:    211.49029    175.90000    828.18965
PHI= 108.6 CROSS:    198.14224    175.90000    836.24371
PHI= 108.7 CROSS:    184.79418    175.90000    844.29776
PHI= 108.8 CROSS:    171.44612    175.90000    852.35181
PHI= 108.9 CROSS:    158.09806    175.90000    860.40586
PHI= 109.0 CROSS:    144.75001    175.90000    868.45991
PHI= 109.1 CROSS:    131.40195    175.90000    876.51396
PHI= 109.2 CROSS:    118.05389    175.90000    884.56802
PHI= 109.3 CROSS:    104.70583    175.90000    892.62207
PHI= 109.4 CROSS:     91.35778    175.90000    900.67612
PHI= 109.5 CROSS:     78.00972    175.90000    908.73017
PHI= 109.6 CROSS:     64.66166    175.90000    916.78422
Total points: 527
LOG: StartPhi of this vector=109.7
LOG: Absolute length of the initial vector:    445.3 [um]
LOG: Absolute length of the NEW vector:              395.8 [um]
LOG: Absolute length of the final vector(from X-ray):    239.9 [um]
LOG: Number of irradiation points: 24
SCHEDULE_FILE: /tmp/tmp_018.sch
/bin/rm -f /tmp/tmp_018.sch
START SERIAL of this vector 1127
END   SERIAL of this vector 1150
PHI= 109.7 CROSS:    397.91436    165.90000    715.67075
PHI= 109.8 CROSS:    383.78929    165.90000    724.20288
PHI= 109.9 CROSS:    369.66422    165.90000    732.73502
PHI= 110.0 CROSS:    355.53915    165.90000    741.26715
PHI= 110.1 CROSS:    341.41408    165.90000    749.79929
PHI= 110.2 CROSS:    327.28901    165.90000    758.33142
PHI= 110.3 CROSS:    313.16394    165.90000    766.86356
PHI= 110.4 CROSS:    299.03888    165.90000    775.39569
PHI= 110.5 CROSS:    284.91381    165.90000    783.92782
PHI= 110.6 CROSS:    270.78874    165.90000    792.45996
PHI= 110.7 CROSS:    256.66367    165.90000    800.99209
PHI= 110.8 CROSS:    242.53860    165.90000    809.52423
PHI= 110.9 CROSS:    228.41353    165.90000    818.05636
PHI= 111.0 CROSS:    214.28846    165.90000    826.58850
PHI= 111.1 CROSS:    200.16339    165.90000    835.12063
PHI= 111.2 CROSS:    186.03833    165.90000    843.65276
PHI= 111.3 CROSS:    171.91326    165.90000    852.18490
PHI= 111.4 CROSS:    157.78819    165.90000    860.71703
PHI= 111.5 CROSS:    143.66312    165.90000    869.24917
PHI= 111.6 CROSS:    129.53805    165.90000    877.78130
PHI= 111.7 CROSS:    115.41298    165.90000    886.31344
PHI= 111.8 CROSS:    101.28791    165.90000    894.84557
PHI= 111.9 CROSS:     87.16284    165.90000    903.37770
PHI= 112.0 CROSS:     73.03778    165.90000    911.90984
Total points: 551
LOG: StartPhi of this vector=112.1
LOG: Absolute length of the initial vector:    445.2 [um]
LOG: Absolute length of the NEW vector:              392.8 [um]
LOG: Absolute length of the final vector(from X-ray):    224.7 [um]
LOG: Number of irradiation points: 23
SCHEDULE_FILE: /tmp/tmp_019.sch
/bin/rm -f /tmp/tmp_019.sch
START SERIAL of this vector 1151
END   SERIAL of this vector 1173
PHI= 112.1 CROSS:    397.38439    155.90000    715.95923
PHI= 112.2 CROSS:    382.42816    155.90000    725.00322
PHI= 112.3 CROSS:    367.47193    155.90000    734.04721
PHI= 112.4 CROSS:    352.51570    155.90000    743.09120
PHI= 112.5 CROSS:    337.55946    155.90000    752.13518
PHI= 112.6 CROSS:    322.60323    155.90000    761.17917
PHI= 112.7 CROSS:    307.64700    155.90000    770.22316
PHI= 112.8 CROSS:    292.69077    155.90000    779.26715
PHI= 112.9 CROSS:    277.73454    155.90000    788.31114
PHI= 113.0 CROSS:    262.77831    155.90000    797.35513
PHI= 113.1 CROSS:    247.82208    155.90000    806.39912
PHI= 113.2 CROSS:    232.86584    155.90000    815.44310
PHI= 113.3 CROSS:    217.90961    155.90000    824.48709
PHI= 113.4 CROSS:    202.95338    155.90000    833.53108
PHI= 113.5 CROSS:    187.99715    155.90000    842.57507
PHI= 113.6 CROSS:    173.04092    155.90000    851.61906
PHI= 113.7 CROSS:    158.08469    155.90000    860.66305
PHI= 113.8 CROSS:    143.12846    155.90000    869.70704
PHI= 113.9 CROSS:    128.17223    155.90000    878.75103
PHI= 114.0 CROSS:    113.21599    155.90000    887.79501
PHI= 114.1 CROSS:     98.25976    155.90000    896.83900
PHI= 114.2 CROSS:     83.30353    155.90000    905.88299
PHI= 114.3 CROSS:     68.34730    155.90000    914.92698
Total points: 574
LOG: StartPhi of this vector=114.4
LOG: Absolute length of the initial vector:    445.1 [um]
LOG: Absolute length of the NEW vector:              389.4 [um]
LOG: Absolute length of the final vector(from X-ray):    209.8 [um]
LOG: Number of irradiation points: 21
SCHEDULE_FILE: /tmp/tmp_020.sch
/bin/rm -f /tmp/tmp_020.sch
START SERIAL of this vector 1174
END   SERIAL of this vector 1194
PHI= 114.4 CROSS:    396.71835    145.90000    716.33173
PHI= 114.5 CROSS:    380.84024    145.90000    725.94359
PHI= 114.6 CROSS:    364.96213    145.90000    735.55544
PHI= 114.7 CROSS:    349.08402    145.90000    745.16730
PHI= 114.8 CROSS:    333.20591    145.90000    754.77916
PHI= 114.9 CROSS:    317.32780    145.90000    764.39101
PHI= 115.0 CROSS:    301.44969    145.90000    774.00287
PHI= 115.1 CROSS:    285.57159    145.90000    783.61473
PHI= 115.2 CROSS:    269.69348    145.90000    793.22658
PHI= 115.3 CROSS:    253.81537    145.90000    802.83844
PHI= 115.4 CROSS:    237.93726    145.90000    812.45030
PHI= 115.5 CROSS:    222.05915    145.90000    822.06216
PHI= 115.6 CROSS:    206.18104    145.90000    831.67401
PHI= 115.7 CROSS:    190.30293    145.90000    841.28587
PHI= 115.8 CROSS:    174.42482    145.90000    850.89773
PHI= 115.9 CROSS:    158.54671    145.90000    860.50958
PHI= 116.0 CROSS:    142.66860    145.90000    870.12144
PHI= 116.1 CROSS:    126.79050    145.90000    879.73330
PHI= 116.2 CROSS:    110.91239    145.90000    889.34515
PHI= 116.3 CROSS:     95.03428    145.90000    898.95701
PHI= 116.4 CROSS:     79.15617    145.90000    908.56887
Total points: 595
LOG: StartPhi of this vector=116.5
LOG: Absolute length of the initial vector:    445.0 [um]
LOG: Absolute length of the NEW vector:              385.9 [um]
LOG: Absolute length of the final vector(from X-ray):    195.9 [um]
LOG: Number of irradiation points: 20
SCHEDULE_FILE: /tmp/tmp_021.sch
/bin/rm -f /tmp/tmp_021.sch
START SERIAL of this vector 1195
END   SERIAL of this vector 1214
PHI= 116.5 CROSS:    395.97684    135.90000    716.75179
PHI= 116.6 CROSS:    379.12654    135.90000    726.96323
PHI= 116.7 CROSS:    362.27624    135.90000    737.17466
PHI= 116.8 CROSS:    345.42594    135.90000    747.38610
PHI= 116.9 CROSS:    328.57564    135.90000    757.59754
PHI= 117.0 CROSS:    311.72534    135.90000    767.80897
PHI= 117.1 CROSS:    294.87504    135.90000    778.02041
PHI= 117.2 CROSS:    278.02474    135.90000    788.23184
PHI= 117.3 CROSS:    261.17444    135.90000    798.44328
PHI= 117.4 CROSS:    244.32414    135.90000    808.65471
PHI= 117.5 CROSS:    227.47384    135.90000    818.86615
PHI= 117.6 CROSS:    210.62354    135.90000    829.07758
PHI= 117.7 CROSS:    193.77324    135.90000    839.28902
PHI= 117.8 CROSS:    176.92294    135.90000    849.50045
PHI= 117.9 CROSS:    160.07265    135.90000    859.71189
PHI= 118.0 CROSS:    143.22235    135.90000    869.92332
PHI= 118.1 CROSS:    126.37205    135.90000    880.13476
PHI= 118.2 CROSS:    109.52175    135.90000    890.34620
PHI= 118.3 CROSS:     92.67145    135.90000    900.55763
PHI= 118.4 CROSS:     75.82115    135.90000    910.76907
Total points: 615
LOG: StartPhi of this vector=118.5
LOG: Absolute length of the initial vector:    444.9 [um]
LOG: Absolute length of the NEW vector:              382.1 [um]
LOG: Absolute length of the final vector(from X-ray):    182.3 [um]
LOG: Number of irradiation points: 19
SCHEDULE_FILE: /tmp/tmp_022.sch
/bin/rm -f /tmp/tmp_022.sch
START SERIAL of this vector 1215
END   SERIAL of this vector 1233
PHI= 118.5 CROSS:    395.09221    125.90000    717.26061
PHI= 118.6 CROSS:    377.17432    125.90000    728.13080
PHI= 118.7 CROSS:    359.25642    125.90000    739.00098
PHI= 118.8 CROSS:    341.33852    125.90000    749.87116
PHI= 118.9 CROSS:    323.42062    125.90000    760.74135
PHI= 119.0 CROSS:    305.50272    125.90000    771.61153
PHI= 119.1 CROSS:    287.58482    125.90000    782.48171
PHI= 119.2 CROSS:    269.66692    125.90000    793.35190
PHI= 119.3 CROSS:    251.74902    125.90000    804.22208
PHI= 119.4 CROSS:    233.83112    125.90000    815.09226
PHI= 119.5 CROSS:    215.91322    125.90000    825.96245
PHI= 119.6 CROSS:    197.99532    125.90000    836.83263
PHI= 119.7 CROSS:    180.07742    125.90000    847.70281
PHI= 119.8 CROSS:    162.15952    125.90000    858.57300
PHI= 119.9 CROSS:    144.24163    125.90000    869.44318
PHI= 120.0 CROSS:    126.32373    125.90000    880.31336
PHI= 120.1 CROSS:    108.40583    125.90000    891.18355
PHI= 120.2 CROSS:     90.48793    125.90000    902.05373
PHI= 120.3 CROSS:     72.57003    125.90000    912.92391
Total points: 634
LOG: StartPhi of this vector=120.4
LOG: Absolute length of the initial vector:    444.8 [um]
LOG: Absolute length of the NEW vector:              377.8 [um]
LOG: Absolute length of the final vector(from X-ray):    169.2 [um]
LOG: Number of irradiation points: 17
SCHEDULE_FILE: /tmp/tmp_023.sch
/bin/rm -f /tmp/tmp_023.sch
START SERIAL of this vector 1234
END   SERIAL of this vector 1250
PHI= 120.4 CROSS:    394.05262    115.90000    717.86567
PHI= 120.5 CROSS:    374.96381    115.90000    729.45876
PHI= 120.6 CROSS:    355.87500    115.90000    741.05185
PHI= 120.7 CROSS:    336.78619    115.90000    752.64494
PHI= 120.8 CROSS:    317.69738    115.90000    764.23803
PHI= 120.9 CROSS:    298.60857    115.90000    775.83113
PHI= 121.0 CROSS:    279.51975    115.90000    787.42422
PHI= 121.1 CROSS:    260.43094    115.90000    799.01731
PHI= 121.2 CROSS:    241.34213    115.90000    810.61040
PHI= 121.3 CROSS:    222.25332    115.90000    822.20349
PHI= 121.4 CROSS:    203.16451    115.90000    833.79658
PHI= 121.5 CROSS:    184.07570    115.90000    845.38967
PHI= 121.6 CROSS:    164.98689    115.90000    856.98276
PHI= 121.7 CROSS:    145.89808    115.90000    868.57585
PHI= 121.8 CROSS:    126.80926    115.90000    880.16894
PHI= 121.9 CROSS:    107.72045    115.90000    891.76203
PHI= 122.0 CROSS:     88.63164    115.90000    903.35512
Total points: 651
LOG: StartPhi of this vector=122.1
LOG: Absolute length of the initial vector:    444.8 [um]
LOG: Absolute length of the NEW vector:              373.5 [um]
LOG: Absolute length of the final vector(from X-ray):    157.3 [um]
LOG: Number of irradiation points: 16
SCHEDULE_FILE: /tmp/tmp_024.sch
/bin/rm -f /tmp/tmp_024.sch
START SERIAL of this vector 1251
END   SERIAL of this vector 1266
PHI= 122.1 CROSS:    392.96093    105.90000    718.50473
PHI= 122.2 CROSS:    372.66648    105.90000    730.84340
PHI= 122.3 CROSS:    352.37203    105.90000    743.18207
PHI= 122.4 CROSS:    332.07757    105.90000    755.52074
PHI= 122.5 CROSS:    311.78312    105.90000    767.85940
PHI= 122.6 CROSS:    291.48867    105.90000    780.19807
PHI= 122.7 CROSS:    271.19421    105.90000    792.53674
PHI= 122.8 CROSS:    250.89976    105.90000    804.87540
PHI= 122.9 CROSS:    230.60530    105.90000    817.21407
PHI= 123.0 CROSS:    210.31085    105.90000    829.55274
PHI= 123.1 CROSS:    190.01640    105.90000    841.89141
PHI= 123.2 CROSS:    169.72194    105.90000    854.23007
PHI= 123.3 CROSS:    149.42749    105.90000    866.56874
PHI= 123.4 CROSS:    129.13304    105.90000    878.90741
PHI= 123.5 CROSS:    108.83858    105.90000    891.24608
PHI= 123.6 CROSS:     88.54413    105.90000    903.58474
Total points: 667
LOG: StartPhi of this vector=123.7
LOG: Absolute length of the initial vector:    444.7 [um]
LOG: Absolute length of the NEW vector:              368.8 [um]
LOG: Absolute length of the final vector(from X-ray):    145.9 [um]
LOG: Number of irradiation points: 15
SCHEDULE_FILE: /tmp/tmp_025.sch
/bin/rm -f /tmp/tmp_025.sch
START SERIAL of this vector 1267
END   SERIAL of this vector 1281
PHI= 123.7 CROSS:    391.72542     95.90000    719.23373
PHI= 123.8 CROSS:    370.12945     95.90000    732.37794
PHI= 123.9 CROSS:    348.53347     95.90000    745.52214
PHI= 124.0 CROSS:    326.93749     95.90000    758.66634
PHI= 124.1 CROSS:    305.34151     95.90000    771.81055
PHI= 124.2 CROSS:    283.74553     95.90000    784.95475
PHI= 124.3 CROSS:    262.14956     95.90000    798.09895
PHI= 124.4 CROSS:    240.55358     95.90000    811.24316
PHI= 124.5 CROSS:    218.95760     95.90000    824.38736
PHI= 124.6 CROSS:    197.36162     95.90000    837.53156
PHI= 124.7 CROSS:    175.76564     95.90000    850.67577
PHI= 124.8 CROSS:    154.16967     95.90000    863.81997
PHI= 124.9 CROSS:    132.57369     95.90000    876.96417
PHI= 125.0 CROSS:    110.97771     95.90000    890.10837
PHI= 125.1 CROSS:     89.38173     95.90000    903.25258
Total points: 682
LOG: StartPhi of this vector=125.2
LOG: Absolute length of the initial vector:    444.6 [um]
LOG: Absolute length of the NEW vector:              363.8 [um]
LOG: Absolute length of the final vector(from X-ray):    135.1 [um]
LOG: Number of irradiation points: 14
SCHEDULE_FILE: /tmp/tmp_026.sch
/bin/rm -f /tmp/tmp_026.sch
START SERIAL of this vector 1282
END   SERIAL of this vector 1295
PHI= 125.2 CROSS:    390.34332     85.90000    720.05465
PHI= 125.3 CROSS:    367.34809     85.90000    734.06567
PHI= 125.4 CROSS:    344.35286     85.90000    748.07668
PHI= 125.5 CROSS:    321.35763     85.90000    762.08770
PHI= 125.6 CROSS:    298.36240     85.90000    776.09871
PHI= 125.7 CROSS:    275.36717     85.90000    790.10973
PHI= 125.8 CROSS:    252.37194     85.90000    804.12074
PHI= 125.9 CROSS:    229.37671     85.90000    818.13176
PHI= 126.0 CROSS:    206.38148     85.90000    832.14278
PHI= 126.1 CROSS:    183.38625     85.90000    846.15379
PHI= 126.2 CROSS:    160.39102     85.90000    860.16481
PHI= 126.3 CROSS:    137.39578     85.90000    874.17582
PHI= 126.4 CROSS:    114.40055     85.90000    888.18684
PHI= 126.5 CROSS:     91.40532     85.90000    902.19785
Total points: 696
LOG: StartPhi of this vector=126.6
LOG: Absolute length of the initial vector:    444.5 [um]
LOG: Absolute length of the NEW vector:              358.4 [um]
LOG: Absolute length of the final vector(from X-ray):    124.9 [um]
LOG: Number of irradiation points: 13
SCHEDULE_FILE: /tmp/tmp_027.sch
/bin/rm -f /tmp/tmp_027.sch
START SERIAL of this vector 1296
END   SERIAL of this vector 1308
PHI= 126.6 CROSS:    388.81513     75.90000    720.96747
PHI= 126.7 CROSS:    364.32325     75.90000    735.90656
PHI= 126.8 CROSS:    339.83138     75.90000    750.84566
PHI= 126.9 CROSS:    315.33950     75.90000    765.78475
PHI= 127.0 CROSS:    290.84763     75.90000    780.72385
PHI= 127.1 CROSS:    266.35575     75.90000    795.66295
PHI= 127.2 CROSS:    241.86388     75.90000    810.60204
PHI= 127.3 CROSS:    217.37200     75.90000    825.54114
PHI= 127.4 CROSS:    192.88013     75.90000    840.48023
PHI= 127.5 CROSS:    168.38825     75.90000    855.41933
PHI= 127.6 CROSS:    143.89638     75.90000    870.35842
PHI= 127.7 CROSS:    119.40450     75.90000    885.29752
PHI= 127.8 CROSS:     94.91263     75.90000    900.23662
Total points: 709
LOG: StartPhi of this vector=127.9
LOG: Absolute length of the initial vector:    444.4 [um]
LOG: Absolute length of the NEW vector:              352.7 [um]
LOG: Absolute length of the final vector(from X-ray):    115.4 [um]
LOG: Number of irradiation points: 12
SCHEDULE_FILE: /tmp/tmp_028.sch
/bin/rm -f /tmp/tmp_028.sch
START SERIAL of this vector 1309
END   SERIAL of this vector 1320
PHI= 127.9 CROSS:    387.14591     65.90000    721.96939
PHI= 128.0 CROSS:    361.06337     65.90000    737.89597
PHI= 128.1 CROSS:    334.98083     65.90000    753.82255
PHI= 128.2 CROSS:    308.89829     65.90000    769.74913
PHI= 128.3 CROSS:    282.81575     65.90000    785.67572
PHI= 128.4 CROSS:    256.73321     65.90000    801.60230
PHI= 128.5 CROSS:    230.65067     65.90000    817.52888
PHI= 128.6 CROSS:    204.56813     65.90000    833.45546
PHI= 128.7 CROSS:    178.48559     65.90000    849.38204
PHI= 128.8 CROSS:    152.40304     65.90000    865.30862
PHI= 128.9 CROSS:    126.32050     65.90000    881.23520
PHI= 129.0 CROSS:    100.23796     65.90000    897.16178
Total points: 721
LOG: StartPhi of this vector=129.1
LOG: Absolute length of the initial vector:    444.3 [um]
LOG: Absolute length of the NEW vector:              346.7 [um]
LOG: Absolute length of the final vector(from X-ray):    106.6 [um]
LOG: Number of irradiation points: 11
SCHEDULE_FILE: /tmp/tmp_029.sch
/bin/rm -f /tmp/tmp_029.sch
START SERIAL of this vector 1321
END   SERIAL of this vector 1331
PHI= 129.1 CROSS:    385.34677     55.90000    723.05391
PHI= 129.2 CROSS:    357.58696     55.90000    740.02304
PHI= 129.3 CROSS:    329.82715     55.90000    756.99217
PHI= 129.4 CROSS:    302.06734     55.90000    773.96130
PHI= 129.5 CROSS:    274.30753     55.90000    790.93043
PHI= 129.6 CROSS:    246.54771     55.90000    807.89955
PHI= 129.7 CROSS:    218.78790     55.90000    824.86868
PHI= 129.8 CROSS:    191.02809     55.90000    841.83781
PHI= 129.9 CROSS:    163.26828     55.90000    858.80694
PHI= 130.0 CROSS:    135.50847     55.90000    875.77607
PHI= 130.1 CROSS:    107.74865     55.90000    892.74520
Total points: 732
LOG: StartPhi of this vector=130.2
LOG: Absolute length of the initial vector:    444.2 [um]
LOG: Absolute length of the NEW vector:              340.4 [um]
LOG: Absolute length of the final vector(from X-ray):     98.4 [um]
LOG: Number of irradiation points: 10
SCHEDULE_FILE: /tmp/tmp_030.sch
/bin/rm -f /tmp/tmp_030.sch
START SERIAL of this vector 1332
END   SERIAL of this vector 1341
PHI= 130.2 CROSS:    383.43661     45.90000    724.20973
PHI= 130.3 CROSS:    353.92551     45.90000    742.26894
PHI= 130.4 CROSS:    324.41441     45.90000    760.32815
PHI= 130.5 CROSS:    294.90331     45.90000    778.38736
PHI= 130.6 CROSS:    265.39221     45.90000    796.44657
PHI= 130.7 CROSS:    235.88110     45.90000    814.50579
PHI= 130.8 CROSS:    206.37000     45.90000    832.56500
PHI= 130.9 CROSS:    176.85890     45.90000    850.62421
PHI= 131.0 CROSS:    147.34780     45.90000    868.68342
PHI= 131.1 CROSS:    117.83669     45.90000    886.74263
Total points: 742
LOG: StartPhi of this vector=131.2
LOG: Absolute length of the initial vector:    444.1 [um]
LOG: Absolute length of the NEW vector:              333.9 [um]
LOG: Absolute length of the final vector(from X-ray):     90.9 [um]
LOG: Number of irradiation points: 10
SCHEDULE_FILE: /tmp/tmp_031.sch
/bin/rm -f /tmp/tmp_031.sch
START SERIAL of this vector 1342
END   SERIAL of this vector 1351
PHI= 131.2 CROSS:    381.44384     35.90000    725.41968
PHI= 131.3 CROSS:    350.12637     35.90000    744.60505
PHI= 131.4 CROSS:    318.80889     35.90000    763.79043
PHI= 131.5 CROSS:    287.49142     35.90000    782.97580
PHI= 131.6 CROSS:    256.17395     35.90000    802.16118
PHI= 131.7 CROSS:    224.85648     35.90000    821.34655
PHI= 131.8 CROSS:    193.53901     35.90000    840.53193
PHI= 131.9 CROSS:    162.22154     35.90000    859.71731
PHI= 132.0 CROSS:    130.90407     35.90000    878.90268
PHI= 132.1 CROSS:     99.58660     35.90000    898.08806
Total points: 752
LOG: StartPhi of this vector=132.2
LOG: Absolute length of the initial vector:    444.0 [um]
LOG: Absolute length of the NEW vector:              326.6 [um]
LOG: Absolute length of the final vector(from X-ray):     83.4 [um]
LOG: Number of irradiation points: 9
SCHEDULE_FILE: /tmp/tmp_032.sch
/bin/rm -f /tmp/tmp_032.sch
START SERIAL of this vector 1352
END   SERIAL of this vector 1360
PHI= 132.2 CROSS:    379.07957     25.90000    726.86107
PHI= 132.3 CROSS:    345.70807     25.90000    747.32691
PHI= 132.4 CROSS:    312.33658     25.90000    767.79275
PHI= 132.5 CROSS:    278.96508     25.90000    788.25859
PHI= 132.6 CROSS:    245.59358     25.90000    808.72443
PHI= 132.7 CROSS:    212.22208     25.90000    829.19027
PHI= 132.8 CROSS:    178.85058     25.90000    849.65611
PHI= 132.9 CROSS:    145.47908     25.90000    870.12195
PHI= 133.0 CROSS:    112.10759     25.90000    890.58779
Total points: 761
LOG: StartPhi of this vector=133.1
LOG: Absolute length of the initial vector:    443.9 [um]
LOG: Absolute length of the NEW vector:              319.0 [um]
LOG: Absolute length of the final vector(from X-ray):     76.6 [um]
LOG: Number of irradiation points: 8
SCHEDULE_FILE: /tmp/tmp_033.sch
/bin/rm -f /tmp/tmp_033.sch
START SERIAL of this vector 1361
END   SERIAL of this vector 1368
PHI= 133.1 CROSS:    376.64113     15.90000    728.35213
PHI= 133.2 CROSS:    341.16616     15.90000    750.13154
PHI= 133.3 CROSS:    305.69119     15.90000    771.91095
PHI= 133.4 CROSS:    270.21621     15.90000    793.69036
PHI= 133.5 CROSS:    234.74124     15.90000    815.46978
PHI= 133.6 CROSS:    199.26627     15.90000    837.24919
PHI= 133.7 CROSS:    163.79129     15.90000    859.02860
PHI= 133.8 CROSS:    128.31632     15.90000    880.80801
Total points: 769
LOG: StartPhi of this vector=133.9
LOG: Absolute length of the initial vector:    443.8 [um]
LOG: Absolute length of the NEW vector:              311.5 [um]
LOG: Absolute length of the final vector(from X-ray):     70.6 [um]
LOG: Number of irradiation points: 8
SCHEDULE_FILE: /tmp/tmp_034.sch
/bin/rm -f /tmp/tmp_034.sch
START SERIAL of this vector 1369
END   SERIAL of this vector 1376
PHI= 133.9 CROSS:    374.18713      5.90000    729.85698
PHI= 134.0 CROSS:    336.59831      5.90000    752.95916
PHI= 134.1 CROSS:    299.00948      5.90000    776.06134
PHI= 134.2 CROSS:    261.42066      5.90000    799.16352
PHI= 134.3 CROSS:    223.83183      5.90000    822.26571
PHI= 134.4 CROSS:    186.24301      5.90000    845.36789
PHI= 134.5 CROSS:    148.65418      5.90000    868.47007
PHI= 134.6 CROSS:    111.06536      5.90000    891.57225
Total points: 777
LOG: StartPhi of this vector=134.7
LOG: Absolute length of the initial vector:    443.7 [um]
LOG: Absolute length of the NEW vector:              302.9 [um]
LOG: Absolute length of the final vector(from X-ray):     64.5 [um]
LOG: Number of irradiation points: 7
SCHEDULE_FILE: /tmp/tmp_035.sch
/bin/rm -f /tmp/tmp_035.sch
START SERIAL of this vector 1377
END   SERIAL of this vector 1383
PHI= 134.7 CROSS:    371.31664     -4.10000    731.62234
PHI= 134.8 CROSS:    331.33631     -4.10000    756.22096
PHI= 134.9 CROSS:    291.35598     -4.10000    780.81959
PHI= 135.0 CROSS:    251.37564     -4.10000    805.41821
PHI= 135.1 CROSS:    211.39531     -4.10000    830.01684
PHI= 135.2 CROSS:    171.41497     -4.10000    854.61546
PHI= 135.3 CROSS:    131.43464     -4.10000    879.21409
Total points: 784
LOG: StartPhi of this vector=135.4
LOG: Absolute length of the initial vector:    443.6 [um]
LOG: Absolute length of the NEW vector:              294.4 [um]
LOG: Absolute length of the final vector(from X-ray):     59.2 [um]
LOG: Number of irradiation points: 6
SCHEDULE_FILE: /tmp/tmp_036.sch
/bin/rm -f /tmp/tmp_036.sch
START SERIAL of this vector 1384
END   SERIAL of this vector 1389
PHI= 135.4 CROSS:    368.48755    -14.10000    733.36702
PHI= 135.5 CROSS:    326.14331    -14.10000    759.44830
PHI= 135.6 CROSS:    283.79906    -14.10000    785.52958
PHI= 135.7 CROSS:    241.45482    -14.10000    811.61086
PHI= 135.8 CROSS:    199.11057    -14.10000    837.69214
PHI= 135.9 CROSS:    156.76633    -14.10000    863.77342
Total points: 790
LOG: StartPhi of this vector=136.0
LOG: Absolute length of the initial vector:    443.5 [um]
LOG: Absolute length of the NEW vector:              286.3 [um]
LOG: Absolute length of the final vector(from X-ray):     54.6 [um]
LOG: Number of irradiation points: 6
SCHEDULE_FILE: /tmp/tmp_037.sch
/bin/rm -f /tmp/tmp_037.sch
START SERIAL of this vector 1390
END   SERIAL of this vector 1395
PHI= 136.0 CROSS:    365.80596    -24.10000    735.02553
PHI= 136.1 CROSS:    321.19613    -24.10000    762.53201
PHI= 136.2 CROSS:    276.58630    -24.10000    790.03850
PHI= 136.3 CROSS:    231.97647    -24.10000    817.54499
PHI= 136.4 CROSS:    187.36664    -24.10000    845.05148
PHI= 136.5 CROSS:    142.75682    -24.10000    872.55797
Total points: 796
LOG: StartPhi of this vector=136.6
LOG: Absolute length of the initial vector:    443.5 [um]
LOG: Absolute length of the NEW vector:              277.3 [um]
LOG: Absolute length of the final vector(from X-ray):     50.1 [um]
LOG: Number of irradiation points: 6
SCHEDULE_FILE: /tmp/tmp_038.sch
/bin/rm -f /tmp/tmp_038.sch
START SERIAL of this vector 1396
END   SERIAL of this vector 1401
PHI= 136.6 CROSS:    362.72960    -34.10000    736.93229
PHI= 136.7 CROSS:    315.59101    -34.10000    766.02949
PHI= 136.8 CROSS:    268.45243    -34.10000    795.12669
PHI= 136.9 CROSS:    221.31384    -34.10000    824.22389
PHI= 137.0 CROSS:    174.17526    -34.10000    853.32108
PHI= 137.1 CROSS:    127.03667    -34.10000    882.41828
Total points: 802
LOG: StartPhi of this vector=137.2
LOG: Absolute length of the initial vector:    443.4 [um]
LOG: Absolute length of the NEW vector:              267.1 [um]
LOG: Absolute length of the final vector(from X-ray):     45.5 [um]
LOG: Number of irradiation points: 5
SCHEDULE_FILE: /tmp/tmp_039.sch
/bin/rm -f /tmp/tmp_039.sch
START SERIAL of this vector 1402
END   SERIAL of this vector 1406
PHI= 137.2 CROSS:    359.18598    -44.10000    739.13291
PHI= 137.3 CROSS:    309.20713    -44.10000    770.01672
PHI= 137.4 CROSS:    259.22828    -44.10000    800.90053
PHI= 137.5 CROSS:    209.24943    -44.10000    831.78434
PHI= 137.6 CROSS:    159.27059    -44.10000    862.66815
Total points: 807
LOG: StartPhi of this vector=137.7
LOG: Absolute length of the initial vector:    443.3 [um]
LOG: Absolute length of the NEW vector:              257.6 [um]
LOG: Absolute length of the final vector(from X-ray):     41.6 [um]
LOG: Number of irradiation points: 5
SCHEDULE_FILE: /tmp/tmp_040.sch
/bin/rm -f /tmp/tmp_040.sch
START SERIAL of this vector 1407
END   SERIAL of this vector 1411
PHI= 137.7 CROSS:    355.93419    -54.10000    741.15874
PHI= 137.8 CROSS:    303.30964    -54.10000    773.71264
PHI= 137.9 CROSS:    250.68508    -54.10000    806.26655
PHI= 138.0 CROSS:    198.06053    -54.10000    838.82045
PHI= 138.1 CROSS:    145.43597    -54.10000    871.37435
Total points: 812
LOG: StartPhi of this vector=138.2
LOG: Absolute length of the initial vector:    443.2 [um]
LOG: Absolute length of the NEW vector:              247.1 [um]
LOG: Absolute length of the final vector(from X-ray):     37.8 [um]
LOG: Number of irradiation points: 4
SCHEDULE_FILE: /tmp/tmp_041.sch
/bin/rm -f /tmp/tmp_041.sch
START SERIAL of this vector 1412
END   SERIAL of this vector 1415
PHI= 138.2 CROSS:    352.22929    -64.10000    743.47054
PHI= 138.3 CROSS:    296.65695    -64.10000    777.88519
PHI= 138.4 CROSS:    241.08462    -64.10000    812.29983
PHI= 138.5 CROSS:    185.51228    -64.10000    846.71447
Total points: 816
LOG: StartPhi of this vector=138.6
LOG: Absolute length of the initial vector:    443.1 [um]
LOG: Absolute length of the NEW vector:              237.7 [um]
LOG: Absolute length of the final vector(from X-ray):     34.7 [um]
LOG: Number of irradiation points: 4
SCHEDULE_FILE: /tmp/tmp_042.sch
/bin/rm -f /tmp/tmp_042.sch
START SERIAL of this vector 1416
END   SERIAL of this vector 1419
PHI= 138.6 CROSS:    349.03336    -74.10000    745.47280
PHI= 138.7 CROSS:    290.85255    -74.10000    781.54181
PHI= 138.8 CROSS:    232.67174    -74.10000    817.61082
PHI= 138.9 CROSS:    174.49093    -74.10000    853.67984
Total points: 820
LOG: StartPhi of this vector=139.0
LOG: Absolute length of the initial vector:    443.0 [um]
LOG: Absolute length of the NEW vector:              227.4 [um]
LOG: Absolute length of the final vector(from X-ray):     31.7 [um]
LOG: Number of irradiation points: 4
SCHEDULE_FILE: /tmp/tmp_043.sch
/bin/rm -f /tmp/tmp_043.sch
START SERIAL of this vector 1420
END   SERIAL of this vector 1423
PHI= 139.0 CROSS:    345.44466    -84.10000    747.72412
PHI= 139.1 CROSS:    284.39354    -84.10000    785.61355
PHI= 139.2 CROSS:    223.34241    -84.10000    823.50297
PHI= 139.3 CROSS:    162.29129    -84.10000    861.39240
Total points: 824
LOG: StartPhi of this vector=139.4
LOG: Absolute length of the initial vector:    442.9 [um]
LOG: Absolute length of the NEW vector:              216.1 [um]
LOG: Absolute length of the final vector(from X-ray):     28.6 [um]
This vector cannot be used because the length is too short.
LOG: StartPhi of this vector=139.4
LOG: Absolute length of the initial vector:    442.8 [um]
LOG: Absolute length of the NEW vector:              216.0 [um]
LOG: Absolute length of the final vector(from X-ray):     28.6 [um]
This vector cannot be used because the length is too short.
LOG: StartPhi of this vector=139.4
LOG: Absolute length of the initial vector:    433.7 [um]
LOG: Absolute length of the NEW vector:              206.9 [um]
LOG: Absolute length of the final vector(from X-ray):     27.4 [um]
This vector cannot be used because the length is too short.
LOG: StartPhi of this vector=139.4
LOG: Absolute length of the initial vector:    343.3 [um]
LOG: Absolute length of the NEW vector:              116.5 [um]
LOG: Absolute length of the final vector(from X-ray):     15.4 [um]
This vector cannot be used because the length is too short.
LOG: StartPhi of this vector=139.4
LOG: Absolute length of the initial vector:    253.0 [um]
LOG: Absolute length of the NEW vector:               26.2 [um]
LOG: Absolute length of the final vector(from X-ray):      3.5 [um]
This vector cannot be used because the length is too short.
LOG: StartPhi of this vector=139.4
LOG: Absolute length of the initial vector:    162.6 [um]
LOG: Absolute length of the NEW vector:               64.2 [um]
LOG: Absolute length of the final vector(from X-ray):      8.5 [um]
This vector cannot be used because the length is too short.
LOG: StartPhi of this vector=139.4
LOG: Absolute length of the initial vector:     72.3 [um]
LOG: Absolute length of the NEW vector:              154.5 [um]
LOG: Absolute length of the final vector(from X-ray):     20.4 [um]
This vector cannot be used because the length is too short.
N points/crystal= 824
Time for this crystal= 78.6666666667 [min]
1TIME: 1.31111111111  2TIME: 2.62222222222
